Time resolution is 1 ps
Current working directory:
F:\AMD_Ultrascale_Flow\udp_10Gbps_stack\example\EAP_5P_PCIe\fpga.sim\sim_1\behav\xsim
Info: [XPM_MEMORY 20-1] MEMORY_PRIMITIVE (0) instructs Vivado Synthesis to choose the memory primitive type. Depending on their values, other XPM_MEMORY parameters may preclude the choice of certain memory primitive types. Review XPM_MEMORY documentation and parameter values to understand any limitations, or set MEMORY_PRIMITIVE to a different value. tb_udp_stack_top.u_udp_stack_top.u_eth_frame_tx.tx_udp.udp_payload.xpm_fifo_sync_inst.xpm_fifo_base_inst.gen_sdpram.xpm_memory_base_inst.config_drc
Time: 1 ps  Iteration: 0  Process: /tb_udp_stack_top/u_udp_stack_top/u_eth_frame_tx/tx_udp/udp_payload/xpm_fifo_sync_inst/xpm_fifo_base_inst/gen_sdpram.xpm_memory_base_inst/Initial302_18  Scope: tb_udp_stack_top.u_udp_stack_top.u_eth_frame_tx.tx_udp.udp_payload.xpm_fifo_sync_inst.xpm_fifo_base_inst.gen_sdpram.xpm_memory_base_inst.config_drc  File: D:/tools/xilinx2024.2/Vivado/2024.2/data/ip/xpm/xpm_memory/hdl/xpm_memory.sv Line: 514
Warning: SIM_ASSERT_CHK (1) specifies simulation message reporting, messages related to potential misuse will be reported.
Time: 1 ps  Iteration: 0  Process: /tb_udp_stack_top/u_udp_stack_top/u_eth_frame_tx/tx_udp/udp_payload/xpm_fifo_sync_inst/xpm_fifo_base_inst/Initial1559_59  Scope: tb_udp_stack_top.u_udp_stack_top.u_eth_frame_tx.tx_udp.udp_payload.xpm_fifo_sync_inst.xpm_fifo_base_inst  File: D:/tools/xilinx2024.2/Vivado/2024.2/data/ip/xpm/xpm_fifo/hdl/xpm_fifo.sv Line: 1566
Info: [XPM_MEMORY 20-1] MEMORY_PRIMITIVE (0) instructs Vivado Synthesis to choose the memory primitive type. Depending on their values, other XPM_MEMORY parameters may preclude the choice of certain memory primitive types. Review XPM_MEMORY documentation and parameter values to understand any limitations, or set MEMORY_PRIMITIVE to a different value. tb_udp_stack_top.u_udp_stack_top.u_eth_frame_tx.tx_udp.udp_checkpayload.xpm_fifo_sync_inst.xpm_fifo_base_inst.gen_sdpram.xpm_memory_base_inst.config_drc
Time: 1 ps  Iteration: 0  Process: /tb_udp_stack_top/u_udp_stack_top/u_eth_frame_tx/tx_udp/udp_checkpayload/xpm_fifo_sync_inst/xpm_fifo_base_inst/gen_sdpram.xpm_memory_base_inst/Initial302_83  Scope: tb_udp_stack_top.u_udp_stack_top.u_eth_frame_tx.tx_udp.udp_checkpayload.xpm_fifo_sync_inst.xpm_fifo_base_inst.gen_sdpram.xpm_memory_base_inst.config_drc  File: D:/tools/xilinx2024.2/Vivado/2024.2/data/ip/xpm/xpm_memory/hdl/xpm_memory.sv Line: 514
Warning: SIM_ASSERT_CHK (1) specifies simulation message reporting, messages related to potential misuse will be reported.
Time: 1 ps  Iteration: 0  Process: /tb_udp_stack_top/u_udp_stack_top/u_eth_frame_tx/tx_udp/udp_checkpayload/xpm_fifo_sync_inst/xpm_fifo_base_inst/Initial1559_124  Scope: tb_udp_stack_top.u_udp_stack_top.u_eth_frame_tx.tx_udp.udp_checkpayload.xpm_fifo_sync_inst.xpm_fifo_base_inst  File: D:/tools/xilinx2024.2/Vivado/2024.2/data/ip/xpm/xpm_fifo/hdl/xpm_fifo.sv Line: 1566
Info: [XPM_MEMORY 20-1] MEMORY_PRIMITIVE (0) instructs Vivado Synthesis to choose the memory primitive type. Depending on their values, other XPM_MEMORY parameters may preclude the choice of certain memory primitive types. Review XPM_MEMORY documentation and parameter values to understand any limitations, or set MEMORY_PRIMITIVE to a different value. tb_udp_stack_top.u_udp_stack_top.u_eth_frame_tx.tx_udp.udp_checkpacket.xpm_fifo_sync_inst.xpm_fifo_base_inst.gen_sdpram.xpm_memory_base_inst.config_drc
Time: 1 ps  Iteration: 0  Process: /tb_udp_stack_top/u_udp_stack_top/u_eth_frame_tx/tx_udp/udp_checkpacket/xpm_fifo_sync_inst/xpm_fifo_base_inst/gen_sdpram.xpm_memory_base_inst/Initial302_83  Scope: tb_udp_stack_top.u_udp_stack_top.u_eth_frame_tx.tx_udp.udp_checkpacket.xpm_fifo_sync_inst.xpm_fifo_base_inst.gen_sdpram.xpm_memory_base_inst.config_drc  File: D:/tools/xilinx2024.2/Vivado/2024.2/data/ip/xpm/xpm_memory/hdl/xpm_memory.sv Line: 514
Warning: SIM_ASSERT_CHK (1) specifies simulation message reporting, messages related to potential misuse will be reported.
Time: 1 ps  Iteration: 0  Process: /tb_udp_stack_top/u_udp_stack_top/u_eth_frame_tx/tx_udp/udp_checkpacket/xpm_fifo_sync_inst/xpm_fifo_base_inst/Initial1559_124  Scope: tb_udp_stack_top.u_udp_stack_top.u_eth_frame_tx.tx_udp.udp_checkpacket.xpm_fifo_sync_inst.xpm_fifo_base_inst  File: D:/tools/xilinx2024.2/Vivado/2024.2/data/ip/xpm/xpm_fifo/hdl/xpm_fifo.sv Line: 1566
Info: [XPM_MEMORY 20-1] MEMORY_PRIMITIVE (0) instructs Vivado Synthesis to choose the memory primitive type. Depending on their values, other XPM_MEMORY parameters may preclude the choice of certain memory primitive types. Review XPM_MEMORY documentation and parameter values to understand any limitations, or set MEMORY_PRIMITIVE to a different value. tb_udp_stack_top.u_udp_stack_top.u_eth_frame_tx.tx_ip.ip_stream_inst.stream_data_fifo.xpm_fifo_sync_inst.xpm_fifo_base_inst.gen_sdpram.xpm_memory_base_inst.config_drc
Time: 1 ps  Iteration: 0  Process: /tb_udp_stack_top/u_udp_stack_top/u_eth_frame_tx/tx_ip/ip_stream_inst/stream_data_fifo/xpm_fifo_sync_inst/xpm_fifo_base_inst/gen_sdpram.xpm_memory_base_inst/Initial302_18  Scope: tb_udp_stack_top.u_udp_stack_top.u_eth_frame_tx.tx_ip.ip_stream_inst.stream_data_fifo.xpm_fifo_sync_inst.xpm_fifo_base_inst.gen_sdpram.xpm_memory_base_inst.config_drc  File: D:/tools/xilinx2024.2/Vivado/2024.2/data/ip/xpm/xpm_memory/hdl/xpm_memory.sv Line: 514
Warning: SIM_ASSERT_CHK (1) specifies simulation message reporting, messages related to potential misuse will be reported.
Time: 1 ps  Iteration: 0  Process: /tb_udp_stack_top/u_udp_stack_top/u_eth_frame_tx/tx_ip/ip_stream_inst/stream_data_fifo/xpm_fifo_sync_inst/xpm_fifo_base_inst/Initial1559_59  Scope: tb_udp_stack_top.u_udp_stack_top.u_eth_frame_tx.tx_ip.ip_stream_inst.stream_data_fifo.xpm_fifo_sync_inst.xpm_fifo_base_inst  File: D:/tools/xilinx2024.2/Vivado/2024.2/data/ip/xpm/xpm_fifo/hdl/xpm_fifo.sv Line: 1566
Info: [XPM_MEMORY 20-1] MEMORY_PRIMITIVE (0) instructs Vivado Synthesis to choose the memory primitive type. Depending on their values, other XPM_MEMORY parameters may preclude the choice of certain memory primitive types. Review XPM_MEMORY documentation and parameter values to understand any limitations, or set MEMORY_PRIMITIVE to a different value. tb_udp_stack_top.u_udp_stack_top.u_eth_frame_tx.tx_ip.ip_stream_inst.genblk1.stream_byte_fifo.xpm_fifo_sync_inst.xpm_fifo_base_inst.gen_sdpram.xpm_memory_base_inst.config_drc
Time: 1 ps  Iteration: 0  Process: /tb_udp_stack_top/u_udp_stack_top/u_eth_frame_tx/tx_ip/ip_stream_inst/genblk1.stream_byte_fifo/xpm_fifo_sync_inst/xpm_fifo_base_inst/gen_sdpram.xpm_memory_base_inst/Initial302_284  Scope: tb_udp_stack_top.u_udp_stack_top.u_eth_frame_tx.tx_ip.ip_stream_inst.genblk1.stream_byte_fifo.xpm_fifo_sync_inst.xpm_fifo_base_inst.gen_sdpram.xpm_memory_base_inst.config_drc  File: D:/tools/xilinx2024.2/Vivado/2024.2/data/ip/xpm/xpm_memory/hdl/xpm_memory.sv Line: 514
Warning: SIM_ASSERT_CHK (1) specifies simulation message reporting, messages related to potential misuse will be reported.
Time: 1 ps  Iteration: 0  Process: /tb_udp_stack_top/u_udp_stack_top/u_eth_frame_tx/tx_ip/ip_stream_inst/genblk1.stream_byte_fifo/xpm_fifo_sync_inst/xpm_fifo_base_inst/Initial1559_325  Scope: tb_udp_stack_top.u_udp_stack_top.u_eth_frame_tx.tx_ip.ip_stream_inst.genblk1.stream_byte_fifo.xpm_fifo_sync_inst.xpm_fifo_base_inst  File: D:/tools/xilinx2024.2/Vivado/2024.2/data/ip/xpm/xpm_fifo/hdl/xpm_fifo.sv Line: 1566
Info: [XPM_MEMORY 20-1] MEMORY_PRIMITIVE (0) instructs Vivado Synthesis to choose the memory primitive type. Depending on their values, other XPM_MEMORY parameters may preclude the choice of certain memory primitive types. Review XPM_MEMORY documentation and parameter values to understand any limitations, or set MEMORY_PRIMITIVE to a different value. tb_udp_stack_top.u_udp_stack_top.u_eth_frame_tx.tx_ip.ip_head.xpm_fifo_sync_inst.xpm_fifo_base_inst.gen_sdpram.xpm_memory_base_inst.config_drc
Time: 1 ps  Iteration: 0  Process: /tb_udp_stack_top/u_udp_stack_top/u_eth_frame_tx/tx_ip/ip_head/xpm_fifo_sync_inst/xpm_fifo_base_inst/gen_sdpram.xpm_memory_base_inst/Initial302_353  Scope: tb_udp_stack_top.u_udp_stack_top.u_eth_frame_tx.tx_ip.ip_head.xpm_fifo_sync_inst.xpm_fifo_base_inst.gen_sdpram.xpm_memory_base_inst.config_drc  File: D:/tools/xilinx2024.2/Vivado/2024.2/data/ip/xpm/xpm_memory/hdl/xpm_memory.sv Line: 514
Warning: SIM_ASSERT_CHK (1) specifies simulation message reporting, messages related to potential misuse will be reported.
Time: 1 ps  Iteration: 0  Process: /tb_udp_stack_top/u_udp_stack_top/u_eth_frame_tx/tx_ip/ip_head/xpm_fifo_sync_inst/xpm_fifo_base_inst/Initial1559_394  Scope: tb_udp_stack_top.u_udp_stack_top.u_eth_frame_tx.tx_ip.ip_head.xpm_fifo_sync_inst.xpm_fifo_base_inst  File: D:/tools/xilinx2024.2/Vivado/2024.2/data/ip/xpm/xpm_fifo/hdl/xpm_fifo.sv Line: 1566
Info: [XPM_MEMORY 20-1] MEMORY_PRIMITIVE (0) instructs Vivado Synthesis to choose the memory primitive type. Depending on their values, other XPM_MEMORY parameters may preclude the choice of certain memory primitive types. Review XPM_MEMORY documentation and parameter values to understand any limitations, or set MEMORY_PRIMITIVE to a different value. tb_udp_stack_top.u_udp_stack_top.u_eth_frame_tx.tx_ip.ip_send.xpm_fifo_sync_inst.xpm_fifo_base_inst.gen_sdpram.xpm_memory_base_inst.config_drc
Time: 1 ps  Iteration: 0  Process: /tb_udp_stack_top/u_udp_stack_top/u_eth_frame_tx/tx_ip/ip_send/xpm_fifo_sync_inst/xpm_fifo_base_inst/gen_sdpram.xpm_memory_base_inst/Initial302_18  Scope: tb_udp_stack_top.u_udp_stack_top.u_eth_frame_tx.tx_ip.ip_send.xpm_fifo_sync_inst.xpm_fifo_base_inst.gen_sdpram.xpm_memory_base_inst.config_drc  File: D:/tools/xilinx2024.2/Vivado/2024.2/data/ip/xpm/xpm_memory/hdl/xpm_memory.sv Line: 514
Warning: SIM_ASSERT_CHK (1) specifies simulation message reporting, messages related to potential misuse will be reported.
Time: 1 ps  Iteration: 0  Process: /tb_udp_stack_top/u_udp_stack_top/u_eth_frame_tx/tx_ip/ip_send/xpm_fifo_sync_inst/xpm_fifo_base_inst/Initial1559_59  Scope: tb_udp_stack_top.u_udp_stack_top.u_eth_frame_tx.tx_ip.ip_send.xpm_fifo_sync_inst.xpm_fifo_base_inst  File: D:/tools/xilinx2024.2/Vivado/2024.2/data/ip/xpm/xpm_fifo/hdl/xpm_fifo.sv Line: 1566
Info: [XPM_MEMORY 20-1] MEMORY_PRIMITIVE (0) instructs Vivado Synthesis to choose the memory primitive type. Depending on their values, other XPM_MEMORY parameters may preclude the choice of certain memory primitive types. Review XPM_MEMORY documentation and parameter values to understand any limitations, or set MEMORY_PRIMITIVE to a different value. tb_udp_stack_top.u_udp_stack_top.u_eth_frame_tx.tx_mac.u_eth_axis_fifo.stream_data_fifo.xpm_fifo_sync_inst.xpm_fifo_base_inst.gen_sdpram.xpm_memory_base_inst.config_drc
Time: 1 ps  Iteration: 0  Process: /tb_udp_stack_top/u_udp_stack_top/u_eth_frame_tx/tx_mac/u_eth_axis_fifo/stream_data_fifo/xpm_fifo_sync_inst/xpm_fifo_base_inst/gen_sdpram.xpm_memory_base_inst/Initial302_18  Scope: tb_udp_stack_top.u_udp_stack_top.u_eth_frame_tx.tx_mac.u_eth_axis_fifo.stream_data_fifo.xpm_fifo_sync_inst.xpm_fifo_base_inst.gen_sdpram.xpm_memory_base_inst.config_drc  File: D:/tools/xilinx2024.2/Vivado/2024.2/data/ip/xpm/xpm_memory/hdl/xpm_memory.sv Line: 514
Warning: SIM_ASSERT_CHK (1) specifies simulation message reporting, messages related to potential misuse will be reported.
Time: 1 ps  Iteration: 0  Process: /tb_udp_stack_top/u_udp_stack_top/u_eth_frame_tx/tx_mac/u_eth_axis_fifo/stream_data_fifo/xpm_fifo_sync_inst/xpm_fifo_base_inst/Initial1559_59  Scope: tb_udp_stack_top.u_udp_stack_top.u_eth_frame_tx.tx_mac.u_eth_axis_fifo.stream_data_fifo.xpm_fifo_sync_inst.xpm_fifo_base_inst  File: D:/tools/xilinx2024.2/Vivado/2024.2/data/ip/xpm/xpm_fifo/hdl/xpm_fifo.sv Line: 1566
Info: [XPM_MEMORY 20-1] MEMORY_PRIMITIVE (0) instructs Vivado Synthesis to choose the memory primitive type. Depending on their values, other XPM_MEMORY parameters may preclude the choice of certain memory primitive types. Review XPM_MEMORY documentation and parameter values to understand any limitations, or set MEMORY_PRIMITIVE to a different value. tb_udp_stack_top.u_udp_stack_top.u_eth_frame_tx.tx_mac.u_eth_axis_fifo.genblk1.stream_byte_fifo.xpm_fifo_sync_inst.xpm_fifo_base_inst.gen_sdpram.xpm_memory_base_inst.config_drc
Time: 1 ps  Iteration: 0  Process: /tb_udp_stack_top/u_udp_stack_top/u_eth_frame_tx/tx_mac/u_eth_axis_fifo/genblk1.stream_byte_fifo/xpm_fifo_sync_inst/xpm_fifo_base_inst/gen_sdpram.xpm_memory_base_inst/Initial302_568  Scope: tb_udp_stack_top.u_udp_stack_top.u_eth_frame_tx.tx_mac.u_eth_axis_fifo.genblk1.stream_byte_fifo.xpm_fifo_sync_inst.xpm_fifo_base_inst.gen_sdpram.xpm_memory_base_inst.config_drc  File: D:/tools/xilinx2024.2/Vivado/2024.2/data/ip/xpm/xpm_memory/hdl/xpm_memory.sv Line: 514
Warning: SIM_ASSERT_CHK (1) specifies simulation message reporting, messages related to potential misuse will be reported.
Time: 1 ps  Iteration: 0  Process: /tb_udp_stack_top/u_udp_stack_top/u_eth_frame_tx/tx_mac/u_eth_axis_fifo/genblk1.stream_byte_fifo/xpm_fifo_sync_inst/xpm_fifo_base_inst/Initial1559_609  Scope: tb_udp_stack_top.u_udp_stack_top.u_eth_frame_tx.tx_mac.u_eth_axis_fifo.genblk1.stream_byte_fifo.xpm_fifo_sync_inst.xpm_fifo_base_inst  File: D:/tools/xilinx2024.2/Vivado/2024.2/data/ip/xpm/xpm_fifo/hdl/xpm_fifo.sv Line: 1566
Info: [XPM_MEMORY 20-1] MEMORY_PRIMITIVE (0) instructs Vivado Synthesis to choose the memory primitive type. Depending on their values, other XPM_MEMORY parameters may preclude the choice of certain memory primitive types. Review XPM_MEMORY documentation and parameter values to understand any limitations, or set MEMORY_PRIMITIVE to a different value. tb_udp_stack_top.u_udp_stack_top.u_eth_frame_tx.tx_mac.mac_send.xpm_fifo_sync_inst.xpm_fifo_base_inst.gen_sdpram.xpm_memory_base_inst.config_drc
Time: 1 ps  Iteration: 0  Process: /tb_udp_stack_top/u_udp_stack_top/u_eth_frame_tx/tx_mac/mac_send/xpm_fifo_sync_inst/xpm_fifo_base_inst/gen_sdpram.xpm_memory_base_inst/Initial302_18  Scope: tb_udp_stack_top.u_udp_stack_top.u_eth_frame_tx.tx_mac.mac_send.xpm_fifo_sync_inst.xpm_fifo_base_inst.gen_sdpram.xpm_memory_base_inst.config_drc  File: D:/tools/xilinx2024.2/Vivado/2024.2/data/ip/xpm/xpm_memory/hdl/xpm_memory.sv Line: 514
Warning: SIM_ASSERT_CHK (1) specifies simulation message reporting, messages related to potential misuse will be reported.
Time: 1 ps  Iteration: 0  Process: /tb_udp_stack_top/u_udp_stack_top/u_eth_frame_tx/tx_mac/mac_send/xpm_fifo_sync_inst/xpm_fifo_base_inst/Initial1559_59  Scope: tb_udp_stack_top.u_udp_stack_top.u_eth_frame_tx.tx_mac.mac_send.xpm_fifo_sync_inst.xpm_fifo_base_inst  File: D:/tools/xilinx2024.2/Vivado/2024.2/data/ip/xpm/xpm_fifo/hdl/xpm_fifo.sv Line: 1566
Info: [XPM_MEMORY 20-1] MEMORY_PRIMITIVE (0) instructs Vivado Synthesis to choose the memory primitive type. Depending on their values, other XPM_MEMORY parameters may preclude the choice of certain memory primitive types. Review XPM_MEMORY documentation and parameter values to understand any limitations, or set MEMORY_PRIMITIVE to a different value. tb_udp_stack_top.u_udp_stack_top.u_eth_frame_rx.udp_rx.udp_length_fifo.xpm_fifo_sync_inst.xpm_fifo_base_inst.gen_sdpram.xpm_memory_base_inst.config_drc
Time: 1 ps  Iteration: 0  Process: /tb_udp_stack_top/u_udp_stack_top/u_eth_frame_rx/udp_rx/udp_length_fifo/xpm_fifo_sync_inst/xpm_fifo_base_inst/gen_sdpram.xpm_memory_base_inst/Initial302_759  Scope: tb_udp_stack_top.u_udp_stack_top.u_eth_frame_rx.udp_rx.udp_length_fifo.xpm_fifo_sync_inst.xpm_fifo_base_inst.gen_sdpram.xpm_memory_base_inst.config_drc  File: D:/tools/xilinx2024.2/Vivado/2024.2/data/ip/xpm/xpm_memory/hdl/xpm_memory.sv Line: 514
Warning: SIM_ASSERT_CHK (1) specifies simulation message reporting, messages related to potential misuse will be reported.
Time: 1 ps  Iteration: 0  Process: /tb_udp_stack_top/u_udp_stack_top/u_eth_frame_rx/udp_rx/udp_length_fifo/xpm_fifo_sync_inst/xpm_fifo_base_inst/Initial1559_800  Scope: tb_udp_stack_top.u_udp_stack_top.u_eth_frame_rx.udp_rx.udp_length_fifo.xpm_fifo_sync_inst.xpm_fifo_base_inst  File: D:/tools/xilinx2024.2/Vivado/2024.2/data/ip/xpm/xpm_fifo/hdl/xpm_fifo.sv Line: 1566
Info: [XPM_MEMORY 20-1] MEMORY_PRIMITIVE (0) instructs Vivado Synthesis to choose the memory primitive type. Depending on their values, other XPM_MEMORY parameters may preclude the choice of certain memory primitive types. Review XPM_MEMORY documentation and parameter values to understand any limitations, or set MEMORY_PRIMITIVE to a different value. tb_udp_stack_top.u_udp_stack_top.u_eth_frame_rx.udp_rx.udp_data_fifo.xpm_fifo_sync_inst.xpm_fifo_base_inst.gen_sdpram.xpm_memory_base_inst.config_drc
Time: 1 ps  Iteration: 0  Process: /tb_udp_stack_top/u_udp_stack_top/u_eth_frame_rx/udp_rx/udp_data_fifo/xpm_fifo_sync_inst/xpm_fifo_base_inst/gen_sdpram.xpm_memory_base_inst/Initial302_822  Scope: tb_udp_stack_top.u_udp_stack_top.u_eth_frame_rx.udp_rx.udp_data_fifo.xpm_fifo_sync_inst.xpm_fifo_base_inst.gen_sdpram.xpm_memory_base_inst.config_drc  File: D:/tools/xilinx2024.2/Vivado/2024.2/data/ip/xpm/xpm_memory/hdl/xpm_memory.sv Line: 514
Warning: SIM_ASSERT_CHK (1) specifies simulation message reporting, messages related to potential misuse will be reported.
Time: 1 ps  Iteration: 0  Process: /tb_udp_stack_top/u_udp_stack_top/u_eth_frame_rx/udp_rx/udp_data_fifo/xpm_fifo_sync_inst/xpm_fifo_base_inst/Initial1559_863  Scope: tb_udp_stack_top.u_udp_stack_top.u_eth_frame_rx.udp_rx.udp_data_fifo.xpm_fifo_sync_inst.xpm_fifo_base_inst  File: D:/tools/xilinx2024.2/Vivado/2024.2/data/ip/xpm/xpm_fifo/hdl/xpm_fifo.sv Line: 1566
Info: [XPM_MEMORY 20-1] MEMORY_PRIMITIVE (0) instructs Vivado Synthesis to choose the memory primitive type. Depending on their values, other XPM_MEMORY parameters may preclude the choice of certain memory primitive types. Review XPM_MEMORY documentation and parameter values to understand any limitations, or set MEMORY_PRIMITIVE to a different value. tb_udp_stack_top.u_udp_stack_top.u_us_icmp_reply.icmp_payload.xpm_fifo_sync_inst.xpm_fifo_base_inst.gen_sdpram.xpm_memory_base_inst.config_drc
Time: 1 ps  Iteration: 0  Process: /tb_udp_stack_top/u_udp_stack_top/u_us_icmp_reply/icmp_payload/xpm_fifo_sync_inst/xpm_fifo_base_inst/gen_sdpram.xpm_memory_base_inst/Initial302_18  Scope: tb_udp_stack_top.u_udp_stack_top.u_us_icmp_reply.icmp_payload.xpm_fifo_sync_inst.xpm_fifo_base_inst.gen_sdpram.xpm_memory_base_inst.config_drc  File: D:/tools/xilinx2024.2/Vivado/2024.2/data/ip/xpm/xpm_memory/hdl/xpm_memory.sv Line: 514
Warning: SIM_ASSERT_CHK (1) specifies simulation message reporting, messages related to potential misuse will be reported.
Time: 1 ps  Iteration: 0  Process: /tb_udp_stack_top/u_udp_stack_top/u_us_icmp_reply/icmp_payload/xpm_fifo_sync_inst/xpm_fifo_base_inst/Initial1559_59  Scope: tb_udp_stack_top.u_udp_stack_top.u_us_icmp_reply.icmp_payload.xpm_fifo_sync_inst.xpm_fifo_base_inst  File: D:/tools/xilinx2024.2/Vivado/2024.2/data/ip/xpm/xpm_fifo/hdl/xpm_fifo.sv Line: 1566
WARNING: Insufficient data from the input file for $fread
WARNING: Insufficient data from the input file for $fread
WARNING: Insufficient data from the input file for $fread
WARNING: Insufficient data from the input file for $fread
WARNING: Insufficient data from the input file for $fread
WARNING: Insufficient data from the input file for $fread
WARNING: Insufficient data from the input file for $fread
WARNING: Insufficient data from the input file for $fread
WARNING: Insufficient data from the input file for $fread
WARNING: Insufficient data from the input file for $fread
WARNING: Insufficient data from the input file for $fread
WARNING: Insufficient data from the input file for $fread
WARNING: Insufficient data from the input file for $fread
WARNING: Insufficient data from the input file for $fread
WARNING: Insufficient data from the input file for $fread
WARNING: Insufficient data from the input file for $fread
WARNING: Insufficient data from the input file for $fread
WARNING: Insufficient data from the input file for $fread
WARNING: Insufficient data from the input file for $fread
WARNING: Insufficient data from the input file for $fread
WARNING: Insufficient data from the input file for $fread
WARNING: Insufficient data from the input file for $fread
WARNING: Insufficient data from the input file for $fread
WARNING: Insufficient data from the input file for $fread
WARNING: Insufficient data from the input file for $fread
WARNING: Insufficient data from the input file for $fread
WARNING: Insufficient data from the input file for $fread
WARNING: Insufficient data from the input file for $fread
WARNING: Insufficient data from the input file for $fread
WARNING: Insufficient data from the input file for $fread
WARNING: Insufficient data from the input file for $fread
WARNING: Insufficient data from the input file for $fread
WARNING: Insufficient data from the input file for $fread
WARNING: Insufficient data from the input file for $fread
WARNING: Insufficient data from the input file for $fread
WARNING: Insufficient data from the input file for $fread
WARNING: Insufficient data from the input file for $fread
WARNING: Insufficient data from the input file for $fread
WARNING: Insufficient data from the input file for $fread
WARNING: Insufficient data from the input file for $fread
WARNING: Insufficient data from the input file for $fread
WARNING: Insufficient data from the input file for $fread
WARNING: Insufficient data from the input file for $fread
WARNING: Insufficient data from the input file for $fread
WARNING: Insufficient data from the input file for $fread
WARNING: Insufficient data from the input file for $fread
WARNING: Insufficient data from the input file for $fread
WARNING: Insufficient data from the input file for $fread
WARNING: Insufficient data from the input file for $fread
WARNING: Insufficient data from the input file for $fread
WARNING: Insufficient data from the input file for $fread
WARNING: Insufficient data from the input file for $fread
WARNING: Insufficient data from the input file for $fread
WARNING: Insufficient data from the input file for $fread
WARNING: Insufficient data from the input file for $fread
WARNING: Insufficient data from the input file for $fread
WARNING: Insufficient data from the input file for $fread
WARNING: Insufficient data from the input file for $fread
WARNING: Insufficient data from the input file for $fread
WARNING: Insufficient data from the input file for $fread
WARNING: Insufficient data from the input file for $fread
WARNING: Insufficient data from the input file for $fread
WARNING: Insufficient data from the input file for $fread
WARNING: Insufficient data from the input file for $fread
WARNING: Insufficient data from the input file for $fread
WARNING: Insufficient data from the input file for $fread
WARNING: Insufficient data from the input file for $fread
WARNING: Insufficient data from the input file for $fread
WARNING: Insufficient data from the input file for $fread
WARNING: Insufficient data from the input file for $fread
WARNING: Insufficient data from the input file for $fread
WARNING: Insufficient data from the input file for $fread
WARNING: Insufficient data from the input file for $fread
WARNING: Insufficient data from the input file for $fread
WARNING: Insufficient data from the input file for $fread
WARNING: Insufficient data from the input file for $fread
WARNING: Insufficient data from the input file for $fread
WARNING: Insufficient data from the input file for $fread
WARNING: Insufficient data from the input file for $fread
WARNING: Insufficient data from the input file for $fread
WARNING: Insufficient data from the input file for $fread
WARNING: Insufficient data from the input file for $fread
WARNING: Insufficient data from the input file for $fread
WARNING: Insufficient data from the input file for $fread
WARNING: Insufficient data from the input file for $fread
WARNING: Insufficient data from the input file for $fread
WARNING: Insufficient data from the input file for $fread
WARNING: Insufficient data from the input file for $fread
WARNING: Insufficient data from the input file for $fread
WARNING: Insufficient data from the input file for $fread
WARNING: Insufficient data from the input file for $fread
WARNING: Insufficient data from the input file for $fread
WARNING: Insufficient data from the input file for $fread
WARNING: Insufficient data from the input file for $fread
WARNING: Insufficient data from the input file for $fread
WARNING: Insufficient data from the input file for $fread
WARNING: Insufficient data from the input file for $fread
WARNING: Insufficient data from the input file for $fread
WARNING: Insufficient data from the input file for $fread
WARNING: Insufficient data from the input file for $fread
WARNING: Insufficient data from the input file for $fread
WARNING: Insufficient data from the input file for $fread
WARNING: Insufficient data from the input file for $fread
WARNING: Insufficient data from the input file for $fread
WARNING: Insufficient data from the input file for $fread
WARNING: Insufficient data from the input file for $fread
WARNING: Insufficient data from the input file for $fread
WARNING: Insufficient data from the input file for $fread
WARNING: Insufficient data from the input file for $fread
All UDP frames sent.
mac-tx-data.bin written successfully.
