Time resolution is 1 ps
Current working directory:
E:\AMD_Ultrascale_Flow\udp_10Gbps_stack\example\EAP_5P_PCIe\fpga_udp\fpga_udp.sim\sim_1\behav\xsim
Info: [XPM_MEMORY 20-1] MEMORY_PRIMITIVE (0) instructs Vivado Synthesis to choose the memory primitive type. Depending on their values, other XPM_MEMORY parameters may preclude the choice of certain memory primitive types. Review XPM_MEMORY documentation and parameter values to understand any limitations, or set MEMORY_PRIMITIVE to a different value. tb_udp_stack_top.u_udp_stack_top.u_eth_frame_tx.tx_udp.udp_payload.xpm_fifo_sync_inst.xpm_fifo_base_inst.\gen_sdpram.xpm_memory_base_inst .config_drc
Time: 1 ps  Iteration: 0  Process: /tb_udp_stack_top/u_udp_stack_top/u_eth_frame_tx/tx_udp/udp_payload/xpm_fifo_sync_inst/xpm_fifo_base_inst/gen_sdpram.xpm_memory_base_inst/Initial299_18  Scope: tb_udp_stack_top.u_udp_stack_top.u_eth_frame_tx.tx_udp.udp_payload.xpm_fifo_sync_inst.xpm_fifo_base_inst.\gen_sdpram.xpm_memory_base_inst .config_drc  File: E:/tools/Vivado/2022.2/data/ip/xpm/xpm_memory/hdl/xpm_memory.sv Line: 493
Warning: SIM_ASSERT_CHK (1) specifies simulation message reporting, messages related to potential misuse will be reported.
Time: 1 ps  Iteration: 0  Process: /tb_udp_stack_top/u_udp_stack_top/u_eth_frame_tx/tx_udp/udp_payload/xpm_fifo_sync_inst/xpm_fifo_base_inst/Initial1546_59  Scope: tb_udp_stack_top.u_udp_stack_top.u_eth_frame_tx.tx_udp.udp_payload.xpm_fifo_sync_inst.xpm_fifo_base_inst  File: E:/tools/Vivado/2022.2/data/ip/xpm/xpm_fifo/hdl/xpm_fifo.sv Line: 1553
Info: [XPM_MEMORY 20-1] MEMORY_PRIMITIVE (0) instructs Vivado Synthesis to choose the memory primitive type. Depending on their values, other XPM_MEMORY parameters may preclude the choice of certain memory primitive types. Review XPM_MEMORY documentation and parameter values to understand any limitations, or set MEMORY_PRIMITIVE to a different value. tb_udp_stack_top.u_udp_stack_top.u_eth_frame_tx.tx_udp.udp_checkpayload.xpm_fifo_sync_inst.xpm_fifo_base_inst.\gen_sdpram.xpm_memory_base_inst .config_drc
Time: 1 ps  Iteration: 0  Process: /tb_udp_stack_top/u_udp_stack_top/u_eth_frame_tx/tx_udp/udp_checkpayload/xpm_fifo_sync_inst/xpm_fifo_base_inst/gen_sdpram.xpm_memory_base_inst/Initial299_86  Scope: tb_udp_stack_top.u_udp_stack_top.u_eth_frame_tx.tx_udp.udp_checkpayload.xpm_fifo_sync_inst.xpm_fifo_base_inst.\gen_sdpram.xpm_memory_base_inst .config_drc  File: E:/tools/Vivado/2022.2/data/ip/xpm/xpm_memory/hdl/xpm_memory.sv Line: 493
Warning: SIM_ASSERT_CHK (1) specifies simulation message reporting, messages related to potential misuse will be reported.
Time: 1 ps  Iteration: 0  Process: /tb_udp_stack_top/u_udp_stack_top/u_eth_frame_tx/tx_udp/udp_checkpayload/xpm_fifo_sync_inst/xpm_fifo_base_inst/Initial1546_127  Scope: tb_udp_stack_top.u_udp_stack_top.u_eth_frame_tx.tx_udp.udp_checkpayload.xpm_fifo_sync_inst.xpm_fifo_base_inst  File: E:/tools/Vivado/2022.2/data/ip/xpm/xpm_fifo/hdl/xpm_fifo.sv Line: 1553
Info: [XPM_MEMORY 20-1] MEMORY_PRIMITIVE (0) instructs Vivado Synthesis to choose the memory primitive type. Depending on their values, other XPM_MEMORY parameters may preclude the choice of certain memory primitive types. Review XPM_MEMORY documentation and parameter values to understand any limitations, or set MEMORY_PRIMITIVE to a different value. tb_udp_stack_top.u_udp_stack_top.u_eth_frame_tx.tx_udp.udp_checkpacket.xpm_fifo_sync_inst.xpm_fifo_base_inst.\gen_sdpram.xpm_memory_base_inst .config_drc
Time: 1 ps  Iteration: 0  Process: /tb_udp_stack_top/u_udp_stack_top/u_eth_frame_tx/tx_udp/udp_checkpacket/xpm_fifo_sync_inst/xpm_fifo_base_inst/gen_sdpram.xpm_memory_base_inst/Initial299_86  Scope: tb_udp_stack_top.u_udp_stack_top.u_eth_frame_tx.tx_udp.udp_checkpacket.xpm_fifo_sync_inst.xpm_fifo_base_inst.\gen_sdpram.xpm_memory_base_inst .config_drc  File: E:/tools/Vivado/2022.2/data/ip/xpm/xpm_memory/hdl/xpm_memory.sv Line: 493
Warning: SIM_ASSERT_CHK (1) specifies simulation message reporting, messages related to potential misuse will be reported.
Time: 1 ps  Iteration: 0  Process: /tb_udp_stack_top/u_udp_stack_top/u_eth_frame_tx/tx_udp/udp_checkpacket/xpm_fifo_sync_inst/xpm_fifo_base_inst/Initial1546_127  Scope: tb_udp_stack_top.u_udp_stack_top.u_eth_frame_tx.tx_udp.udp_checkpacket.xpm_fifo_sync_inst.xpm_fifo_base_inst  File: E:/tools/Vivado/2022.2/data/ip/xpm/xpm_fifo/hdl/xpm_fifo.sv Line: 1553
Info: [XPM_MEMORY 20-1] MEMORY_PRIMITIVE (0) instructs Vivado Synthesis to choose the memory primitive type. Depending on their values, other XPM_MEMORY parameters may preclude the choice of certain memory primitive types. Review XPM_MEMORY documentation and parameter values to understand any limitations, or set MEMORY_PRIMITIVE to a different value. tb_udp_stack_top.u_udp_stack_top.u_eth_frame_tx.tx_ip.ip_stream_inst.stream_data_fifo.xpm_fifo_sync_inst.xpm_fifo_base_inst.\gen_sdpram.xpm_memory_base_inst .config_drc
Time: 1 ps  Iteration: 0  Process: /tb_udp_stack_top/u_udp_stack_top/u_eth_frame_tx/tx_ip/ip_stream_inst/stream_data_fifo/xpm_fifo_sync_inst/xpm_fifo_base_inst/gen_sdpram.xpm_memory_base_inst/Initial299_18  Scope: tb_udp_stack_top.u_udp_stack_top.u_eth_frame_tx.tx_ip.ip_stream_inst.stream_data_fifo.xpm_fifo_sync_inst.xpm_fifo_base_inst.\gen_sdpram.xpm_memory_base_inst .config_drc  File: E:/tools/Vivado/2022.2/data/ip/xpm/xpm_memory/hdl/xpm_memory.sv Line: 493
Warning: SIM_ASSERT_CHK (1) specifies simulation message reporting, messages related to potential misuse will be reported.
Time: 1 ps  Iteration: 0  Process: /tb_udp_stack_top/u_udp_stack_top/u_eth_frame_tx/tx_ip/ip_stream_inst/stream_data_fifo/xpm_fifo_sync_inst/xpm_fifo_base_inst/Initial1546_59  Scope: tb_udp_stack_top.u_udp_stack_top.u_eth_frame_tx.tx_ip.ip_stream_inst.stream_data_fifo.xpm_fifo_sync_inst.xpm_fifo_base_inst  File: E:/tools/Vivado/2022.2/data/ip/xpm/xpm_fifo/hdl/xpm_fifo.sv Line: 1553
Info: [XPM_MEMORY 20-1] MEMORY_PRIMITIVE (0) instructs Vivado Synthesis to choose the memory primitive type. Depending on their values, other XPM_MEMORY parameters may preclude the choice of certain memory primitive types. Review XPM_MEMORY documentation and parameter values to understand any limitations, or set MEMORY_PRIMITIVE to a different value. tb_udp_stack_top.u_udp_stack_top.u_eth_frame_tx.tx_ip.ip_stream_inst.\genblk1.stream_byte_fifo .xpm_fifo_sync_inst.xpm_fifo_base_inst.\gen_sdpram.xpm_memory_base_inst .config_drc
Time: 1 ps  Iteration: 0  Process: /tb_udp_stack_top/u_udp_stack_top/u_eth_frame_tx/tx_ip/ip_stream_inst/genblk1.stream_byte_fifo/xpm_fifo_sync_inst/xpm_fifo_base_inst/gen_sdpram.xpm_memory_base_inst/Initial299_296  Scope: tb_udp_stack_top.u_udp_stack_top.u_eth_frame_tx.tx_ip.ip_stream_inst.\genblk1.stream_byte_fifo .xpm_fifo_sync_inst.xpm_fifo_base_inst.\gen_sdpram.xpm_memory_base_inst .config_drc  File: E:/tools/Vivado/2022.2/data/ip/xpm/xpm_memory/hdl/xpm_memory.sv Line: 493
Warning: SIM_ASSERT_CHK (1) specifies simulation message reporting, messages related to potential misuse will be reported.
Time: 1 ps  Iteration: 0  Process: /tb_udp_stack_top/u_udp_stack_top/u_eth_frame_tx/tx_ip/ip_stream_inst/genblk1.stream_byte_fifo/xpm_fifo_sync_inst/xpm_fifo_base_inst/Initial1546_337  Scope: tb_udp_stack_top.u_udp_stack_top.u_eth_frame_tx.tx_ip.ip_stream_inst.\genblk1.stream_byte_fifo .xpm_fifo_sync_inst.xpm_fifo_base_inst  File: E:/tools/Vivado/2022.2/data/ip/xpm/xpm_fifo/hdl/xpm_fifo.sv Line: 1553
Info: [XPM_MEMORY 20-1] MEMORY_PRIMITIVE (0) instructs Vivado Synthesis to choose the memory primitive type. Depending on their values, other XPM_MEMORY parameters may preclude the choice of certain memory primitive types. Review XPM_MEMORY documentation and parameter values to understand any limitations, or set MEMORY_PRIMITIVE to a different value. tb_udp_stack_top.u_udp_stack_top.u_eth_frame_tx.tx_ip.ip_head.xpm_fifo_sync_inst.xpm_fifo_base_inst.\gen_sdpram.xpm_memory_base_inst .config_drc
Time: 1 ps  Iteration: 0  Process: /tb_udp_stack_top/u_udp_stack_top/u_eth_frame_tx/tx_ip/ip_head/xpm_fifo_sync_inst/xpm_fifo_base_inst/gen_sdpram.xpm_memory_base_inst/Initial299_368  Scope: tb_udp_stack_top.u_udp_stack_top.u_eth_frame_tx.tx_ip.ip_head.xpm_fifo_sync_inst.xpm_fifo_base_inst.\gen_sdpram.xpm_memory_base_inst .config_drc  File: E:/tools/Vivado/2022.2/data/ip/xpm/xpm_memory/hdl/xpm_memory.sv Line: 493
Warning: SIM_ASSERT_CHK (1) specifies simulation message reporting, messages related to potential misuse will be reported.
Time: 1 ps  Iteration: 0  Process: /tb_udp_stack_top/u_udp_stack_top/u_eth_frame_tx/tx_ip/ip_head/xpm_fifo_sync_inst/xpm_fifo_base_inst/Initial1546_409  Scope: tb_udp_stack_top.u_udp_stack_top.u_eth_frame_tx.tx_ip.ip_head.xpm_fifo_sync_inst.xpm_fifo_base_inst  File: E:/tools/Vivado/2022.2/data/ip/xpm/xpm_fifo/hdl/xpm_fifo.sv Line: 1553
Info: [XPM_MEMORY 20-1] MEMORY_PRIMITIVE (0) instructs Vivado Synthesis to choose the memory primitive type. Depending on their values, other XPM_MEMORY parameters may preclude the choice of certain memory primitive types. Review XPM_MEMORY documentation and parameter values to understand any limitations, or set MEMORY_PRIMITIVE to a different value. tb_udp_stack_top.u_udp_stack_top.u_eth_frame_tx.tx_ip.ip_send.xpm_fifo_sync_inst.xpm_fifo_base_inst.\gen_sdpram.xpm_memory_base_inst .config_drc
Time: 1 ps  Iteration: 0  Process: /tb_udp_stack_top/u_udp_stack_top/u_eth_frame_tx/tx_ip/ip_send/xpm_fifo_sync_inst/xpm_fifo_base_inst/gen_sdpram.xpm_memory_base_inst/Initial299_18  Scope: tb_udp_stack_top.u_udp_stack_top.u_eth_frame_tx.tx_ip.ip_send.xpm_fifo_sync_inst.xpm_fifo_base_inst.\gen_sdpram.xpm_memory_base_inst .config_drc  File: E:/tools/Vivado/2022.2/data/ip/xpm/xpm_memory/hdl/xpm_memory.sv Line: 493
Warning: SIM_ASSERT_CHK (1) specifies simulation message reporting, messages related to potential misuse will be reported.
Time: 1 ps  Iteration: 0  Process: /tb_udp_stack_top/u_udp_stack_top/u_eth_frame_tx/tx_ip/ip_send/xpm_fifo_sync_inst/xpm_fifo_base_inst/Initial1546_59  Scope: tb_udp_stack_top.u_udp_stack_top.u_eth_frame_tx.tx_ip.ip_send.xpm_fifo_sync_inst.xpm_fifo_base_inst  File: E:/tools/Vivado/2022.2/data/ip/xpm/xpm_fifo/hdl/xpm_fifo.sv Line: 1553
Info: [XPM_MEMORY 20-1] MEMORY_PRIMITIVE (0) instructs Vivado Synthesis to choose the memory primitive type. Depending on their values, other XPM_MEMORY parameters may preclude the choice of certain memory primitive types. Review XPM_MEMORY documentation and parameter values to understand any limitations, or set MEMORY_PRIMITIVE to a different value. tb_udp_stack_top.u_udp_stack_top.u_eth_frame_tx.tx_mac.u_eth_axis_fifo.stream_data_fifo.xpm_fifo_sync_inst.xpm_fifo_base_inst.\gen_sdpram.xpm_memory_base_inst .config_drc
Time: 1 ps  Iteration: 0  Process: /tb_udp_stack_top/u_udp_stack_top/u_eth_frame_tx/tx_mac/u_eth_axis_fifo/stream_data_fifo/xpm_fifo_sync_inst/xpm_fifo_base_inst/gen_sdpram.xpm_memory_base_inst/Initial299_18  Scope: tb_udp_stack_top.u_udp_stack_top.u_eth_frame_tx.tx_mac.u_eth_axis_fifo.stream_data_fifo.xpm_fifo_sync_inst.xpm_fifo_base_inst.\gen_sdpram.xpm_memory_base_inst .config_drc  File: E:/tools/Vivado/2022.2/data/ip/xpm/xpm_memory/hdl/xpm_memory.sv Line: 493
Warning: SIM_ASSERT_CHK (1) specifies simulation message reporting, messages related to potential misuse will be reported.
Time: 1 ps  Iteration: 0  Process: /tb_udp_stack_top/u_udp_stack_top/u_eth_frame_tx/tx_mac/u_eth_axis_fifo/stream_data_fifo/xpm_fifo_sync_inst/xpm_fifo_base_inst/Initial1546_59  Scope: tb_udp_stack_top.u_udp_stack_top.u_eth_frame_tx.tx_mac.u_eth_axis_fifo.stream_data_fifo.xpm_fifo_sync_inst.xpm_fifo_base_inst  File: E:/tools/Vivado/2022.2/data/ip/xpm/xpm_fifo/hdl/xpm_fifo.sv Line: 1553
Info: [XPM_MEMORY 20-1] MEMORY_PRIMITIVE (0) instructs Vivado Synthesis to choose the memory primitive type. Depending on their values, other XPM_MEMORY parameters may preclude the choice of certain memory primitive types. Review XPM_MEMORY documentation and parameter values to understand any limitations, or set MEMORY_PRIMITIVE to a different value. tb_udp_stack_top.u_udp_stack_top.u_eth_frame_tx.tx_mac.u_eth_axis_fifo.\genblk1.stream_byte_fifo .xpm_fifo_sync_inst.xpm_fifo_base_inst.\gen_sdpram.xpm_memory_base_inst .config_drc
Time: 1 ps  Iteration: 0  Process: /tb_udp_stack_top/u_udp_stack_top/u_eth_frame_tx/tx_mac/u_eth_axis_fifo/genblk1.stream_byte_fifo/xpm_fifo_sync_inst/xpm_fifo_base_inst/gen_sdpram.xpm_memory_base_inst/Initial299_592  Scope: tb_udp_stack_top.u_udp_stack_top.u_eth_frame_tx.tx_mac.u_eth_axis_fifo.\genblk1.stream_byte_fifo .xpm_fifo_sync_inst.xpm_fifo_base_inst.\gen_sdpram.xpm_memory_base_inst .config_drc  File: E:/tools/Vivado/2022.2/data/ip/xpm/xpm_memory/hdl/xpm_memory.sv Line: 493
Warning: SIM_ASSERT_CHK (1) specifies simulation message reporting, messages related to potential misuse will be reported.
Time: 1 ps  Iteration: 0  Process: /tb_udp_stack_top/u_udp_stack_top/u_eth_frame_tx/tx_mac/u_eth_axis_fifo/genblk1.stream_byte_fifo/xpm_fifo_sync_inst/xpm_fifo_base_inst/Initial1546_633  Scope: tb_udp_stack_top.u_udp_stack_top.u_eth_frame_tx.tx_mac.u_eth_axis_fifo.\genblk1.stream_byte_fifo .xpm_fifo_sync_inst.xpm_fifo_base_inst  File: E:/tools/Vivado/2022.2/data/ip/xpm/xpm_fifo/hdl/xpm_fifo.sv Line: 1553
Info: [XPM_MEMORY 20-1] MEMORY_PRIMITIVE (0) instructs Vivado Synthesis to choose the memory primitive type. Depending on their values, other XPM_MEMORY parameters may preclude the choice of certain memory primitive types. Review XPM_MEMORY documentation and parameter values to understand any limitations, or set MEMORY_PRIMITIVE to a different value. tb_udp_stack_top.u_udp_stack_top.u_eth_frame_tx.tx_mac.mac_send.xpm_fifo_sync_inst.xpm_fifo_base_inst.\gen_sdpram.xpm_memory_base_inst .config_drc
Time: 1 ps  Iteration: 0  Process: /tb_udp_stack_top/u_udp_stack_top/u_eth_frame_tx/tx_mac/mac_send/xpm_fifo_sync_inst/xpm_fifo_base_inst/gen_sdpram.xpm_memory_base_inst/Initial299_18  Scope: tb_udp_stack_top.u_udp_stack_top.u_eth_frame_tx.tx_mac.mac_send.xpm_fifo_sync_inst.xpm_fifo_base_inst.\gen_sdpram.xpm_memory_base_inst .config_drc  File: E:/tools/Vivado/2022.2/data/ip/xpm/xpm_memory/hdl/xpm_memory.sv Line: 493
Warning: SIM_ASSERT_CHK (1) specifies simulation message reporting, messages related to potential misuse will be reported.
Time: 1 ps  Iteration: 0  Process: /tb_udp_stack_top/u_udp_stack_top/u_eth_frame_tx/tx_mac/mac_send/xpm_fifo_sync_inst/xpm_fifo_base_inst/Initial1546_59  Scope: tb_udp_stack_top.u_udp_stack_top.u_eth_frame_tx.tx_mac.mac_send.xpm_fifo_sync_inst.xpm_fifo_base_inst  File: E:/tools/Vivado/2022.2/data/ip/xpm/xpm_fifo/hdl/xpm_fifo.sv Line: 1553
Info: [XPM_MEMORY 20-1] MEMORY_PRIMITIVE (0) instructs Vivado Synthesis to choose the memory primitive type. Depending on their values, other XPM_MEMORY parameters may preclude the choice of certain memory primitive types. Review XPM_MEMORY documentation and parameter values to understand any limitations, or set MEMORY_PRIMITIVE to a different value. tb_udp_stack_top.u_udp_stack_top.u_eth_frame_rx.udp_rx.udp_length_fifo.xpm_fifo_sync_inst.xpm_fifo_base_inst.\gen_sdpram.xpm_memory_base_inst .config_drc
Time: 1 ps  Iteration: 0  Process: /tb_udp_stack_top/u_udp_stack_top/u_eth_frame_rx/udp_rx/udp_length_fifo/xpm_fifo_sync_inst/xpm_fifo_base_inst/gen_sdpram.xpm_memory_base_inst/Initial299_789  Scope: tb_udp_stack_top.u_udp_stack_top.u_eth_frame_rx.udp_rx.udp_length_fifo.xpm_fifo_sync_inst.xpm_fifo_base_inst.\gen_sdpram.xpm_memory_base_inst .config_drc  File: E:/tools/Vivado/2022.2/data/ip/xpm/xpm_memory/hdl/xpm_memory.sv Line: 493
Warning: SIM_ASSERT_CHK (1) specifies simulation message reporting, messages related to potential misuse will be reported.
Time: 1 ps  Iteration: 0  Process: /tb_udp_stack_top/u_udp_stack_top/u_eth_frame_rx/udp_rx/udp_length_fifo/xpm_fifo_sync_inst/xpm_fifo_base_inst/Initial1546_830  Scope: tb_udp_stack_top.u_udp_stack_top.u_eth_frame_rx.udp_rx.udp_length_fifo.xpm_fifo_sync_inst.xpm_fifo_base_inst  File: E:/tools/Vivado/2022.2/data/ip/xpm/xpm_fifo/hdl/xpm_fifo.sv Line: 1553
Info: [XPM_MEMORY 20-1] MEMORY_PRIMITIVE (0) instructs Vivado Synthesis to choose the memory primitive type. Depending on their values, other XPM_MEMORY parameters may preclude the choice of certain memory primitive types. Review XPM_MEMORY documentation and parameter values to understand any limitations, or set MEMORY_PRIMITIVE to a different value. tb_udp_stack_top.u_udp_stack_top.u_eth_frame_rx.udp_rx.udp_data_fifo.xpm_fifo_sync_inst.xpm_fifo_base_inst.\gen_sdpram.xpm_memory_base_inst .config_drc
Time: 1 ps  Iteration: 0  Process: /tb_udp_stack_top/u_udp_stack_top/u_eth_frame_rx/udp_rx/udp_data_fifo/xpm_fifo_sync_inst/xpm_fifo_base_inst/gen_sdpram.xpm_memory_base_inst/Initial299_855  Scope: tb_udp_stack_top.u_udp_stack_top.u_eth_frame_rx.udp_rx.udp_data_fifo.xpm_fifo_sync_inst.xpm_fifo_base_inst.\gen_sdpram.xpm_memory_base_inst .config_drc  File: E:/tools/Vivado/2022.2/data/ip/xpm/xpm_memory/hdl/xpm_memory.sv Line: 493
Warning: SIM_ASSERT_CHK (1) specifies simulation message reporting, messages related to potential misuse will be reported.
Time: 1 ps  Iteration: 0  Process: /tb_udp_stack_top/u_udp_stack_top/u_eth_frame_rx/udp_rx/udp_data_fifo/xpm_fifo_sync_inst/xpm_fifo_base_inst/Initial1546_896  Scope: tb_udp_stack_top.u_udp_stack_top.u_eth_frame_rx.udp_rx.udp_data_fifo.xpm_fifo_sync_inst.xpm_fifo_base_inst  File: E:/tools/Vivado/2022.2/data/ip/xpm/xpm_fifo/hdl/xpm_fifo.sv Line: 1553
Info: [XPM_MEMORY 20-1] MEMORY_PRIMITIVE (0) instructs Vivado Synthesis to choose the memory primitive type. Depending on their values, other XPM_MEMORY parameters may preclude the choice of certain memory primitive types. Review XPM_MEMORY documentation and parameter values to understand any limitations, or set MEMORY_PRIMITIVE to a different value. tb_udp_stack_top.u_udp_stack_top.u_us_icmp_reply.icmp_payload.xpm_fifo_sync_inst.xpm_fifo_base_inst.\gen_sdpram.xpm_memory_base_inst .config_drc
Time: 1 ps  Iteration: 0  Process: /tb_udp_stack_top/u_udp_stack_top/u_us_icmp_reply/icmp_payload/xpm_fifo_sync_inst/xpm_fifo_base_inst/gen_sdpram.xpm_memory_base_inst/Initial299_18  Scope: tb_udp_stack_top.u_udp_stack_top.u_us_icmp_reply.icmp_payload.xpm_fifo_sync_inst.xpm_fifo_base_inst.\gen_sdpram.xpm_memory_base_inst .config_drc  File: E:/tools/Vivado/2022.2/data/ip/xpm/xpm_memory/hdl/xpm_memory.sv Line: 493
Warning: SIM_ASSERT_CHK (1) specifies simulation message reporting, messages related to potential misuse will be reported.
Time: 1 ps  Iteration: 0  Process: /tb_udp_stack_top/u_udp_stack_top/u_us_icmp_reply/icmp_payload/xpm_fifo_sync_inst/xpm_fifo_base_inst/Initial1546_59  Scope: tb_udp_stack_top.u_udp_stack_top.u_us_icmp_reply.icmp_payload.xpm_fifo_sync_inst.xpm_fifo_base_inst  File: E:/tools/Vivado/2022.2/data/ip/xpm/xpm_fifo/hdl/xpm_fifo.sv Line: 1553

Time: 50 ns Started: 50 ns Scope: /tb_udp_stack_top/u_udp_stack_top/u_eth_frame_rx/udp_rx/udp_length_fifo/xpm_fifo_sync_inst/xpm_fifo_base_inst File: E:/tools/Vivado/2022.2/data/ip/xpm/xpm_fifo/hdl/xpm_fifo.sv Line:1592
Error: [SLEEP_CHECK S-6] 'sleep' is deasserted at 50000, but wr_en must be low for 0 wr_clk cycles after 50000
Time: 50 ns  Iteration: 3  Process: /tb_udp_stack_top/u_udp_stack_top/u_eth_frame_rx/udp_rx/udp_length_fifo/xpm_fifo_sync_inst/xpm_fifo_base_inst//tb_udp_stack_top/u_udp_stack_top/u_eth_frame_rx/udp_rx/udp_length_fifo/xpm_fifo_sync_inst/xpm_fifo_base_inst  Scope: tb_udp_stack_top.u_udp_stack_top.u_eth_frame_rx.udp_rx.udp_length_fifo.xpm_fifo_sync_inst.xpm_fifo_base_inst  File: E:/tools/Vivado/2022.2/data/ip/xpm/xpm_fifo/hdl/xpm_fifo.sv Line: 1595

Time: 50 ns Started: 50 ns Scope: /tb_udp_stack_top/u_udp_stack_top/u_eth_frame_rx/udp_rx/udp_length_fifo/xpm_fifo_sync_inst/xpm_fifo_base_inst File: E:/tools/Vivado/2022.2/data/ip/xpm/xpm_fifo/hdl/xpm_fifo.sv Line:1597
Error: [SLEEP_CHECK S-7] 'sleep' is deasserted at 50000, but rd_en must be low for 0 rd_clk cycles after 50000
Time: 50 ns  Iteration: 3  Process: /tb_udp_stack_top/u_udp_stack_top/u_eth_frame_rx/udp_rx/udp_length_fifo/xpm_fifo_sync_inst/xpm_fifo_base_inst//tb_udp_stack_top/u_udp_stack_top/u_eth_frame_rx/udp_rx/udp_length_fifo/xpm_fifo_sync_inst/xpm_fifo_base_inst  Scope: tb_udp_stack_top.u_udp_stack_top.u_eth_frame_rx.udp_rx.udp_length_fifo.xpm_fifo_sync_inst.xpm_fifo_base_inst  File: E:/tools/Vivado/2022.2/data/ip/xpm/xpm_fifo/hdl/xpm_fifo.sv Line: 1600

Time: 50 ns Started: 50 ns Scope: /tb_udp_stack_top/u_udp_stack_top/u_eth_frame_rx/udp_rx/udp_data_fifo/xpm_fifo_sync_inst/xpm_fifo_base_inst File: E:/tools/Vivado/2022.2/data/ip/xpm/xpm_fifo/hdl/xpm_fifo.sv Line:1592
Error: [SLEEP_CHECK S-6] 'sleep' is deasserted at 50000, but wr_en must be low for 0 wr_clk cycles after 50000
Time: 50 ns  Iteration: 3  Process: /tb_udp_stack_top/u_udp_stack_top/u_eth_frame_rx/udp_rx/udp_data_fifo/xpm_fifo_sync_inst/xpm_fifo_base_inst//tb_udp_stack_top/u_udp_stack_top/u_eth_frame_rx/udp_rx/udp_data_fifo/xpm_fifo_sync_inst/xpm_fifo_base_inst  Scope: tb_udp_stack_top.u_udp_stack_top.u_eth_frame_rx.udp_rx.udp_data_fifo.xpm_fifo_sync_inst.xpm_fifo_base_inst  File: E:/tools/Vivado/2022.2/data/ip/xpm/xpm_fifo/hdl/xpm_fifo.sv Line: 1595

Time: 50 ns Started: 50 ns Scope: /tb_udp_stack_top/u_udp_stack_top/u_eth_frame_rx/udp_rx/udp_data_fifo/xpm_fifo_sync_inst/xpm_fifo_base_inst File: E:/tools/Vivado/2022.2/data/ip/xpm/xpm_fifo/hdl/xpm_fifo.sv Line:1597
Error: [SLEEP_CHECK S-7] 'sleep' is deasserted at 50000, but rd_en must be low for 0 rd_clk cycles after 50000
Time: 50 ns  Iteration: 3  Process: /tb_udp_stack_top/u_udp_stack_top/u_eth_frame_rx/udp_rx/udp_data_fifo/xpm_fifo_sync_inst/xpm_fifo_base_inst//tb_udp_stack_top/u_udp_stack_top/u_eth_frame_rx/udp_rx/udp_data_fifo/xpm_fifo_sync_inst/xpm_fifo_base_inst  Scope: tb_udp_stack_top.u_udp_stack_top.u_eth_frame_rx.udp_rx.udp_data_fifo.xpm_fifo_sync_inst.xpm_fifo_base_inst  File: E:/tools/Vivado/2022.2/data/ip/xpm/xpm_fifo/hdl/xpm_fifo.sv Line: 1600

Time: 50 ns Started: 50 ns Scope: /tb_udp_stack_top/u_udp_stack_top/u_us_icmp_reply/icmp_payload/xpm_fifo_sync_inst/xpm_fifo_base_inst File: E:/tools/Vivado/2022.2/data/ip/xpm/xpm_fifo/hdl/xpm_fifo.sv Line:1592
Error: [SLEEP_CHECK S-6] 'sleep' is deasserted at 50000, but wr_en must be low for 0 wr_clk cycles after 50000
Time: 50 ns  Iteration: 3  Process: /tb_udp_stack_top/u_udp_stack_top/u_us_icmp_reply/icmp_payload/xpm_fifo_sync_inst/xpm_fifo_base_inst//tb_udp_stack_top/u_udp_stack_top/u_us_icmp_reply/icmp_payload/xpm_fifo_sync_inst/xpm_fifo_base_inst  Scope: tb_udp_stack_top.u_udp_stack_top.u_us_icmp_reply.icmp_payload.xpm_fifo_sync_inst.xpm_fifo_base_inst  File: E:/tools/Vivado/2022.2/data/ip/xpm/xpm_fifo/hdl/xpm_fifo.sv Line: 1595

Time: 50 ns Started: 50 ns Scope: /tb_udp_stack_top/u_udp_stack_top/u_us_icmp_reply/icmp_payload/xpm_fifo_sync_inst/xpm_fifo_base_inst File: E:/tools/Vivado/2022.2/data/ip/xpm/xpm_fifo/hdl/xpm_fifo.sv Line:1597
Error: [SLEEP_CHECK S-7] 'sleep' is deasserted at 50000, but rd_en must be low for 0 rd_clk cycles after 50000
Time: 50 ns  Iteration: 3  Process: /tb_udp_stack_top/u_udp_stack_top/u_us_icmp_reply/icmp_payload/xpm_fifo_sync_inst/xpm_fifo_base_inst//tb_udp_stack_top/u_udp_stack_top/u_us_icmp_reply/icmp_payload/xpm_fifo_sync_inst/xpm_fifo_base_inst  Scope: tb_udp_stack_top.u_udp_stack_top.u_us_icmp_reply.icmp_payload.xpm_fifo_sync_inst.xpm_fifo_base_inst  File: E:/tools/Vivado/2022.2/data/ip/xpm/xpm_fifo/hdl/xpm_fifo.sv Line: 1600

Time: 50 ns Started: 50 ns Scope: /tb_udp_stack_top/u_udp_stack_top/u_eth_frame_tx/tx_udp/udp_payload/xpm_fifo_sync_inst/xpm_fifo_base_inst File: E:/tools/Vivado/2022.2/data/ip/xpm/xpm_fifo/hdl/xpm_fifo.sv Line:1592
Error: [SLEEP_CHECK S-6] 'sleep' is deasserted at 50000, but wr_en must be low for 0 wr_clk cycles after 50000
Time: 50 ns  Iteration: 3  Process: /tb_udp_stack_top/u_udp_stack_top/u_eth_frame_tx/tx_udp/udp_payload/xpm_fifo_sync_inst/xpm_fifo_base_inst//tb_udp_stack_top/u_udp_stack_top/u_eth_frame_tx/tx_udp/udp_payload/xpm_fifo_sync_inst/xpm_fifo_base_inst  Scope: tb_udp_stack_top.u_udp_stack_top.u_eth_frame_tx.tx_udp.udp_payload.xpm_fifo_sync_inst.xpm_fifo_base_inst  File: E:/tools/Vivado/2022.2/data/ip/xpm/xpm_fifo/hdl/xpm_fifo.sv Line: 1595

Time: 50 ns Started: 50 ns Scope: /tb_udp_stack_top/u_udp_stack_top/u_eth_frame_tx/tx_udp/udp_payload/xpm_fifo_sync_inst/xpm_fifo_base_inst File: E:/tools/Vivado/2022.2/data/ip/xpm/xpm_fifo/hdl/xpm_fifo.sv Line:1597
Error: [SLEEP_CHECK S-7] 'sleep' is deasserted at 50000, but rd_en must be low for 0 rd_clk cycles after 50000
Time: 50 ns  Iteration: 3  Process: /tb_udp_stack_top/u_udp_stack_top/u_eth_frame_tx/tx_udp/udp_payload/xpm_fifo_sync_inst/xpm_fifo_base_inst//tb_udp_stack_top/u_udp_stack_top/u_eth_frame_tx/tx_udp/udp_payload/xpm_fifo_sync_inst/xpm_fifo_base_inst  Scope: tb_udp_stack_top.u_udp_stack_top.u_eth_frame_tx.tx_udp.udp_payload.xpm_fifo_sync_inst.xpm_fifo_base_inst  File: E:/tools/Vivado/2022.2/data/ip/xpm/xpm_fifo/hdl/xpm_fifo.sv Line: 1600

Time: 50 ns Started: 50 ns Scope: /tb_udp_stack_top/u_udp_stack_top/u_eth_frame_tx/tx_udp/udp_checkpayload/xpm_fifo_sync_inst/xpm_fifo_base_inst File: E:/tools/Vivado/2022.2/data/ip/xpm/xpm_fifo/hdl/xpm_fifo.sv Line:1592
Error: [SLEEP_CHECK S-6] 'sleep' is deasserted at 50000, but wr_en must be low for 0 wr_clk cycles after 50000
Time: 50 ns  Iteration: 3  Process: /tb_udp_stack_top/u_udp_stack_top/u_eth_frame_tx/tx_udp/udp_checkpayload/xpm_fifo_sync_inst/xpm_fifo_base_inst//tb_udp_stack_top/u_udp_stack_top/u_eth_frame_tx/tx_udp/udp_checkpayload/xpm_fifo_sync_inst/xpm_fifo_base_inst  Scope: tb_udp_stack_top.u_udp_stack_top.u_eth_frame_tx.tx_udp.udp_checkpayload.xpm_fifo_sync_inst.xpm_fifo_base_inst  File: E:/tools/Vivado/2022.2/data/ip/xpm/xpm_fifo/hdl/xpm_fifo.sv Line: 1595

Time: 50 ns Started: 50 ns Scope: /tb_udp_stack_top/u_udp_stack_top/u_eth_frame_tx/tx_udp/udp_checkpayload/xpm_fifo_sync_inst/xpm_fifo_base_inst File: E:/tools/Vivado/2022.2/data/ip/xpm/xpm_fifo/hdl/xpm_fifo.sv Line:1597
Error: [SLEEP_CHECK S-7] 'sleep' is deasserted at 50000, but rd_en must be low for 0 rd_clk cycles after 50000
Time: 50 ns  Iteration: 3  Process: /tb_udp_stack_top/u_udp_stack_top/u_eth_frame_tx/tx_udp/udp_checkpayload/xpm_fifo_sync_inst/xpm_fifo_base_inst//tb_udp_stack_top/u_udp_stack_top/u_eth_frame_tx/tx_udp/udp_checkpayload/xpm_fifo_sync_inst/xpm_fifo_base_inst  Scope: tb_udp_stack_top.u_udp_stack_top.u_eth_frame_tx.tx_udp.udp_checkpayload.xpm_fifo_sync_inst.xpm_fifo_base_inst  File: E:/tools/Vivado/2022.2/data/ip/xpm/xpm_fifo/hdl/xpm_fifo.sv Line: 1600

Time: 50 ns Started: 50 ns Scope: /tb_udp_stack_top/u_udp_stack_top/u_eth_frame_tx/tx_udp/udp_checkpacket/xpm_fifo_sync_inst/xpm_fifo_base_inst File: E:/tools/Vivado/2022.2/data/ip/xpm/xpm_fifo/hdl/xpm_fifo.sv Line:1592
Error: [SLEEP_CHECK S-6] 'sleep' is deasserted at 50000, but wr_en must be low for 0 wr_clk cycles after 50000
Time: 50 ns  Iteration: 3  Process: /tb_udp_stack_top/u_udp_stack_top/u_eth_frame_tx/tx_udp/udp_checkpacket/xpm_fifo_sync_inst/xpm_fifo_base_inst//tb_udp_stack_top/u_udp_stack_top/u_eth_frame_tx/tx_udp/udp_checkpacket/xpm_fifo_sync_inst/xpm_fifo_base_inst  Scope: tb_udp_stack_top.u_udp_stack_top.u_eth_frame_tx.tx_udp.udp_checkpacket.xpm_fifo_sync_inst.xpm_fifo_base_inst  File: E:/tools/Vivado/2022.2/data/ip/xpm/xpm_fifo/hdl/xpm_fifo.sv Line: 1595

Time: 50 ns Started: 50 ns Scope: /tb_udp_stack_top/u_udp_stack_top/u_eth_frame_tx/tx_udp/udp_checkpacket/xpm_fifo_sync_inst/xpm_fifo_base_inst File: E:/tools/Vivado/2022.2/data/ip/xpm/xpm_fifo/hdl/xpm_fifo.sv Line:1597
Error: [SLEEP_CHECK S-7] 'sleep' is deasserted at 50000, but rd_en must be low for 0 rd_clk cycles after 50000
Time: 50 ns  Iteration: 3  Process: /tb_udp_stack_top/u_udp_stack_top/u_eth_frame_tx/tx_udp/udp_checkpacket/xpm_fifo_sync_inst/xpm_fifo_base_inst//tb_udp_stack_top/u_udp_stack_top/u_eth_frame_tx/tx_udp/udp_checkpacket/xpm_fifo_sync_inst/xpm_fifo_base_inst  Scope: tb_udp_stack_top.u_udp_stack_top.u_eth_frame_tx.tx_udp.udp_checkpacket.xpm_fifo_sync_inst.xpm_fifo_base_inst  File: E:/tools/Vivado/2022.2/data/ip/xpm/xpm_fifo/hdl/xpm_fifo.sv Line: 1600

Time: 50 ns Started: 50 ns Scope: /tb_udp_stack_top/u_udp_stack_top/u_eth_frame_tx/tx_ip/ip_stream_inst/stream_data_fifo/xpm_fifo_sync_inst/xpm_fifo_base_inst File: E:/tools/Vivado/2022.2/data/ip/xpm/xpm_fifo/hdl/xpm_fifo.sv Line:1592
Error: [SLEEP_CHECK S-6] 'sleep' is deasserted at 50000, but wr_en must be low for 0 wr_clk cycles after 50000
Time: 50 ns  Iteration: 3  Process: /tb_udp_stack_top/u_udp_stack_top/u_eth_frame_tx/tx_ip/ip_stream_inst/stream_data_fifo/xpm_fifo_sync_inst/xpm_fifo_base_inst//tb_udp_stack_top/u_udp_stack_top/u_eth_frame_tx/tx_ip/ip_stream_inst/stream_data_fifo/xpm_fifo_sync_inst/xpm_fifo_base_inst  Scope: tb_udp_stack_top.u_udp_stack_top.u_eth_frame_tx.tx_ip.ip_stream_inst.stream_data_fifo.xpm_fifo_sync_inst.xpm_fifo_base_inst  File: E:/tools/Vivado/2022.2/data/ip/xpm/xpm_fifo/hdl/xpm_fifo.sv Line: 1595

Time: 50 ns Started: 50 ns Scope: /tb_udp_stack_top/u_udp_stack_top/u_eth_frame_tx/tx_ip/ip_stream_inst/stream_data_fifo/xpm_fifo_sync_inst/xpm_fifo_base_inst File: E:/tools/Vivado/2022.2/data/ip/xpm/xpm_fifo/hdl/xpm_fifo.sv Line:1597
Error: [SLEEP_CHECK S-7] 'sleep' is deasserted at 50000, but rd_en must be low for 0 rd_clk cycles after 50000
Time: 50 ns  Iteration: 3  Process: /tb_udp_stack_top/u_udp_stack_top/u_eth_frame_tx/tx_ip/ip_stream_inst/stream_data_fifo/xpm_fifo_sync_inst/xpm_fifo_base_inst//tb_udp_stack_top/u_udp_stack_top/u_eth_frame_tx/tx_ip/ip_stream_inst/stream_data_fifo/xpm_fifo_sync_inst/xpm_fifo_base_inst  Scope: tb_udp_stack_top.u_udp_stack_top.u_eth_frame_tx.tx_ip.ip_stream_inst.stream_data_fifo.xpm_fifo_sync_inst.xpm_fifo_base_inst  File: E:/tools/Vivado/2022.2/data/ip/xpm/xpm_fifo/hdl/xpm_fifo.sv Line: 1600

Time: 50 ns Started: 50 ns Scope: /tb_udp_stack_top/u_udp_stack_top/u_eth_frame_tx/tx_ip/ip_stream_inst/genblk1.stream_byte_fifo/xpm_fifo_sync_inst/xpm_fifo_base_inst File: E:/tools/Vivado/2022.2/data/ip/xpm/xpm_fifo/hdl/xpm_fifo.sv Line:1592
Error: [SLEEP_CHECK S-6] 'sleep' is deasserted at 50000, but wr_en must be low for 0 wr_clk cycles after 50000
Time: 50 ns  Iteration: 3  Process: /tb_udp_stack_top/u_udp_stack_top/u_eth_frame_tx/tx_ip/ip_stream_inst/genblk1.stream_byte_fifo/xpm_fifo_sync_inst/xpm_fifo_base_inst//tb_udp_stack_top/u_udp_stack_top/u_eth_frame_tx/tx_ip/ip_stream_inst/genblk1.stream_byte_fifo/xpm_fifo_sync_inst/xpm_fifo_base_inst  Scope: tb_udp_stack_top.u_udp_stack_top.u_eth_frame_tx.tx_ip.ip_stream_inst.\genblk1.stream_byte_fifo .xpm_fifo_sync_inst.xpm_fifo_base_inst  File: E:/tools/Vivado/2022.2/data/ip/xpm/xpm_fifo/hdl/xpm_fifo.sv Line: 1595

Time: 50 ns Started: 50 ns Scope: /tb_udp_stack_top/u_udp_stack_top/u_eth_frame_tx/tx_ip/ip_stream_inst/genblk1.stream_byte_fifo/xpm_fifo_sync_inst/xpm_fifo_base_inst File: E:/tools/Vivado/2022.2/data/ip/xpm/xpm_fifo/hdl/xpm_fifo.sv Line:1597
Error: [SLEEP_CHECK S-7] 'sleep' is deasserted at 50000, but rd_en must be low for 0 rd_clk cycles after 50000
Time: 50 ns  Iteration: 3  Process: /tb_udp_stack_top/u_udp_stack_top/u_eth_frame_tx/tx_ip/ip_stream_inst/genblk1.stream_byte_fifo/xpm_fifo_sync_inst/xpm_fifo_base_inst//tb_udp_stack_top/u_udp_stack_top/u_eth_frame_tx/tx_ip/ip_stream_inst/genblk1.stream_byte_fifo/xpm_fifo_sync_inst/xpm_fifo_base_inst  Scope: tb_udp_stack_top.u_udp_stack_top.u_eth_frame_tx.tx_ip.ip_stream_inst.\genblk1.stream_byte_fifo .xpm_fifo_sync_inst.xpm_fifo_base_inst  File: E:/tools/Vivado/2022.2/data/ip/xpm/xpm_fifo/hdl/xpm_fifo.sv Line: 1600

Time: 50 ns Started: 50 ns Scope: /tb_udp_stack_top/u_udp_stack_top/u_eth_frame_tx/tx_ip/ip_head/xpm_fifo_sync_inst/xpm_fifo_base_inst File: E:/tools/Vivado/2022.2/data/ip/xpm/xpm_fifo/hdl/xpm_fifo.sv Line:1592
Error: [SLEEP_CHECK S-6] 'sleep' is deasserted at 50000, but wr_en must be low for 0 wr_clk cycles after 50000
Time: 50 ns  Iteration: 3  Process: /tb_udp_stack_top/u_udp_stack_top/u_eth_frame_tx/tx_ip/ip_head/xpm_fifo_sync_inst/xpm_fifo_base_inst//tb_udp_stack_top/u_udp_stack_top/u_eth_frame_tx/tx_ip/ip_head/xpm_fifo_sync_inst/xpm_fifo_base_inst  Scope: tb_udp_stack_top.u_udp_stack_top.u_eth_frame_tx.tx_ip.ip_head.xpm_fifo_sync_inst.xpm_fifo_base_inst  File: E:/tools/Vivado/2022.2/data/ip/xpm/xpm_fifo/hdl/xpm_fifo.sv Line: 1595

Time: 50 ns Started: 50 ns Scope: /tb_udp_stack_top/u_udp_stack_top/u_eth_frame_tx/tx_ip/ip_head/xpm_fifo_sync_inst/xpm_fifo_base_inst File: E:/tools/Vivado/2022.2/data/ip/xpm/xpm_fifo/hdl/xpm_fifo.sv Line:1597
Error: [SLEEP_CHECK S-7] 'sleep' is deasserted at 50000, but rd_en must be low for 0 rd_clk cycles after 50000
Time: 50 ns  Iteration: 3  Process: /tb_udp_stack_top/u_udp_stack_top/u_eth_frame_tx/tx_ip/ip_head/xpm_fifo_sync_inst/xpm_fifo_base_inst//tb_udp_stack_top/u_udp_stack_top/u_eth_frame_tx/tx_ip/ip_head/xpm_fifo_sync_inst/xpm_fifo_base_inst  Scope: tb_udp_stack_top.u_udp_stack_top.u_eth_frame_tx.tx_ip.ip_head.xpm_fifo_sync_inst.xpm_fifo_base_inst  File: E:/tools/Vivado/2022.2/data/ip/xpm/xpm_fifo/hdl/xpm_fifo.sv Line: 1600

Time: 50 ns Started: 50 ns Scope: /tb_udp_stack_top/u_udp_stack_top/u_eth_frame_tx/tx_ip/ip_send/xpm_fifo_sync_inst/xpm_fifo_base_inst File: E:/tools/Vivado/2022.2/data/ip/xpm/xpm_fifo/hdl/xpm_fifo.sv Line:1592
Error: [SLEEP_CHECK S-6] 'sleep' is deasserted at 50000, but wr_en must be low for 0 wr_clk cycles after 50000
Time: 50 ns  Iteration: 3  Process: /tb_udp_stack_top/u_udp_stack_top/u_eth_frame_tx/tx_ip/ip_send/xpm_fifo_sync_inst/xpm_fifo_base_inst//tb_udp_stack_top/u_udp_stack_top/u_eth_frame_tx/tx_ip/ip_send/xpm_fifo_sync_inst/xpm_fifo_base_inst  Scope: tb_udp_stack_top.u_udp_stack_top.u_eth_frame_tx.tx_ip.ip_send.xpm_fifo_sync_inst.xpm_fifo_base_inst  File: E:/tools/Vivado/2022.2/data/ip/xpm/xpm_fifo/hdl/xpm_fifo.sv Line: 1595

Time: 50 ns Started: 50 ns Scope: /tb_udp_stack_top/u_udp_stack_top/u_eth_frame_tx/tx_ip/ip_send/xpm_fifo_sync_inst/xpm_fifo_base_inst File: E:/tools/Vivado/2022.2/data/ip/xpm/xpm_fifo/hdl/xpm_fifo.sv Line:1597
Error: [SLEEP_CHECK S-7] 'sleep' is deasserted at 50000, but rd_en must be low for 0 rd_clk cycles after 50000
Time: 50 ns  Iteration: 3  Process: /tb_udp_stack_top/u_udp_stack_top/u_eth_frame_tx/tx_ip/ip_send/xpm_fifo_sync_inst/xpm_fifo_base_inst//tb_udp_stack_top/u_udp_stack_top/u_eth_frame_tx/tx_ip/ip_send/xpm_fifo_sync_inst/xpm_fifo_base_inst  Scope: tb_udp_stack_top.u_udp_stack_top.u_eth_frame_tx.tx_ip.ip_send.xpm_fifo_sync_inst.xpm_fifo_base_inst  File: E:/tools/Vivado/2022.2/data/ip/xpm/xpm_fifo/hdl/xpm_fifo.sv Line: 1600

Time: 50 ns Started: 50 ns Scope: /tb_udp_stack_top/u_udp_stack_top/u_eth_frame_tx/tx_mac/u_eth_axis_fifo/stream_data_fifo/xpm_fifo_sync_inst/xpm_fifo_base_inst File: E:/tools/Vivado/2022.2/data/ip/xpm/xpm_fifo/hdl/xpm_fifo.sv Line:1592
Error: [SLEEP_CHECK S-6] 'sleep' is deasserted at 50000, but wr_en must be low for 0 wr_clk cycles after 50000
Time: 50 ns  Iteration: 3  Process: /tb_udp_stack_top/u_udp_stack_top/u_eth_frame_tx/tx_mac/u_eth_axis_fifo/stream_data_fifo/xpm_fifo_sync_inst/xpm_fifo_base_inst//tb_udp_stack_top/u_udp_stack_top/u_eth_frame_tx/tx_mac/u_eth_axis_fifo/stream_data_fifo/xpm_fifo_sync_inst/xpm_fifo_base_inst  Scope: tb_udp_stack_top.u_udp_stack_top.u_eth_frame_tx.tx_mac.u_eth_axis_fifo.stream_data_fifo.xpm_fifo_sync_inst.xpm_fifo_base_inst  File: E:/tools/Vivado/2022.2/data/ip/xpm/xpm_fifo/hdl/xpm_fifo.sv Line: 1595

Time: 50 ns Started: 50 ns Scope: /tb_udp_stack_top/u_udp_stack_top/u_eth_frame_tx/tx_mac/u_eth_axis_fifo/stream_data_fifo/xpm_fifo_sync_inst/xpm_fifo_base_inst File: E:/tools/Vivado/2022.2/data/ip/xpm/xpm_fifo/hdl/xpm_fifo.sv Line:1597
Error: [SLEEP_CHECK S-7] 'sleep' is deasserted at 50000, but rd_en must be low for 0 rd_clk cycles after 50000
Time: 50 ns  Iteration: 3  Process: /tb_udp_stack_top/u_udp_stack_top/u_eth_frame_tx/tx_mac/u_eth_axis_fifo/stream_data_fifo/xpm_fifo_sync_inst/xpm_fifo_base_inst//tb_udp_stack_top/u_udp_stack_top/u_eth_frame_tx/tx_mac/u_eth_axis_fifo/stream_data_fifo/xpm_fifo_sync_inst/xpm_fifo_base_inst  Scope: tb_udp_stack_top.u_udp_stack_top.u_eth_frame_tx.tx_mac.u_eth_axis_fifo.stream_data_fifo.xpm_fifo_sync_inst.xpm_fifo_base_inst  File: E:/tools/Vivado/2022.2/data/ip/xpm/xpm_fifo/hdl/xpm_fifo.sv Line: 1600

Time: 50 ns Started: 50 ns Scope: /tb_udp_stack_top/u_udp_stack_top/u_eth_frame_tx/tx_mac/u_eth_axis_fifo/genblk1.stream_byte_fifo/xpm_fifo_sync_inst/xpm_fifo_base_inst File: E:/tools/Vivado/2022.2/data/ip/xpm/xpm_fifo/hdl/xpm_fifo.sv Line:1592
Error: [SLEEP_CHECK S-6] 'sleep' is deasserted at 50000, but wr_en must be low for 0 wr_clk cycles after 50000
Time: 50 ns  Iteration: 3  Process: /tb_udp_stack_top/u_udp_stack_top/u_eth_frame_tx/tx_mac/u_eth_axis_fifo/genblk1.stream_byte_fifo/xpm_fifo_sync_inst/xpm_fifo_base_inst//tb_udp_stack_top/u_udp_stack_top/u_eth_frame_tx/tx_mac/u_eth_axis_fifo/genblk1.stream_byte_fifo/xpm_fifo_sync_inst/xpm_fifo_base_inst  Scope: tb_udp_stack_top.u_udp_stack_top.u_eth_frame_tx.tx_mac.u_eth_axis_fifo.\genblk1.stream_byte_fifo .xpm_fifo_sync_inst.xpm_fifo_base_inst  File: E:/tools/Vivado/2022.2/data/ip/xpm/xpm_fifo/hdl/xpm_fifo.sv Line: 1595

Time: 50 ns Started: 50 ns Scope: /tb_udp_stack_top/u_udp_stack_top/u_eth_frame_tx/tx_mac/u_eth_axis_fifo/genblk1.stream_byte_fifo/xpm_fifo_sync_inst/xpm_fifo_base_inst File: E:/tools/Vivado/2022.2/data/ip/xpm/xpm_fifo/hdl/xpm_fifo.sv Line:1597
Error: [SLEEP_CHECK S-7] 'sleep' is deasserted at 50000, but rd_en must be low for 0 rd_clk cycles after 50000
Time: 50 ns  Iteration: 3  Process: /tb_udp_stack_top/u_udp_stack_top/u_eth_frame_tx/tx_mac/u_eth_axis_fifo/genblk1.stream_byte_fifo/xpm_fifo_sync_inst/xpm_fifo_base_inst//tb_udp_stack_top/u_udp_stack_top/u_eth_frame_tx/tx_mac/u_eth_axis_fifo/genblk1.stream_byte_fifo/xpm_fifo_sync_inst/xpm_fifo_base_inst  Scope: tb_udp_stack_top.u_udp_stack_top.u_eth_frame_tx.tx_mac.u_eth_axis_fifo.\genblk1.stream_byte_fifo .xpm_fifo_sync_inst.xpm_fifo_base_inst  File: E:/tools/Vivado/2022.2/data/ip/xpm/xpm_fifo/hdl/xpm_fifo.sv Line: 1600

Time: 50 ns Started: 50 ns Scope: /tb_udp_stack_top/u_udp_stack_top/u_eth_frame_tx/tx_mac/mac_send/xpm_fifo_sync_inst/xpm_fifo_base_inst File: E:/tools/Vivado/2022.2/data/ip/xpm/xpm_fifo/hdl/xpm_fifo.sv Line:1592
Error: [SLEEP_CHECK S-6] 'sleep' is deasserted at 50000, but wr_en must be low for 0 wr_clk cycles after 50000
Time: 50 ns  Iteration: 3  Process: /tb_udp_stack_top/u_udp_stack_top/u_eth_frame_tx/tx_mac/mac_send/xpm_fifo_sync_inst/xpm_fifo_base_inst//tb_udp_stack_top/u_udp_stack_top/u_eth_frame_tx/tx_mac/mac_send/xpm_fifo_sync_inst/xpm_fifo_base_inst  Scope: tb_udp_stack_top.u_udp_stack_top.u_eth_frame_tx.tx_mac.mac_send.xpm_fifo_sync_inst.xpm_fifo_base_inst  File: E:/tools/Vivado/2022.2/data/ip/xpm/xpm_fifo/hdl/xpm_fifo.sv Line: 1595

Time: 50 ns Started: 50 ns Scope: /tb_udp_stack_top/u_udp_stack_top/u_eth_frame_tx/tx_mac/mac_send/xpm_fifo_sync_inst/xpm_fifo_base_inst File: E:/tools/Vivado/2022.2/data/ip/xpm/xpm_fifo/hdl/xpm_fifo.sv Line:1597
Error: [SLEEP_CHECK S-7] 'sleep' is deasserted at 50000, but rd_en must be low for 0 rd_clk cycles after 50000
Time: 50 ns  Iteration: 3  Process: /tb_udp_stack_top/u_udp_stack_top/u_eth_frame_tx/tx_mac/mac_send/xpm_fifo_sync_inst/xpm_fifo_base_inst//tb_udp_stack_top/u_udp_stack_top/u_eth_frame_tx/tx_mac/mac_send/xpm_fifo_sync_inst/xpm_fifo_base_inst  Scope: tb_udp_stack_top.u_udp_stack_top.u_eth_frame_tx.tx_mac.mac_send.xpm_fifo_sync_inst.xpm_fifo_base_inst  File: E:/tools/Vivado/2022.2/data/ip/xpm/xpm_fifo/hdl/xpm_fifo.sv Line: 1600

Time: 250 ns Started: 150 ns Scope: /tb_udp_stack_top/u_udp_stack_top/u_eth_frame_rx/udp_rx/udp_length_fifo/xpm_fifo_sync_inst/xpm_fifo_base_inst File: E:/tools/Vivado/2022.2/data/ip/xpm/xpm_fifo/hdl/xpm_fifo.sv Line:1584
Error: [EMPTY_CHECK S-4] Reset is applied, but empty flag is not 1 or transitioning to 1 at 250000.
Time: 250 ns  Iteration: 2  Process: /tb_udp_stack_top/u_udp_stack_top/u_eth_frame_rx/udp_rx/udp_length_fifo/xpm_fifo_sync_inst/xpm_fifo_base_inst//tb_udp_stack_top/u_udp_stack_top/u_eth_frame_rx/udp_rx/udp_length_fifo/xpm_fifo_sync_inst/xpm_fifo_base_inst  Scope: tb_udp_stack_top.u_udp_stack_top.u_eth_frame_rx.udp_rx.udp_length_fifo.xpm_fifo_sync_inst.xpm_fifo_base_inst  File: E:/tools/Vivado/2022.2/data/ip/xpm/xpm_fifo/hdl/xpm_fifo.sv Line: 1587

Time: 250 ns Started: 150 ns Scope: /tb_udp_stack_top/u_udp_stack_top/u_eth_frame_rx/udp_rx/udp_data_fifo/xpm_fifo_sync_inst/xpm_fifo_base_inst File: E:/tools/Vivado/2022.2/data/ip/xpm/xpm_fifo/hdl/xpm_fifo.sv Line:1584
Error: [EMPTY_CHECK S-4] Reset is applied, but empty flag is not 1 or transitioning to 1 at 250000.
Time: 250 ns  Iteration: 2  Process: /tb_udp_stack_top/u_udp_stack_top/u_eth_frame_rx/udp_rx/udp_data_fifo/xpm_fifo_sync_inst/xpm_fifo_base_inst//tb_udp_stack_top/u_udp_stack_top/u_eth_frame_rx/udp_rx/udp_data_fifo/xpm_fifo_sync_inst/xpm_fifo_base_inst  Scope: tb_udp_stack_top.u_udp_stack_top.u_eth_frame_rx.udp_rx.udp_data_fifo.xpm_fifo_sync_inst.xpm_fifo_base_inst  File: E:/tools/Vivado/2022.2/data/ip/xpm/xpm_fifo/hdl/xpm_fifo.sv Line: 1587

Time: 250 ns Started: 150 ns Scope: /tb_udp_stack_top/u_udp_stack_top/u_us_icmp_reply/icmp_payload/xpm_fifo_sync_inst/xpm_fifo_base_inst File: E:/tools/Vivado/2022.2/data/ip/xpm/xpm_fifo/hdl/xpm_fifo.sv Line:1584
Error: [EMPTY_CHECK S-4] Reset is applied, but empty flag is not 1 or transitioning to 1 at 250000.
Time: 250 ns  Iteration: 2  Process: /tb_udp_stack_top/u_udp_stack_top/u_us_icmp_reply/icmp_payload/xpm_fifo_sync_inst/xpm_fifo_base_inst//tb_udp_stack_top/u_udp_stack_top/u_us_icmp_reply/icmp_payload/xpm_fifo_sync_inst/xpm_fifo_base_inst  Scope: tb_udp_stack_top.u_udp_stack_top.u_us_icmp_reply.icmp_payload.xpm_fifo_sync_inst.xpm_fifo_base_inst  File: E:/tools/Vivado/2022.2/data/ip/xpm/xpm_fifo/hdl/xpm_fifo.sv Line: 1587

Time: 250 ns Started: 150 ns Scope: /tb_udp_stack_top/u_udp_stack_top/u_eth_frame_tx/tx_udp/udp_payload/xpm_fifo_sync_inst/xpm_fifo_base_inst File: E:/tools/Vivado/2022.2/data/ip/xpm/xpm_fifo/hdl/xpm_fifo.sv Line:1584
Error: [EMPTY_CHECK S-4] Reset is applied, but empty flag is not 1 or transitioning to 1 at 250000.
Time: 250 ns  Iteration: 2  Process: /tb_udp_stack_top/u_udp_stack_top/u_eth_frame_tx/tx_udp/udp_payload/xpm_fifo_sync_inst/xpm_fifo_base_inst//tb_udp_stack_top/u_udp_stack_top/u_eth_frame_tx/tx_udp/udp_payload/xpm_fifo_sync_inst/xpm_fifo_base_inst  Scope: tb_udp_stack_top.u_udp_stack_top.u_eth_frame_tx.tx_udp.udp_payload.xpm_fifo_sync_inst.xpm_fifo_base_inst  File: E:/tools/Vivado/2022.2/data/ip/xpm/xpm_fifo/hdl/xpm_fifo.sv Line: 1587

Time: 250 ns Started: 150 ns Scope: /tb_udp_stack_top/u_udp_stack_top/u_eth_frame_tx/tx_udp/udp_checkpayload/xpm_fifo_sync_inst/xpm_fifo_base_inst File: E:/tools/Vivado/2022.2/data/ip/xpm/xpm_fifo/hdl/xpm_fifo.sv Line:1584
Error: [EMPTY_CHECK S-4] Reset is applied, but empty flag is not 1 or transitioning to 1 at 250000.
Time: 250 ns  Iteration: 2  Process: /tb_udp_stack_top/u_udp_stack_top/u_eth_frame_tx/tx_udp/udp_checkpayload/xpm_fifo_sync_inst/xpm_fifo_base_inst//tb_udp_stack_top/u_udp_stack_top/u_eth_frame_tx/tx_udp/udp_checkpayload/xpm_fifo_sync_inst/xpm_fifo_base_inst  Scope: tb_udp_stack_top.u_udp_stack_top.u_eth_frame_tx.tx_udp.udp_checkpayload.xpm_fifo_sync_inst.xpm_fifo_base_inst  File: E:/tools/Vivado/2022.2/data/ip/xpm/xpm_fifo/hdl/xpm_fifo.sv Line: 1587

Time: 250 ns Started: 150 ns Scope: /tb_udp_stack_top/u_udp_stack_top/u_eth_frame_tx/tx_udp/udp_checkpacket/xpm_fifo_sync_inst/xpm_fifo_base_inst File: E:/tools/Vivado/2022.2/data/ip/xpm/xpm_fifo/hdl/xpm_fifo.sv Line:1584
Error: [EMPTY_CHECK S-4] Reset is applied, but empty flag is not 1 or transitioning to 1 at 250000.
Time: 250 ns  Iteration: 2  Process: /tb_udp_stack_top/u_udp_stack_top/u_eth_frame_tx/tx_udp/udp_checkpacket/xpm_fifo_sync_inst/xpm_fifo_base_inst//tb_udp_stack_top/u_udp_stack_top/u_eth_frame_tx/tx_udp/udp_checkpacket/xpm_fifo_sync_inst/xpm_fifo_base_inst  Scope: tb_udp_stack_top.u_udp_stack_top.u_eth_frame_tx.tx_udp.udp_checkpacket.xpm_fifo_sync_inst.xpm_fifo_base_inst  File: E:/tools/Vivado/2022.2/data/ip/xpm/xpm_fifo/hdl/xpm_fifo.sv Line: 1587

Time: 250 ns Started: 150 ns Scope: /tb_udp_stack_top/u_udp_stack_top/u_eth_frame_tx/tx_ip/ip_stream_inst/stream_data_fifo/xpm_fifo_sync_inst/xpm_fifo_base_inst File: E:/tools/Vivado/2022.2/data/ip/xpm/xpm_fifo/hdl/xpm_fifo.sv Line:1584
Error: [EMPTY_CHECK S-4] Reset is applied, but empty flag is not 1 or transitioning to 1 at 250000.
Time: 250 ns  Iteration: 2  Process: /tb_udp_stack_top/u_udp_stack_top/u_eth_frame_tx/tx_ip/ip_stream_inst/stream_data_fifo/xpm_fifo_sync_inst/xpm_fifo_base_inst//tb_udp_stack_top/u_udp_stack_top/u_eth_frame_tx/tx_ip/ip_stream_inst/stream_data_fifo/xpm_fifo_sync_inst/xpm_fifo_base_inst  Scope: tb_udp_stack_top.u_udp_stack_top.u_eth_frame_tx.tx_ip.ip_stream_inst.stream_data_fifo.xpm_fifo_sync_inst.xpm_fifo_base_inst  File: E:/tools/Vivado/2022.2/data/ip/xpm/xpm_fifo/hdl/xpm_fifo.sv Line: 1587

Time: 250 ns Started: 150 ns Scope: /tb_udp_stack_top/u_udp_stack_top/u_eth_frame_tx/tx_ip/ip_stream_inst/genblk1.stream_byte_fifo/xpm_fifo_sync_inst/xpm_fifo_base_inst File: E:/tools/Vivado/2022.2/data/ip/xpm/xpm_fifo/hdl/xpm_fifo.sv Line:1584
Error: [EMPTY_CHECK S-4] Reset is applied, but empty flag is not 1 or transitioning to 1 at 250000.
Time: 250 ns  Iteration: 2  Process: /tb_udp_stack_top/u_udp_stack_top/u_eth_frame_tx/tx_ip/ip_stream_inst/genblk1.stream_byte_fifo/xpm_fifo_sync_inst/xpm_fifo_base_inst//tb_udp_stack_top/u_udp_stack_top/u_eth_frame_tx/tx_ip/ip_stream_inst/genblk1.stream_byte_fifo/xpm_fifo_sync_inst/xpm_fifo_base_inst  Scope: tb_udp_stack_top.u_udp_stack_top.u_eth_frame_tx.tx_ip.ip_stream_inst.\genblk1.stream_byte_fifo .xpm_fifo_sync_inst.xpm_fifo_base_inst  File: E:/tools/Vivado/2022.2/data/ip/xpm/xpm_fifo/hdl/xpm_fifo.sv Line: 1587

Time: 250 ns Started: 150 ns Scope: /tb_udp_stack_top/u_udp_stack_top/u_eth_frame_tx/tx_ip/ip_head/xpm_fifo_sync_inst/xpm_fifo_base_inst File: E:/tools/Vivado/2022.2/data/ip/xpm/xpm_fifo/hdl/xpm_fifo.sv Line:1584
Error: [EMPTY_CHECK S-4] Reset is applied, but empty flag is not 1 or transitioning to 1 at 250000.
Time: 250 ns  Iteration: 2  Process: /tb_udp_stack_top/u_udp_stack_top/u_eth_frame_tx/tx_ip/ip_head/xpm_fifo_sync_inst/xpm_fifo_base_inst//tb_udp_stack_top/u_udp_stack_top/u_eth_frame_tx/tx_ip/ip_head/xpm_fifo_sync_inst/xpm_fifo_base_inst  Scope: tb_udp_stack_top.u_udp_stack_top.u_eth_frame_tx.tx_ip.ip_head.xpm_fifo_sync_inst.xpm_fifo_base_inst  File: E:/tools/Vivado/2022.2/data/ip/xpm/xpm_fifo/hdl/xpm_fifo.sv Line: 1587

Time: 250 ns Started: 150 ns Scope: /tb_udp_stack_top/u_udp_stack_top/u_eth_frame_tx/tx_ip/ip_send/xpm_fifo_sync_inst/xpm_fifo_base_inst File: E:/tools/Vivado/2022.2/data/ip/xpm/xpm_fifo/hdl/xpm_fifo.sv Line:1584
Error: [EMPTY_CHECK S-4] Reset is applied, but empty flag is not 1 or transitioning to 1 at 250000.
Time: 250 ns  Iteration: 2  Process: /tb_udp_stack_top/u_udp_stack_top/u_eth_frame_tx/tx_ip/ip_send/xpm_fifo_sync_inst/xpm_fifo_base_inst//tb_udp_stack_top/u_udp_stack_top/u_eth_frame_tx/tx_ip/ip_send/xpm_fifo_sync_inst/xpm_fifo_base_inst  Scope: tb_udp_stack_top.u_udp_stack_top.u_eth_frame_tx.tx_ip.ip_send.xpm_fifo_sync_inst.xpm_fifo_base_inst  File: E:/tools/Vivado/2022.2/data/ip/xpm/xpm_fifo/hdl/xpm_fifo.sv Line: 1587

Time: 250 ns Started: 150 ns Scope: /tb_udp_stack_top/u_udp_stack_top/u_eth_frame_tx/tx_mac/u_eth_axis_fifo/stream_data_fifo/xpm_fifo_sync_inst/xpm_fifo_base_inst File: E:/tools/Vivado/2022.2/data/ip/xpm/xpm_fifo/hdl/xpm_fifo.sv Line:1584
Error: [EMPTY_CHECK S-4] Reset is applied, but empty flag is not 1 or transitioning to 1 at 250000.
Time: 250 ns  Iteration: 2  Process: /tb_udp_stack_top/u_udp_stack_top/u_eth_frame_tx/tx_mac/u_eth_axis_fifo/stream_data_fifo/xpm_fifo_sync_inst/xpm_fifo_base_inst//tb_udp_stack_top/u_udp_stack_top/u_eth_frame_tx/tx_mac/u_eth_axis_fifo/stream_data_fifo/xpm_fifo_sync_inst/xpm_fifo_base_inst  Scope: tb_udp_stack_top.u_udp_stack_top.u_eth_frame_tx.tx_mac.u_eth_axis_fifo.stream_data_fifo.xpm_fifo_sync_inst.xpm_fifo_base_inst  File: E:/tools/Vivado/2022.2/data/ip/xpm/xpm_fifo/hdl/xpm_fifo.sv Line: 1587

Time: 250 ns Started: 150 ns Scope: /tb_udp_stack_top/u_udp_stack_top/u_eth_frame_tx/tx_mac/u_eth_axis_fifo/genblk1.stream_byte_fifo/xpm_fifo_sync_inst/xpm_fifo_base_inst File: E:/tools/Vivado/2022.2/data/ip/xpm/xpm_fifo/hdl/xpm_fifo.sv Line:1584
Error: [EMPTY_CHECK S-4] Reset is applied, but empty flag is not 1 or transitioning to 1 at 250000.
Time: 250 ns  Iteration: 2  Process: /tb_udp_stack_top/u_udp_stack_top/u_eth_frame_tx/tx_mac/u_eth_axis_fifo/genblk1.stream_byte_fifo/xpm_fifo_sync_inst/xpm_fifo_base_inst//tb_udp_stack_top/u_udp_stack_top/u_eth_frame_tx/tx_mac/u_eth_axis_fifo/genblk1.stream_byte_fifo/xpm_fifo_sync_inst/xpm_fifo_base_inst  Scope: tb_udp_stack_top.u_udp_stack_top.u_eth_frame_tx.tx_mac.u_eth_axis_fifo.\genblk1.stream_byte_fifo .xpm_fifo_sync_inst.xpm_fifo_base_inst  File: E:/tools/Vivado/2022.2/data/ip/xpm/xpm_fifo/hdl/xpm_fifo.sv Line: 1587

Time: 250 ns Started: 150 ns Scope: /tb_udp_stack_top/u_udp_stack_top/u_eth_frame_tx/tx_mac/mac_send/xpm_fifo_sync_inst/xpm_fifo_base_inst File: E:/tools/Vivado/2022.2/data/ip/xpm/xpm_fifo/hdl/xpm_fifo.sv Line:1584
Error: [EMPTY_CHECK S-4] Reset is applied, but empty flag is not 1 or transitioning to 1 at 250000.
Time: 250 ns  Iteration: 2  Process: /tb_udp_stack_top/u_udp_stack_top/u_eth_frame_tx/tx_mac/mac_send/xpm_fifo_sync_inst/xpm_fifo_base_inst//tb_udp_stack_top/u_udp_stack_top/u_eth_frame_tx/tx_mac/mac_send/xpm_fifo_sync_inst/xpm_fifo_base_inst  Scope: tb_udp_stack_top.u_udp_stack_top.u_eth_frame_tx.tx_mac.mac_send.xpm_fifo_sync_inst.xpm_fifo_base_inst  File: E:/tools/Vivado/2022.2/data/ip/xpm/xpm_fifo/hdl/xpm_fifo.sv Line: 1587
WARNING: Insufficient data from the input file for $fread
WARNING: Insufficient data from the input file for $fread
WARNING: Insufficient data from the input file for $fread
WARNING: Insufficient data from the input file for $fread
WARNING: Insufficient data from the input file for $fread
WARNING: Insufficient data from the input file for $fread
WARNING: Insufficient data from the input file for $fread
WARNING: Insufficient data from the input file for $fread
WARNING: Insufficient data from the input file for $fread
WARNING: Insufficient data from the input file for $fread
WARNING: Insufficient data from the input file for $fread
WARNING: Insufficient data from the input file for $fread
WARNING: Insufficient data from the input file for $fread
WARNING: Insufficient data from the input file for $fread
WARNING: Insufficient data from the input file for $fread
WARNING: Insufficient data from the input file for $fread
WARNING: Insufficient data from the input file for $fread
WARNING: Insufficient data from the input file for $fread
WARNING: Insufficient data from the input file for $fread
WARNING: Insufficient data from the input file for $fread
WARNING: Insufficient data from the input file for $fread
WARNING: Insufficient data from the input file for $fread
WARNING: Insufficient data from the input file for $fread
WARNING: Insufficient data from the input file for $fread
WARNING: Insufficient data from the input file for $fread
WARNING: Insufficient data from the input file for $fread
WARNING: Insufficient data from the input file for $fread
WARNING: Insufficient data from the input file for $fread
WARNING: Insufficient data from the input file for $fread
WARNING: Insufficient data from the input file for $fread
WARNING: Insufficient data from the input file for $fread
WARNING: Insufficient data from the input file for $fread
WARNING: Insufficient data from the input file for $fread
WARNING: Insufficient data from the input file for $fread
WARNING: Insufficient data from the input file for $fread
WARNING: Insufficient data from the input file for $fread
WARNING: Insufficient data from the input file for $fread
WARNING: Insufficient data from the input file for $fread
WARNING: Insufficient data from the input file for $fread
WARNING: Insufficient data from the input file for $fread
WARNING: Insufficient data from the input file for $fread
WARNING: Insufficient data from the input file for $fread
WARNING: Insufficient data from the input file for $fread
WARNING: Insufficient data from the input file for $fread
WARNING: Insufficient data from the input file for $fread
WARNING: Insufficient data from the input file for $fread
WARNING: Insufficient data from the input file for $fread
WARNING: Insufficient data from the input file for $fread
WARNING: Insufficient data from the input file for $fread
WARNING: Insufficient data from the input file for $fread
WARNING: Insufficient data from the input file for $fread
WARNING: Insufficient data from the input file for $fread
WARNING: Insufficient data from the input file for $fread
WARNING: Insufficient data from the input file for $fread
WARNING: Insufficient data from the input file for $fread
WARNING: Insufficient data from the input file for $fread
WARNING: Insufficient data from the input file for $fread
WARNING: Insufficient data from the input file for $fread
WARNING: Insufficient data from the input file for $fread
WARNING: Insufficient data from the input file for $fread
WARNING: Insufficient data from the input file for $fread
WARNING: Insufficient data from the input file for $fread
WARNING: Insufficient data from the input file for $fread
WARNING: Insufficient data from the input file for $fread
WARNING: Insufficient data from the input file for $fread
WARNING: Insufficient data from the input file for $fread
WARNING: Insufficient data from the input file for $fread
WARNING: Insufficient data from the input file for $fread
WARNING: Insufficient data from the input file for $fread
WARNING: Insufficient data from the input file for $fread
WARNING: Insufficient data from the input file for $fread
WARNING: Insufficient data from the input file for $fread
WARNING: Insufficient data from the input file for $fread
WARNING: Insufficient data from the input file for $fread
WARNING: Insufficient data from the input file for $fread
WARNING: Insufficient data from the input file for $fread
WARNING: Insufficient data from the input file for $fread
WARNING: Insufficient data from the input file for $fread
WARNING: Insufficient data from the input file for $fread
WARNING: Insufficient data from the input file for $fread
WARNING: Insufficient data from the input file for $fread
WARNING: Insufficient data from the input file for $fread
WARNING: Insufficient data from the input file for $fread
WARNING: Insufficient data from the input file for $fread
WARNING: Insufficient data from the input file for $fread
WARNING: Insufficient data from the input file for $fread
WARNING: Insufficient data from the input file for $fread
WARNING: Insufficient data from the input file for $fread
WARNING: Insufficient data from the input file for $fread
WARNING: Insufficient data from the input file for $fread
WARNING: Insufficient data from the input file for $fread
WARNING: Insufficient data from the input file for $fread
WARNING: Insufficient data from the input file for $fread
WARNING: Insufficient data from the input file for $fread
WARNING: Insufficient data from the input file for $fread
WARNING: Insufficient data from the input file for $fread
WARNING: Insufficient data from the input file for $fread
WARNING: Insufficient data from the input file for $fread
WARNING: Insufficient data from the input file for $fread
WARNING: Insufficient data from the input file for $fread
WARNING: Insufficient data from the input file for $fread
WARNING: Insufficient data from the input file for $fread
WARNING: Insufficient data from the input file for $fread
WARNING: Insufficient data from the input file for $fread
WARNING: Insufficient data from the input file for $fread
WARNING: Insufficient data from the input file for $fread
WARNING: Insufficient data from the input file for $fread
WARNING: Insufficient data from the input file for $fread
WARNING: Insufficient data from the input file for $fread
All UDP frames sent.
mac-tx-data.bin written successfully.
