Copyright 1986-2022 Xilinx, Inc. All Rights Reserved. Copyright 2022-2024 Advanced Micro Devices, Inc. All Rights Reserved.
-----------------------------------------------------------------------------------------------------------------------------------------------------------------------------
| Tool Version : Vivado v.2024.2 (win64) Build 5239630 Fri Nov 08 22:35:27 MST 2024
| Date         : Thu Oct 23 15:36:31 2025
| Host         : weslie running 64-bit major release  (build 9200)
| Command      : report_methodology -file udp_stack_top_methodology_drc_routed.rpt -pb udp_stack_top_methodology_drc_routed.pb -rpx udp_stack_top_methodology_drc_routed.rpx
| Design       : udp_stack_top
| Device       : xcvu5p-flvb2104-2-i
| Speed File   : -2
| Design State : Fully Routed
-----------------------------------------------------------------------------------------------------------------------------------------------------------------------------

Report Methodology

Table of Contents
-----------------
1. REPORT SUMMARY
2. REPORT DETAILS

1. REPORT SUMMARY
-----------------
            Netlist: netlist
          Floorplan: design_1
      Design limits: <entire design considered>
             Max checks: <unlimited>
             Checks found: 447
+-----------+----------+-------------------------------+--------+
| Rule      | Severity | Description                   | Checks |
+-----------+----------+-------------------------------+--------+
| TIMING-9  | Warning  | Unknown CDC Logic             | 1      |
| TIMING-18 | Warning  | Missing input or output delay | 446    |
+-----------+----------+-------------------------------+--------+

2. REPORT DETAILS
-----------------
TIMING-9#1 Warning
Unknown CDC Logic  
One or more asynchronous Clock Domain Crossing has been detected between 2 clock domains through a set_false_path or a set_clock_groups or set_max_delay -datapath_only constraint but no double-registers logic synchronizer has been found on the side of the capture clock. It is recommended to run report_cdc for a complete and detailed CDC coverage. Please consider using XPM_CDC to avoid Critical severities
Related violations: <none>

TIMING-18#1 Warning
Missing input or output delay  
An input delay is missing on dst_ip_addr[0] relative to the rising and/or falling clock edge(s) of rx_axis_aclk, tx_axis_aclk.
Related violations: <none>

TIMING-18#2 Warning
Missing input or output delay  
An input delay is missing on dst_ip_addr[10] relative to the rising and/or falling clock edge(s) of rx_axis_aclk, tx_axis_aclk.
Related violations: <none>

TIMING-18#3 Warning
Missing input or output delay  
An input delay is missing on dst_ip_addr[11] relative to the rising and/or falling clock edge(s) of rx_axis_aclk, tx_axis_aclk.
Related violations: <none>

TIMING-18#4 Warning
Missing input or output delay  
An input delay is missing on dst_ip_addr[12] relative to the rising and/or falling clock edge(s) of rx_axis_aclk, tx_axis_aclk.
Related violations: <none>

TIMING-18#5 Warning
Missing input or output delay  
An input delay is missing on dst_ip_addr[13] relative to the rising and/or falling clock edge(s) of rx_axis_aclk, tx_axis_aclk.
Related violations: <none>

TIMING-18#6 Warning
Missing input or output delay  
An input delay is missing on dst_ip_addr[14] relative to the rising and/or falling clock edge(s) of rx_axis_aclk, tx_axis_aclk.
Related violations: <none>

TIMING-18#7 Warning
Missing input or output delay  
An input delay is missing on dst_ip_addr[15] relative to the rising and/or falling clock edge(s) of rx_axis_aclk, tx_axis_aclk.
Related violations: <none>

TIMING-18#8 Warning
Missing input or output delay  
An input delay is missing on dst_ip_addr[16] relative to the rising and/or falling clock edge(s) of rx_axis_aclk, tx_axis_aclk.
Related violations: <none>

TIMING-18#9 Warning
Missing input or output delay  
An input delay is missing on dst_ip_addr[17] relative to the rising and/or falling clock edge(s) of rx_axis_aclk, tx_axis_aclk.
Related violations: <none>

TIMING-18#10 Warning
Missing input or output delay  
An input delay is missing on dst_ip_addr[18] relative to the rising and/or falling clock edge(s) of rx_axis_aclk, tx_axis_aclk.
Related violations: <none>

TIMING-18#11 Warning
Missing input or output delay  
An input delay is missing on dst_ip_addr[19] relative to the rising and/or falling clock edge(s) of rx_axis_aclk, tx_axis_aclk.
Related violations: <none>

TIMING-18#12 Warning
Missing input or output delay  
An input delay is missing on dst_ip_addr[1] relative to the rising and/or falling clock edge(s) of rx_axis_aclk, tx_axis_aclk.
Related violations: <none>

TIMING-18#13 Warning
Missing input or output delay  
An input delay is missing on dst_ip_addr[20] relative to the rising and/or falling clock edge(s) of rx_axis_aclk, tx_axis_aclk.
Related violations: <none>

TIMING-18#14 Warning
Missing input or output delay  
An input delay is missing on dst_ip_addr[21] relative to the rising and/or falling clock edge(s) of rx_axis_aclk, tx_axis_aclk.
Related violations: <none>

TIMING-18#15 Warning
Missing input or output delay  
An input delay is missing on dst_ip_addr[22] relative to the rising and/or falling clock edge(s) of rx_axis_aclk, tx_axis_aclk.
Related violations: <none>

TIMING-18#16 Warning
Missing input or output delay  
An input delay is missing on dst_ip_addr[23] relative to the rising and/or falling clock edge(s) of rx_axis_aclk, tx_axis_aclk.
Related violations: <none>

TIMING-18#17 Warning
Missing input or output delay  
An input delay is missing on dst_ip_addr[24] relative to the rising and/or falling clock edge(s) of rx_axis_aclk, tx_axis_aclk.
Related violations: <none>

TIMING-18#18 Warning
Missing input or output delay  
An input delay is missing on dst_ip_addr[25] relative to the rising and/or falling clock edge(s) of rx_axis_aclk, tx_axis_aclk.
Related violations: <none>

TIMING-18#19 Warning
Missing input or output delay  
An input delay is missing on dst_ip_addr[26] relative to the rising and/or falling clock edge(s) of rx_axis_aclk, tx_axis_aclk.
Related violations: <none>

TIMING-18#20 Warning
Missing input or output delay  
An input delay is missing on dst_ip_addr[27] relative to the rising and/or falling clock edge(s) of rx_axis_aclk, tx_axis_aclk.
Related violations: <none>

TIMING-18#21 Warning
Missing input or output delay  
An input delay is missing on dst_ip_addr[28] relative to the rising and/or falling clock edge(s) of rx_axis_aclk, tx_axis_aclk.
Related violations: <none>

TIMING-18#22 Warning
Missing input or output delay  
An input delay is missing on dst_ip_addr[29] relative to the rising and/or falling clock edge(s) of rx_axis_aclk, tx_axis_aclk.
Related violations: <none>

TIMING-18#23 Warning
Missing input or output delay  
An input delay is missing on dst_ip_addr[2] relative to the rising and/or falling clock edge(s) of rx_axis_aclk, tx_axis_aclk.
Related violations: <none>

TIMING-18#24 Warning
Missing input or output delay  
An input delay is missing on dst_ip_addr[30] relative to the rising and/or falling clock edge(s) of rx_axis_aclk, tx_axis_aclk.
Related violations: <none>

TIMING-18#25 Warning
Missing input or output delay  
An input delay is missing on dst_ip_addr[31] relative to the rising and/or falling clock edge(s) of rx_axis_aclk, tx_axis_aclk.
Related violations: <none>

TIMING-18#26 Warning
Missing input or output delay  
An input delay is missing on dst_ip_addr[3] relative to the rising and/or falling clock edge(s) of rx_axis_aclk, tx_axis_aclk.
Related violations: <none>

TIMING-18#27 Warning
Missing input or output delay  
An input delay is missing on dst_ip_addr[4] relative to the rising and/or falling clock edge(s) of rx_axis_aclk, tx_axis_aclk.
Related violations: <none>

TIMING-18#28 Warning
Missing input or output delay  
An input delay is missing on dst_ip_addr[5] relative to the rising and/or falling clock edge(s) of rx_axis_aclk, tx_axis_aclk.
Related violations: <none>

TIMING-18#29 Warning
Missing input or output delay  
An input delay is missing on dst_ip_addr[6] relative to the rising and/or falling clock edge(s) of rx_axis_aclk, tx_axis_aclk.
Related violations: <none>

TIMING-18#30 Warning
Missing input or output delay  
An input delay is missing on dst_ip_addr[7] relative to the rising and/or falling clock edge(s) of rx_axis_aclk, tx_axis_aclk.
Related violations: <none>

TIMING-18#31 Warning
Missing input or output delay  
An input delay is missing on dst_ip_addr[8] relative to the rising and/or falling clock edge(s) of rx_axis_aclk, tx_axis_aclk.
Related violations: <none>

TIMING-18#32 Warning
Missing input or output delay  
An input delay is missing on dst_ip_addr[9] relative to the rising and/or falling clock edge(s) of rx_axis_aclk, tx_axis_aclk.
Related violations: <none>

TIMING-18#33 Warning
Missing input or output delay  
An input delay is missing on mac_rx_axis_tdata[0] relative to the rising and/or falling clock edge(s) of rx_axis_aclk.
Related violations: <none>

TIMING-18#34 Warning
Missing input or output delay  
An input delay is missing on mac_rx_axis_tdata[10] relative to the rising and/or falling clock edge(s) of rx_axis_aclk.
Related violations: <none>

TIMING-18#35 Warning
Missing input or output delay  
An input delay is missing on mac_rx_axis_tdata[11] relative to the rising and/or falling clock edge(s) of rx_axis_aclk.
Related violations: <none>

TIMING-18#36 Warning
Missing input or output delay  
An input delay is missing on mac_rx_axis_tdata[12] relative to the rising and/or falling clock edge(s) of rx_axis_aclk.
Related violations: <none>

TIMING-18#37 Warning
Missing input or output delay  
An input delay is missing on mac_rx_axis_tdata[13] relative to the rising and/or falling clock edge(s) of rx_axis_aclk.
Related violations: <none>

TIMING-18#38 Warning
Missing input or output delay  
An input delay is missing on mac_rx_axis_tdata[14] relative to the rising and/or falling clock edge(s) of rx_axis_aclk.
Related violations: <none>

TIMING-18#39 Warning
Missing input or output delay  
An input delay is missing on mac_rx_axis_tdata[15] relative to the rising and/or falling clock edge(s) of rx_axis_aclk.
Related violations: <none>

TIMING-18#40 Warning
Missing input or output delay  
An input delay is missing on mac_rx_axis_tdata[16] relative to the rising and/or falling clock edge(s) of rx_axis_aclk.
Related violations: <none>

TIMING-18#41 Warning
Missing input or output delay  
An input delay is missing on mac_rx_axis_tdata[17] relative to the rising and/or falling clock edge(s) of rx_axis_aclk.
Related violations: <none>

TIMING-18#42 Warning
Missing input or output delay  
An input delay is missing on mac_rx_axis_tdata[18] relative to the rising and/or falling clock edge(s) of rx_axis_aclk.
Related violations: <none>

TIMING-18#43 Warning
Missing input or output delay  
An input delay is missing on mac_rx_axis_tdata[19] relative to the rising and/or falling clock edge(s) of rx_axis_aclk.
Related violations: <none>

TIMING-18#44 Warning
Missing input or output delay  
An input delay is missing on mac_rx_axis_tdata[1] relative to the rising and/or falling clock edge(s) of rx_axis_aclk.
Related violations: <none>

TIMING-18#45 Warning
Missing input or output delay  
An input delay is missing on mac_rx_axis_tdata[20] relative to the rising and/or falling clock edge(s) of rx_axis_aclk.
Related violations: <none>

TIMING-18#46 Warning
Missing input or output delay  
An input delay is missing on mac_rx_axis_tdata[21] relative to the rising and/or falling clock edge(s) of rx_axis_aclk.
Related violations: <none>

TIMING-18#47 Warning
Missing input or output delay  
An input delay is missing on mac_rx_axis_tdata[22] relative to the rising and/or falling clock edge(s) of rx_axis_aclk.
Related violations: <none>

TIMING-18#48 Warning
Missing input or output delay  
An input delay is missing on mac_rx_axis_tdata[23] relative to the rising and/or falling clock edge(s) of rx_axis_aclk.
Related violations: <none>

TIMING-18#49 Warning
Missing input or output delay  
An input delay is missing on mac_rx_axis_tdata[24] relative to the rising and/or falling clock edge(s) of rx_axis_aclk.
Related violations: <none>

TIMING-18#50 Warning
Missing input or output delay  
An input delay is missing on mac_rx_axis_tdata[25] relative to the rising and/or falling clock edge(s) of rx_axis_aclk.
Related violations: <none>

TIMING-18#51 Warning
Missing input or output delay  
An input delay is missing on mac_rx_axis_tdata[26] relative to the rising and/or falling clock edge(s) of rx_axis_aclk.
Related violations: <none>

TIMING-18#52 Warning
Missing input or output delay  
An input delay is missing on mac_rx_axis_tdata[27] relative to the rising and/or falling clock edge(s) of rx_axis_aclk.
Related violations: <none>

TIMING-18#53 Warning
Missing input or output delay  
An input delay is missing on mac_rx_axis_tdata[28] relative to the rising and/or falling clock edge(s) of rx_axis_aclk.
Related violations: <none>

TIMING-18#54 Warning
Missing input or output delay  
An input delay is missing on mac_rx_axis_tdata[29] relative to the rising and/or falling clock edge(s) of rx_axis_aclk.
Related violations: <none>

TIMING-18#55 Warning
Missing input or output delay  
An input delay is missing on mac_rx_axis_tdata[2] relative to the rising and/or falling clock edge(s) of rx_axis_aclk.
Related violations: <none>

TIMING-18#56 Warning
Missing input or output delay  
An input delay is missing on mac_rx_axis_tdata[30] relative to the rising and/or falling clock edge(s) of rx_axis_aclk.
Related violations: <none>

TIMING-18#57 Warning
Missing input or output delay  
An input delay is missing on mac_rx_axis_tdata[31] relative to the rising and/or falling clock edge(s) of rx_axis_aclk.
Related violations: <none>

TIMING-18#58 Warning
Missing input or output delay  
An input delay is missing on mac_rx_axis_tdata[32] relative to the rising and/or falling clock edge(s) of rx_axis_aclk.
Related violations: <none>

TIMING-18#59 Warning
Missing input or output delay  
An input delay is missing on mac_rx_axis_tdata[33] relative to the rising and/or falling clock edge(s) of rx_axis_aclk.
Related violations: <none>

TIMING-18#60 Warning
Missing input or output delay  
An input delay is missing on mac_rx_axis_tdata[34] relative to the rising and/or falling clock edge(s) of rx_axis_aclk.
Related violations: <none>

TIMING-18#61 Warning
Missing input or output delay  
An input delay is missing on mac_rx_axis_tdata[35] relative to the rising and/or falling clock edge(s) of rx_axis_aclk.
Related violations: <none>

TIMING-18#62 Warning
Missing input or output delay  
An input delay is missing on mac_rx_axis_tdata[36] relative to the rising and/or falling clock edge(s) of rx_axis_aclk.
Related violations: <none>

TIMING-18#63 Warning
Missing input or output delay  
An input delay is missing on mac_rx_axis_tdata[37] relative to the rising and/or falling clock edge(s) of rx_axis_aclk.
Related violations: <none>

TIMING-18#64 Warning
Missing input or output delay  
An input delay is missing on mac_rx_axis_tdata[38] relative to the rising and/or falling clock edge(s) of rx_axis_aclk.
Related violations: <none>

TIMING-18#65 Warning
Missing input or output delay  
An input delay is missing on mac_rx_axis_tdata[39] relative to the rising and/or falling clock edge(s) of rx_axis_aclk.
Related violations: <none>

TIMING-18#66 Warning
Missing input or output delay  
An input delay is missing on mac_rx_axis_tdata[3] relative to the rising and/or falling clock edge(s) of rx_axis_aclk.
Related violations: <none>

TIMING-18#67 Warning
Missing input or output delay  
An input delay is missing on mac_rx_axis_tdata[40] relative to the rising and/or falling clock edge(s) of rx_axis_aclk.
Related violations: <none>

TIMING-18#68 Warning
Missing input or output delay  
An input delay is missing on mac_rx_axis_tdata[41] relative to the rising and/or falling clock edge(s) of rx_axis_aclk.
Related violations: <none>

TIMING-18#69 Warning
Missing input or output delay  
An input delay is missing on mac_rx_axis_tdata[42] relative to the rising and/or falling clock edge(s) of rx_axis_aclk.
Related violations: <none>

TIMING-18#70 Warning
Missing input or output delay  
An input delay is missing on mac_rx_axis_tdata[43] relative to the rising and/or falling clock edge(s) of rx_axis_aclk.
Related violations: <none>

TIMING-18#71 Warning
Missing input or output delay  
An input delay is missing on mac_rx_axis_tdata[44] relative to the rising and/or falling clock edge(s) of rx_axis_aclk.
Related violations: <none>

TIMING-18#72 Warning
Missing input or output delay  
An input delay is missing on mac_rx_axis_tdata[45] relative to the rising and/or falling clock edge(s) of rx_axis_aclk.
Related violations: <none>

TIMING-18#73 Warning
Missing input or output delay  
An input delay is missing on mac_rx_axis_tdata[46] relative to the rising and/or falling clock edge(s) of rx_axis_aclk.
Related violations: <none>

TIMING-18#74 Warning
Missing input or output delay  
An input delay is missing on mac_rx_axis_tdata[47] relative to the rising and/or falling clock edge(s) of rx_axis_aclk.
Related violations: <none>

TIMING-18#75 Warning
Missing input or output delay  
An input delay is missing on mac_rx_axis_tdata[48] relative to the rising and/or falling clock edge(s) of rx_axis_aclk.
Related violations: <none>

TIMING-18#76 Warning
Missing input or output delay  
An input delay is missing on mac_rx_axis_tdata[49] relative to the rising and/or falling clock edge(s) of rx_axis_aclk.
Related violations: <none>

TIMING-18#77 Warning
Missing input or output delay  
An input delay is missing on mac_rx_axis_tdata[4] relative to the rising and/or falling clock edge(s) of rx_axis_aclk.
Related violations: <none>

TIMING-18#78 Warning
Missing input or output delay  
An input delay is missing on mac_rx_axis_tdata[50] relative to the rising and/or falling clock edge(s) of rx_axis_aclk.
Related violations: <none>

TIMING-18#79 Warning
Missing input or output delay  
An input delay is missing on mac_rx_axis_tdata[51] relative to the rising and/or falling clock edge(s) of rx_axis_aclk.
Related violations: <none>

TIMING-18#80 Warning
Missing input or output delay  
An input delay is missing on mac_rx_axis_tdata[52] relative to the rising and/or falling clock edge(s) of rx_axis_aclk.
Related violations: <none>

TIMING-18#81 Warning
Missing input or output delay  
An input delay is missing on mac_rx_axis_tdata[53] relative to the rising and/or falling clock edge(s) of rx_axis_aclk.
Related violations: <none>

TIMING-18#82 Warning
Missing input or output delay  
An input delay is missing on mac_rx_axis_tdata[54] relative to the rising and/or falling clock edge(s) of rx_axis_aclk.
Related violations: <none>

TIMING-18#83 Warning
Missing input or output delay  
An input delay is missing on mac_rx_axis_tdata[55] relative to the rising and/or falling clock edge(s) of rx_axis_aclk.
Related violations: <none>

TIMING-18#84 Warning
Missing input or output delay  
An input delay is missing on mac_rx_axis_tdata[56] relative to the rising and/or falling clock edge(s) of rx_axis_aclk.
Related violations: <none>

TIMING-18#85 Warning
Missing input or output delay  
An input delay is missing on mac_rx_axis_tdata[57] relative to the rising and/or falling clock edge(s) of rx_axis_aclk.
Related violations: <none>

TIMING-18#86 Warning
Missing input or output delay  
An input delay is missing on mac_rx_axis_tdata[58] relative to the rising and/or falling clock edge(s) of rx_axis_aclk.
Related violations: <none>

TIMING-18#87 Warning
Missing input or output delay  
An input delay is missing on mac_rx_axis_tdata[59] relative to the rising and/or falling clock edge(s) of rx_axis_aclk.
Related violations: <none>

TIMING-18#88 Warning
Missing input or output delay  
An input delay is missing on mac_rx_axis_tdata[5] relative to the rising and/or falling clock edge(s) of rx_axis_aclk.
Related violations: <none>

TIMING-18#89 Warning
Missing input or output delay  
An input delay is missing on mac_rx_axis_tdata[60] relative to the rising and/or falling clock edge(s) of rx_axis_aclk.
Related violations: <none>

TIMING-18#90 Warning
Missing input or output delay  
An input delay is missing on mac_rx_axis_tdata[61] relative to the rising and/or falling clock edge(s) of rx_axis_aclk.
Related violations: <none>

TIMING-18#91 Warning
Missing input or output delay  
An input delay is missing on mac_rx_axis_tdata[62] relative to the rising and/or falling clock edge(s) of rx_axis_aclk.
Related violations: <none>

TIMING-18#92 Warning
Missing input or output delay  
An input delay is missing on mac_rx_axis_tdata[63] relative to the rising and/or falling clock edge(s) of rx_axis_aclk.
Related violations: <none>

TIMING-18#93 Warning
Missing input or output delay  
An input delay is missing on mac_rx_axis_tdata[6] relative to the rising and/or falling clock edge(s) of rx_axis_aclk.
Related violations: <none>

TIMING-18#94 Warning
Missing input or output delay  
An input delay is missing on mac_rx_axis_tdata[7] relative to the rising and/or falling clock edge(s) of rx_axis_aclk.
Related violations: <none>

TIMING-18#95 Warning
Missing input or output delay  
An input delay is missing on mac_rx_axis_tdata[8] relative to the rising and/or falling clock edge(s) of rx_axis_aclk.
Related violations: <none>

TIMING-18#96 Warning
Missing input or output delay  
An input delay is missing on mac_rx_axis_tdata[9] relative to the rising and/or falling clock edge(s) of rx_axis_aclk.
Related violations: <none>

TIMING-18#97 Warning
Missing input or output delay  
An input delay is missing on mac_rx_axis_tkeep[0] relative to the rising and/or falling clock edge(s) of rx_axis_aclk.
Related violations: <none>

TIMING-18#98 Warning
Missing input or output delay  
An input delay is missing on mac_rx_axis_tkeep[1] relative to the rising and/or falling clock edge(s) of rx_axis_aclk.
Related violations: <none>

TIMING-18#99 Warning
Missing input or output delay  
An input delay is missing on mac_rx_axis_tkeep[2] relative to the rising and/or falling clock edge(s) of rx_axis_aclk.
Related violations: <none>

TIMING-18#100 Warning
Missing input or output delay  
An input delay is missing on mac_rx_axis_tkeep[3] relative to the rising and/or falling clock edge(s) of rx_axis_aclk.
Related violations: <none>

TIMING-18#101 Warning
Missing input or output delay  
An input delay is missing on mac_rx_axis_tkeep[4] relative to the rising and/or falling clock edge(s) of rx_axis_aclk.
Related violations: <none>

TIMING-18#102 Warning
Missing input or output delay  
An input delay is missing on mac_rx_axis_tkeep[5] relative to the rising and/or falling clock edge(s) of rx_axis_aclk.
Related violations: <none>

TIMING-18#103 Warning
Missing input or output delay  
An input delay is missing on mac_rx_axis_tkeep[6] relative to the rising and/or falling clock edge(s) of rx_axis_aclk.
Related violations: <none>

TIMING-18#104 Warning
Missing input or output delay  
An input delay is missing on mac_rx_axis_tkeep[7] relative to the rising and/or falling clock edge(s) of rx_axis_aclk.
Related violations: <none>

TIMING-18#105 Warning
Missing input or output delay  
An input delay is missing on mac_rx_axis_tlast relative to the rising and/or falling clock edge(s) of rx_axis_aclk.
Related violations: <none>

TIMING-18#106 Warning
Missing input or output delay  
An input delay is missing on mac_rx_axis_tuser relative to the rising and/or falling clock edge(s) of rx_axis_aclk.
Related violations: <none>

TIMING-18#107 Warning
Missing input or output delay  
An input delay is missing on mac_rx_axis_tvalid relative to the rising and/or falling clock edge(s) of rx_axis_aclk.
Related violations: <none>

TIMING-18#108 Warning
Missing input or output delay  
An input delay is missing on mac_tx_axis_tready relative to the rising and/or falling clock edge(s) of tx_axis_aclk.
Related violations: <none>

TIMING-18#109 Warning
Missing input or output delay  
An input delay is missing on rx_axis_aresetn relative to the rising and/or falling clock edge(s) of rx_axis_aclk.
Related violations: <none>

TIMING-18#110 Warning
Missing input or output delay  
An input delay is missing on src_ip_addr[0] relative to the rising and/or falling clock edge(s) of rx_axis_aclk, tx_axis_aclk.
Related violations: <none>

TIMING-18#111 Warning
Missing input or output delay  
An input delay is missing on src_ip_addr[10] relative to the rising and/or falling clock edge(s) of rx_axis_aclk, tx_axis_aclk.
Related violations: <none>

TIMING-18#112 Warning
Missing input or output delay  
An input delay is missing on src_ip_addr[11] relative to the rising and/or falling clock edge(s) of rx_axis_aclk, tx_axis_aclk.
Related violations: <none>

TIMING-18#113 Warning
Missing input or output delay  
An input delay is missing on src_ip_addr[12] relative to the rising and/or falling clock edge(s) of rx_axis_aclk, tx_axis_aclk.
Related violations: <none>

TIMING-18#114 Warning
Missing input or output delay  
An input delay is missing on src_ip_addr[13] relative to the rising and/or falling clock edge(s) of rx_axis_aclk, tx_axis_aclk.
Related violations: <none>

TIMING-18#115 Warning
Missing input or output delay  
An input delay is missing on src_ip_addr[14] relative to the rising and/or falling clock edge(s) of rx_axis_aclk, tx_axis_aclk.
Related violations: <none>

TIMING-18#116 Warning
Missing input or output delay  
An input delay is missing on src_ip_addr[15] relative to the rising and/or falling clock edge(s) of rx_axis_aclk, tx_axis_aclk.
Related violations: <none>

TIMING-18#117 Warning
Missing input or output delay  
An input delay is missing on src_ip_addr[16] relative to the rising and/or falling clock edge(s) of rx_axis_aclk, tx_axis_aclk.
Related violations: <none>

TIMING-18#118 Warning
Missing input or output delay  
An input delay is missing on src_ip_addr[17] relative to the rising and/or falling clock edge(s) of rx_axis_aclk, tx_axis_aclk.
Related violations: <none>

TIMING-18#119 Warning
Missing input or output delay  
An input delay is missing on src_ip_addr[18] relative to the rising and/or falling clock edge(s) of rx_axis_aclk, tx_axis_aclk.
Related violations: <none>

TIMING-18#120 Warning
Missing input or output delay  
An input delay is missing on src_ip_addr[19] relative to the rising and/or falling clock edge(s) of rx_axis_aclk, tx_axis_aclk.
Related violations: <none>

TIMING-18#121 Warning
Missing input or output delay  
An input delay is missing on src_ip_addr[1] relative to the rising and/or falling clock edge(s) of rx_axis_aclk, tx_axis_aclk.
Related violations: <none>

TIMING-18#122 Warning
Missing input or output delay  
An input delay is missing on src_ip_addr[20] relative to the rising and/or falling clock edge(s) of rx_axis_aclk, tx_axis_aclk.
Related violations: <none>

TIMING-18#123 Warning
Missing input or output delay  
An input delay is missing on src_ip_addr[21] relative to the rising and/or falling clock edge(s) of rx_axis_aclk, tx_axis_aclk.
Related violations: <none>

TIMING-18#124 Warning
Missing input or output delay  
An input delay is missing on src_ip_addr[22] relative to the rising and/or falling clock edge(s) of rx_axis_aclk, tx_axis_aclk.
Related violations: <none>

TIMING-18#125 Warning
Missing input or output delay  
An input delay is missing on src_ip_addr[23] relative to the rising and/or falling clock edge(s) of rx_axis_aclk, tx_axis_aclk.
Related violations: <none>

TIMING-18#126 Warning
Missing input or output delay  
An input delay is missing on src_ip_addr[24] relative to the rising and/or falling clock edge(s) of rx_axis_aclk, tx_axis_aclk.
Related violations: <none>

TIMING-18#127 Warning
Missing input or output delay  
An input delay is missing on src_ip_addr[25] relative to the rising and/or falling clock edge(s) of rx_axis_aclk, tx_axis_aclk.
Related violations: <none>

TIMING-18#128 Warning
Missing input or output delay  
An input delay is missing on src_ip_addr[26] relative to the rising and/or falling clock edge(s) of rx_axis_aclk, tx_axis_aclk.
Related violations: <none>

TIMING-18#129 Warning
Missing input or output delay  
An input delay is missing on src_ip_addr[27] relative to the rising and/or falling clock edge(s) of rx_axis_aclk, tx_axis_aclk.
Related violations: <none>

TIMING-18#130 Warning
Missing input or output delay  
An input delay is missing on src_ip_addr[28] relative to the rising and/or falling clock edge(s) of rx_axis_aclk, tx_axis_aclk.
Related violations: <none>

TIMING-18#131 Warning
Missing input or output delay  
An input delay is missing on src_ip_addr[29] relative to the rising and/or falling clock edge(s) of rx_axis_aclk, tx_axis_aclk.
Related violations: <none>

TIMING-18#132 Warning
Missing input or output delay  
An input delay is missing on src_ip_addr[2] relative to the rising and/or falling clock edge(s) of rx_axis_aclk, tx_axis_aclk.
Related violations: <none>

TIMING-18#133 Warning
Missing input or output delay  
An input delay is missing on src_ip_addr[30] relative to the rising and/or falling clock edge(s) of rx_axis_aclk, tx_axis_aclk.
Related violations: <none>

TIMING-18#134 Warning
Missing input or output delay  
An input delay is missing on src_ip_addr[31] relative to the rising and/or falling clock edge(s) of rx_axis_aclk, tx_axis_aclk.
Related violations: <none>

TIMING-18#135 Warning
Missing input or output delay  
An input delay is missing on src_ip_addr[3] relative to the rising and/or falling clock edge(s) of rx_axis_aclk, tx_axis_aclk.
Related violations: <none>

TIMING-18#136 Warning
Missing input or output delay  
An input delay is missing on src_ip_addr[4] relative to the rising and/or falling clock edge(s) of rx_axis_aclk, tx_axis_aclk.
Related violations: <none>

TIMING-18#137 Warning
Missing input or output delay  
An input delay is missing on src_ip_addr[5] relative to the rising and/or falling clock edge(s) of rx_axis_aclk, tx_axis_aclk.
Related violations: <none>

TIMING-18#138 Warning
Missing input or output delay  
An input delay is missing on src_ip_addr[6] relative to the rising and/or falling clock edge(s) of rx_axis_aclk, tx_axis_aclk.
Related violations: <none>

TIMING-18#139 Warning
Missing input or output delay  
An input delay is missing on src_ip_addr[7] relative to the rising and/or falling clock edge(s) of rx_axis_aclk, tx_axis_aclk.
Related violations: <none>

TIMING-18#140 Warning
Missing input or output delay  
An input delay is missing on src_ip_addr[8] relative to the rising and/or falling clock edge(s) of rx_axis_aclk, tx_axis_aclk.
Related violations: <none>

TIMING-18#141 Warning
Missing input or output delay  
An input delay is missing on src_ip_addr[9] relative to the rising and/or falling clock edge(s) of rx_axis_aclk, tx_axis_aclk.
Related violations: <none>

TIMING-18#142 Warning
Missing input or output delay  
An input delay is missing on src_mac_addr[0] relative to the rising and/or falling clock edge(s) of rx_axis_aclk, tx_axis_aclk.
Related violations: <none>

TIMING-18#143 Warning
Missing input or output delay  
An input delay is missing on src_mac_addr[10] relative to the rising and/or falling clock edge(s) of rx_axis_aclk, tx_axis_aclk.
Related violations: <none>

TIMING-18#144 Warning
Missing input or output delay  
An input delay is missing on src_mac_addr[11] relative to the rising and/or falling clock edge(s) of rx_axis_aclk, tx_axis_aclk.
Related violations: <none>

TIMING-18#145 Warning
Missing input or output delay  
An input delay is missing on src_mac_addr[12] relative to the rising and/or falling clock edge(s) of rx_axis_aclk, tx_axis_aclk.
Related violations: <none>

TIMING-18#146 Warning
Missing input or output delay  
An input delay is missing on src_mac_addr[13] relative to the rising and/or falling clock edge(s) of rx_axis_aclk, tx_axis_aclk.
Related violations: <none>

TIMING-18#147 Warning
Missing input or output delay  
An input delay is missing on src_mac_addr[14] relative to the rising and/or falling clock edge(s) of rx_axis_aclk, tx_axis_aclk.
Related violations: <none>

TIMING-18#148 Warning
Missing input or output delay  
An input delay is missing on src_mac_addr[15] relative to the rising and/or falling clock edge(s) of rx_axis_aclk, tx_axis_aclk.
Related violations: <none>

TIMING-18#149 Warning
Missing input or output delay  
An input delay is missing on src_mac_addr[16] relative to the rising and/or falling clock edge(s) of rx_axis_aclk, tx_axis_aclk.
Related violations: <none>

TIMING-18#150 Warning
Missing input or output delay  
An input delay is missing on src_mac_addr[17] relative to the rising and/or falling clock edge(s) of rx_axis_aclk, tx_axis_aclk.
Related violations: <none>

TIMING-18#151 Warning
Missing input or output delay  
An input delay is missing on src_mac_addr[18] relative to the rising and/or falling clock edge(s) of rx_axis_aclk, tx_axis_aclk.
Related violations: <none>

TIMING-18#152 Warning
Missing input or output delay  
An input delay is missing on src_mac_addr[19] relative to the rising and/or falling clock edge(s) of rx_axis_aclk, tx_axis_aclk.
Related violations: <none>

TIMING-18#153 Warning
Missing input or output delay  
An input delay is missing on src_mac_addr[1] relative to the rising and/or falling clock edge(s) of rx_axis_aclk, tx_axis_aclk.
Related violations: <none>

TIMING-18#154 Warning
Missing input or output delay  
An input delay is missing on src_mac_addr[20] relative to the rising and/or falling clock edge(s) of rx_axis_aclk, tx_axis_aclk.
Related violations: <none>

TIMING-18#155 Warning
Missing input or output delay  
An input delay is missing on src_mac_addr[21] relative to the rising and/or falling clock edge(s) of rx_axis_aclk, tx_axis_aclk.
Related violations: <none>

TIMING-18#156 Warning
Missing input or output delay  
An input delay is missing on src_mac_addr[22] relative to the rising and/or falling clock edge(s) of rx_axis_aclk, tx_axis_aclk.
Related violations: <none>

TIMING-18#157 Warning
Missing input or output delay  
An input delay is missing on src_mac_addr[23] relative to the rising and/or falling clock edge(s) of rx_axis_aclk, tx_axis_aclk.
Related violations: <none>

TIMING-18#158 Warning
Missing input or output delay  
An input delay is missing on src_mac_addr[24] relative to the rising and/or falling clock edge(s) of rx_axis_aclk, tx_axis_aclk.
Related violations: <none>

TIMING-18#159 Warning
Missing input or output delay  
An input delay is missing on src_mac_addr[25] relative to the rising and/or falling clock edge(s) of rx_axis_aclk, tx_axis_aclk.
Related violations: <none>

TIMING-18#160 Warning
Missing input or output delay  
An input delay is missing on src_mac_addr[26] relative to the rising and/or falling clock edge(s) of rx_axis_aclk, tx_axis_aclk.
Related violations: <none>

TIMING-18#161 Warning
Missing input or output delay  
An input delay is missing on src_mac_addr[27] relative to the rising and/or falling clock edge(s) of rx_axis_aclk, tx_axis_aclk.
Related violations: <none>

TIMING-18#162 Warning
Missing input or output delay  
An input delay is missing on src_mac_addr[28] relative to the rising and/or falling clock edge(s) of rx_axis_aclk, tx_axis_aclk.
Related violations: <none>

TIMING-18#163 Warning
Missing input or output delay  
An input delay is missing on src_mac_addr[29] relative to the rising and/or falling clock edge(s) of rx_axis_aclk, tx_axis_aclk.
Related violations: <none>

TIMING-18#164 Warning
Missing input or output delay  
An input delay is missing on src_mac_addr[2] relative to the rising and/or falling clock edge(s) of rx_axis_aclk, tx_axis_aclk.
Related violations: <none>

TIMING-18#165 Warning
Missing input or output delay  
An input delay is missing on src_mac_addr[30] relative to the rising and/or falling clock edge(s) of rx_axis_aclk, tx_axis_aclk.
Related violations: <none>

TIMING-18#166 Warning
Missing input or output delay  
An input delay is missing on src_mac_addr[31] relative to the rising and/or falling clock edge(s) of rx_axis_aclk, tx_axis_aclk.
Related violations: <none>

TIMING-18#167 Warning
Missing input or output delay  
An input delay is missing on src_mac_addr[32] relative to the rising and/or falling clock edge(s) of rx_axis_aclk, tx_axis_aclk.
Related violations: <none>

TIMING-18#168 Warning
Missing input or output delay  
An input delay is missing on src_mac_addr[33] relative to the rising and/or falling clock edge(s) of rx_axis_aclk, tx_axis_aclk.
Related violations: <none>

TIMING-18#169 Warning
Missing input or output delay  
An input delay is missing on src_mac_addr[34] relative to the rising and/or falling clock edge(s) of rx_axis_aclk, tx_axis_aclk.
Related violations: <none>

TIMING-18#170 Warning
Missing input or output delay  
An input delay is missing on src_mac_addr[35] relative to the rising and/or falling clock edge(s) of rx_axis_aclk, tx_axis_aclk.
Related violations: <none>

TIMING-18#171 Warning
Missing input or output delay  
An input delay is missing on src_mac_addr[36] relative to the rising and/or falling clock edge(s) of rx_axis_aclk, tx_axis_aclk.
Related violations: <none>

TIMING-18#172 Warning
Missing input or output delay  
An input delay is missing on src_mac_addr[37] relative to the rising and/or falling clock edge(s) of rx_axis_aclk, tx_axis_aclk.
Related violations: <none>

TIMING-18#173 Warning
Missing input or output delay  
An input delay is missing on src_mac_addr[38] relative to the rising and/or falling clock edge(s) of rx_axis_aclk, tx_axis_aclk.
Related violations: <none>

TIMING-18#174 Warning
Missing input or output delay  
An input delay is missing on src_mac_addr[39] relative to the rising and/or falling clock edge(s) of rx_axis_aclk, tx_axis_aclk.
Related violations: <none>

TIMING-18#175 Warning
Missing input or output delay  
An input delay is missing on src_mac_addr[3] relative to the rising and/or falling clock edge(s) of rx_axis_aclk, tx_axis_aclk.
Related violations: <none>

TIMING-18#176 Warning
Missing input or output delay  
An input delay is missing on src_mac_addr[40] relative to the rising and/or falling clock edge(s) of rx_axis_aclk, tx_axis_aclk.
Related violations: <none>

TIMING-18#177 Warning
Missing input or output delay  
An input delay is missing on src_mac_addr[41] relative to the rising and/or falling clock edge(s) of rx_axis_aclk, tx_axis_aclk.
Related violations: <none>

TIMING-18#178 Warning
Missing input or output delay  
An input delay is missing on src_mac_addr[42] relative to the rising and/or falling clock edge(s) of rx_axis_aclk, tx_axis_aclk.
Related violations: <none>

TIMING-18#179 Warning
Missing input or output delay  
An input delay is missing on src_mac_addr[43] relative to the rising and/or falling clock edge(s) of rx_axis_aclk, tx_axis_aclk.
Related violations: <none>

TIMING-18#180 Warning
Missing input or output delay  
An input delay is missing on src_mac_addr[44] relative to the rising and/or falling clock edge(s) of rx_axis_aclk, tx_axis_aclk.
Related violations: <none>

TIMING-18#181 Warning
Missing input or output delay  
An input delay is missing on src_mac_addr[45] relative to the rising and/or falling clock edge(s) of rx_axis_aclk, tx_axis_aclk.
Related violations: <none>

TIMING-18#182 Warning
Missing input or output delay  
An input delay is missing on src_mac_addr[46] relative to the rising and/or falling clock edge(s) of rx_axis_aclk, tx_axis_aclk.
Related violations: <none>

TIMING-18#183 Warning
Missing input or output delay  
An input delay is missing on src_mac_addr[47] relative to the rising and/or falling clock edge(s) of rx_axis_aclk, tx_axis_aclk.
Related violations: <none>

TIMING-18#184 Warning
Missing input or output delay  
An input delay is missing on src_mac_addr[4] relative to the rising and/or falling clock edge(s) of rx_axis_aclk, tx_axis_aclk.
Related violations: <none>

TIMING-18#185 Warning
Missing input or output delay  
An input delay is missing on src_mac_addr[5] relative to the rising and/or falling clock edge(s) of rx_axis_aclk, tx_axis_aclk.
Related violations: <none>

TIMING-18#186 Warning
Missing input or output delay  
An input delay is missing on src_mac_addr[6] relative to the rising and/or falling clock edge(s) of rx_axis_aclk, tx_axis_aclk.
Related violations: <none>

TIMING-18#187 Warning
Missing input or output delay  
An input delay is missing on src_mac_addr[7] relative to the rising and/or falling clock edge(s) of rx_axis_aclk, tx_axis_aclk.
Related violations: <none>

TIMING-18#188 Warning
Missing input or output delay  
An input delay is missing on src_mac_addr[8] relative to the rising and/or falling clock edge(s) of rx_axis_aclk, tx_axis_aclk.
Related violations: <none>

TIMING-18#189 Warning
Missing input or output delay  
An input delay is missing on src_mac_addr[9] relative to the rising and/or falling clock edge(s) of rx_axis_aclk, tx_axis_aclk.
Related violations: <none>

TIMING-18#190 Warning
Missing input or output delay  
An input delay is missing on tx_axis_aresetn relative to the rising and/or falling clock edge(s) of tx_axis_aclk.
Related violations: <none>

TIMING-18#191 Warning
Missing input or output delay  
An input delay is missing on udp_dst_port[0] relative to the rising and/or falling clock edge(s) of tx_axis_aclk.
Related violations: <none>

TIMING-18#192 Warning
Missing input or output delay  
An input delay is missing on udp_dst_port[10] relative to the rising and/or falling clock edge(s) of tx_axis_aclk.
Related violations: <none>

TIMING-18#193 Warning
Missing input or output delay  
An input delay is missing on udp_dst_port[11] relative to the rising and/or falling clock edge(s) of tx_axis_aclk.
Related violations: <none>

TIMING-18#194 Warning
Missing input or output delay  
An input delay is missing on udp_dst_port[12] relative to the rising and/or falling clock edge(s) of tx_axis_aclk.
Related violations: <none>

TIMING-18#195 Warning
Missing input or output delay  
An input delay is missing on udp_dst_port[13] relative to the rising and/or falling clock edge(s) of tx_axis_aclk.
Related violations: <none>

TIMING-18#196 Warning
Missing input or output delay  
An input delay is missing on udp_dst_port[14] relative to the rising and/or falling clock edge(s) of tx_axis_aclk.
Related violations: <none>

TIMING-18#197 Warning
Missing input or output delay  
An input delay is missing on udp_dst_port[15] relative to the rising and/or falling clock edge(s) of tx_axis_aclk.
Related violations: <none>

TIMING-18#198 Warning
Missing input or output delay  
An input delay is missing on udp_dst_port[1] relative to the rising and/or falling clock edge(s) of tx_axis_aclk.
Related violations: <none>

TIMING-18#199 Warning
Missing input or output delay  
An input delay is missing on udp_dst_port[2] relative to the rising and/or falling clock edge(s) of tx_axis_aclk.
Related violations: <none>

TIMING-18#200 Warning
Missing input or output delay  
An input delay is missing on udp_dst_port[3] relative to the rising and/or falling clock edge(s) of tx_axis_aclk.
Related violations: <none>

TIMING-18#201 Warning
Missing input or output delay  
An input delay is missing on udp_dst_port[4] relative to the rising and/or falling clock edge(s) of tx_axis_aclk.
Related violations: <none>

TIMING-18#202 Warning
Missing input or output delay  
An input delay is missing on udp_dst_port[5] relative to the rising and/or falling clock edge(s) of tx_axis_aclk.
Related violations: <none>

TIMING-18#203 Warning
Missing input or output delay  
An input delay is missing on udp_dst_port[6] relative to the rising and/or falling clock edge(s) of tx_axis_aclk.
Related violations: <none>

TIMING-18#204 Warning
Missing input or output delay  
An input delay is missing on udp_dst_port[7] relative to the rising and/or falling clock edge(s) of tx_axis_aclk.
Related violations: <none>

TIMING-18#205 Warning
Missing input or output delay  
An input delay is missing on udp_dst_port[8] relative to the rising and/or falling clock edge(s) of tx_axis_aclk.
Related violations: <none>

TIMING-18#206 Warning
Missing input or output delay  
An input delay is missing on udp_dst_port[9] relative to the rising and/or falling clock edge(s) of tx_axis_aclk.
Related violations: <none>

TIMING-18#207 Warning
Missing input or output delay  
An input delay is missing on udp_src_port[0] relative to the rising and/or falling clock edge(s) of tx_axis_aclk.
Related violations: <none>

TIMING-18#208 Warning
Missing input or output delay  
An input delay is missing on udp_src_port[10] relative to the rising and/or falling clock edge(s) of tx_axis_aclk.
Related violations: <none>

TIMING-18#209 Warning
Missing input or output delay  
An input delay is missing on udp_src_port[11] relative to the rising and/or falling clock edge(s) of tx_axis_aclk.
Related violations: <none>

TIMING-18#210 Warning
Missing input or output delay  
An input delay is missing on udp_src_port[12] relative to the rising and/or falling clock edge(s) of tx_axis_aclk.
Related violations: <none>

TIMING-18#211 Warning
Missing input or output delay  
An input delay is missing on udp_src_port[13] relative to the rising and/or falling clock edge(s) of tx_axis_aclk.
Related violations: <none>

TIMING-18#212 Warning
Missing input or output delay  
An input delay is missing on udp_src_port[14] relative to the rising and/or falling clock edge(s) of tx_axis_aclk.
Related violations: <none>

TIMING-18#213 Warning
Missing input or output delay  
An input delay is missing on udp_src_port[15] relative to the rising and/or falling clock edge(s) of tx_axis_aclk.
Related violations: <none>

TIMING-18#214 Warning
Missing input or output delay  
An input delay is missing on udp_src_port[1] relative to the rising and/or falling clock edge(s) of tx_axis_aclk.
Related violations: <none>

TIMING-18#215 Warning
Missing input or output delay  
An input delay is missing on udp_src_port[2] relative to the rising and/or falling clock edge(s) of tx_axis_aclk.
Related violations: <none>

TIMING-18#216 Warning
Missing input or output delay  
An input delay is missing on udp_src_port[3] relative to the rising and/or falling clock edge(s) of tx_axis_aclk.
Related violations: <none>

TIMING-18#217 Warning
Missing input or output delay  
An input delay is missing on udp_src_port[4] relative to the rising and/or falling clock edge(s) of tx_axis_aclk.
Related violations: <none>

TIMING-18#218 Warning
Missing input or output delay  
An input delay is missing on udp_src_port[5] relative to the rising and/or falling clock edge(s) of tx_axis_aclk.
Related violations: <none>

TIMING-18#219 Warning
Missing input or output delay  
An input delay is missing on udp_src_port[6] relative to the rising and/or falling clock edge(s) of tx_axis_aclk.
Related violations: <none>

TIMING-18#220 Warning
Missing input or output delay  
An input delay is missing on udp_src_port[7] relative to the rising and/or falling clock edge(s) of tx_axis_aclk.
Related violations: <none>

TIMING-18#221 Warning
Missing input or output delay  
An input delay is missing on udp_src_port[8] relative to the rising and/or falling clock edge(s) of tx_axis_aclk.
Related violations: <none>

TIMING-18#222 Warning
Missing input or output delay  
An input delay is missing on udp_src_port[9] relative to the rising and/or falling clock edge(s) of tx_axis_aclk.
Related violations: <none>

TIMING-18#223 Warning
Missing input or output delay  
An input delay is missing on udp_tx_axis_tdata[0] relative to the rising and/or falling clock edge(s) of tx_axis_aclk.
Related violations: <none>

TIMING-18#224 Warning
Missing input or output delay  
An input delay is missing on udp_tx_axis_tdata[10] relative to the rising and/or falling clock edge(s) of tx_axis_aclk.
Related violations: <none>

TIMING-18#225 Warning
Missing input or output delay  
An input delay is missing on udp_tx_axis_tdata[11] relative to the rising and/or falling clock edge(s) of tx_axis_aclk.
Related violations: <none>

TIMING-18#226 Warning
Missing input or output delay  
An input delay is missing on udp_tx_axis_tdata[12] relative to the rising and/or falling clock edge(s) of tx_axis_aclk.
Related violations: <none>

TIMING-18#227 Warning
Missing input or output delay  
An input delay is missing on udp_tx_axis_tdata[13] relative to the rising and/or falling clock edge(s) of tx_axis_aclk.
Related violations: <none>

TIMING-18#228 Warning
Missing input or output delay  
An input delay is missing on udp_tx_axis_tdata[14] relative to the rising and/or falling clock edge(s) of tx_axis_aclk.
Related violations: <none>

TIMING-18#229 Warning
Missing input or output delay  
An input delay is missing on udp_tx_axis_tdata[15] relative to the rising and/or falling clock edge(s) of tx_axis_aclk.
Related violations: <none>

TIMING-18#230 Warning
Missing input or output delay  
An input delay is missing on udp_tx_axis_tdata[16] relative to the rising and/or falling clock edge(s) of tx_axis_aclk.
Related violations: <none>

TIMING-18#231 Warning
Missing input or output delay  
An input delay is missing on udp_tx_axis_tdata[17] relative to the rising and/or falling clock edge(s) of tx_axis_aclk.
Related violations: <none>

TIMING-18#232 Warning
Missing input or output delay  
An input delay is missing on udp_tx_axis_tdata[18] relative to the rising and/or falling clock edge(s) of tx_axis_aclk.
Related violations: <none>

TIMING-18#233 Warning
Missing input or output delay  
An input delay is missing on udp_tx_axis_tdata[19] relative to the rising and/or falling clock edge(s) of tx_axis_aclk.
Related violations: <none>

TIMING-18#234 Warning
Missing input or output delay  
An input delay is missing on udp_tx_axis_tdata[1] relative to the rising and/or falling clock edge(s) of tx_axis_aclk.
Related violations: <none>

TIMING-18#235 Warning
Missing input or output delay  
An input delay is missing on udp_tx_axis_tdata[20] relative to the rising and/or falling clock edge(s) of tx_axis_aclk.
Related violations: <none>

TIMING-18#236 Warning
Missing input or output delay  
An input delay is missing on udp_tx_axis_tdata[21] relative to the rising and/or falling clock edge(s) of tx_axis_aclk.
Related violations: <none>

TIMING-18#237 Warning
Missing input or output delay  
An input delay is missing on udp_tx_axis_tdata[22] relative to the rising and/or falling clock edge(s) of tx_axis_aclk.
Related violations: <none>

TIMING-18#238 Warning
Missing input or output delay  
An input delay is missing on udp_tx_axis_tdata[23] relative to the rising and/or falling clock edge(s) of tx_axis_aclk.
Related violations: <none>

TIMING-18#239 Warning
Missing input or output delay  
An input delay is missing on udp_tx_axis_tdata[24] relative to the rising and/or falling clock edge(s) of tx_axis_aclk.
Related violations: <none>

TIMING-18#240 Warning
Missing input or output delay  
An input delay is missing on udp_tx_axis_tdata[25] relative to the rising and/or falling clock edge(s) of tx_axis_aclk.
Related violations: <none>

TIMING-18#241 Warning
Missing input or output delay  
An input delay is missing on udp_tx_axis_tdata[26] relative to the rising and/or falling clock edge(s) of tx_axis_aclk.
Related violations: <none>

TIMING-18#242 Warning
Missing input or output delay  
An input delay is missing on udp_tx_axis_tdata[27] relative to the rising and/or falling clock edge(s) of tx_axis_aclk.
Related violations: <none>

TIMING-18#243 Warning
Missing input or output delay  
An input delay is missing on udp_tx_axis_tdata[28] relative to the rising and/or falling clock edge(s) of tx_axis_aclk.
Related violations: <none>

TIMING-18#244 Warning
Missing input or output delay  
An input delay is missing on udp_tx_axis_tdata[29] relative to the rising and/or falling clock edge(s) of tx_axis_aclk.
Related violations: <none>

TIMING-18#245 Warning
Missing input or output delay  
An input delay is missing on udp_tx_axis_tdata[2] relative to the rising and/or falling clock edge(s) of tx_axis_aclk.
Related violations: <none>

TIMING-18#246 Warning
Missing input or output delay  
An input delay is missing on udp_tx_axis_tdata[30] relative to the rising and/or falling clock edge(s) of tx_axis_aclk.
Related violations: <none>

TIMING-18#247 Warning
Missing input or output delay  
An input delay is missing on udp_tx_axis_tdata[31] relative to the rising and/or falling clock edge(s) of tx_axis_aclk.
Related violations: <none>

TIMING-18#248 Warning
Missing input or output delay  
An input delay is missing on udp_tx_axis_tdata[32] relative to the rising and/or falling clock edge(s) of tx_axis_aclk.
Related violations: <none>

TIMING-18#249 Warning
Missing input or output delay  
An input delay is missing on udp_tx_axis_tdata[33] relative to the rising and/or falling clock edge(s) of tx_axis_aclk.
Related violations: <none>

TIMING-18#250 Warning
Missing input or output delay  
An input delay is missing on udp_tx_axis_tdata[34] relative to the rising and/or falling clock edge(s) of tx_axis_aclk.
Related violations: <none>

TIMING-18#251 Warning
Missing input or output delay  
An input delay is missing on udp_tx_axis_tdata[35] relative to the rising and/or falling clock edge(s) of tx_axis_aclk.
Related violations: <none>

TIMING-18#252 Warning
Missing input or output delay  
An input delay is missing on udp_tx_axis_tdata[36] relative to the rising and/or falling clock edge(s) of tx_axis_aclk.
Related violations: <none>

TIMING-18#253 Warning
Missing input or output delay  
An input delay is missing on udp_tx_axis_tdata[37] relative to the rising and/or falling clock edge(s) of tx_axis_aclk.
Related violations: <none>

TIMING-18#254 Warning
Missing input or output delay  
An input delay is missing on udp_tx_axis_tdata[38] relative to the rising and/or falling clock edge(s) of tx_axis_aclk.
Related violations: <none>

TIMING-18#255 Warning
Missing input or output delay  
An input delay is missing on udp_tx_axis_tdata[39] relative to the rising and/or falling clock edge(s) of tx_axis_aclk.
Related violations: <none>

TIMING-18#256 Warning
Missing input or output delay  
An input delay is missing on udp_tx_axis_tdata[3] relative to the rising and/or falling clock edge(s) of tx_axis_aclk.
Related violations: <none>

TIMING-18#257 Warning
Missing input or output delay  
An input delay is missing on udp_tx_axis_tdata[40] relative to the rising and/or falling clock edge(s) of tx_axis_aclk.
Related violations: <none>

TIMING-18#258 Warning
Missing input or output delay  
An input delay is missing on udp_tx_axis_tdata[41] relative to the rising and/or falling clock edge(s) of tx_axis_aclk.
Related violations: <none>

TIMING-18#259 Warning
Missing input or output delay  
An input delay is missing on udp_tx_axis_tdata[42] relative to the rising and/or falling clock edge(s) of tx_axis_aclk.
Related violations: <none>

TIMING-18#260 Warning
Missing input or output delay  
An input delay is missing on udp_tx_axis_tdata[43] relative to the rising and/or falling clock edge(s) of tx_axis_aclk.
Related violations: <none>

TIMING-18#261 Warning
Missing input or output delay  
An input delay is missing on udp_tx_axis_tdata[44] relative to the rising and/or falling clock edge(s) of tx_axis_aclk.
Related violations: <none>

TIMING-18#262 Warning
Missing input or output delay  
An input delay is missing on udp_tx_axis_tdata[45] relative to the rising and/or falling clock edge(s) of tx_axis_aclk.
Related violations: <none>

TIMING-18#263 Warning
Missing input or output delay  
An input delay is missing on udp_tx_axis_tdata[46] relative to the rising and/or falling clock edge(s) of tx_axis_aclk.
Related violations: <none>

TIMING-18#264 Warning
Missing input or output delay  
An input delay is missing on udp_tx_axis_tdata[47] relative to the rising and/or falling clock edge(s) of tx_axis_aclk.
Related violations: <none>

TIMING-18#265 Warning
Missing input or output delay  
An input delay is missing on udp_tx_axis_tdata[48] relative to the rising and/or falling clock edge(s) of tx_axis_aclk.
Related violations: <none>

TIMING-18#266 Warning
Missing input or output delay  
An input delay is missing on udp_tx_axis_tdata[49] relative to the rising and/or falling clock edge(s) of tx_axis_aclk.
Related violations: <none>

TIMING-18#267 Warning
Missing input or output delay  
An input delay is missing on udp_tx_axis_tdata[4] relative to the rising and/or falling clock edge(s) of tx_axis_aclk.
Related violations: <none>

TIMING-18#268 Warning
Missing input or output delay  
An input delay is missing on udp_tx_axis_tdata[50] relative to the rising and/or falling clock edge(s) of tx_axis_aclk.
Related violations: <none>

TIMING-18#269 Warning
Missing input or output delay  
An input delay is missing on udp_tx_axis_tdata[51] relative to the rising and/or falling clock edge(s) of tx_axis_aclk.
Related violations: <none>

TIMING-18#270 Warning
Missing input or output delay  
An input delay is missing on udp_tx_axis_tdata[52] relative to the rising and/or falling clock edge(s) of tx_axis_aclk.
Related violations: <none>

TIMING-18#271 Warning
Missing input or output delay  
An input delay is missing on udp_tx_axis_tdata[53] relative to the rising and/or falling clock edge(s) of tx_axis_aclk.
Related violations: <none>

TIMING-18#272 Warning
Missing input or output delay  
An input delay is missing on udp_tx_axis_tdata[54] relative to the rising and/or falling clock edge(s) of tx_axis_aclk.
Related violations: <none>

TIMING-18#273 Warning
Missing input or output delay  
An input delay is missing on udp_tx_axis_tdata[55] relative to the rising and/or falling clock edge(s) of tx_axis_aclk.
Related violations: <none>

TIMING-18#274 Warning
Missing input or output delay  
An input delay is missing on udp_tx_axis_tdata[56] relative to the rising and/or falling clock edge(s) of tx_axis_aclk.
Related violations: <none>

TIMING-18#275 Warning
Missing input or output delay  
An input delay is missing on udp_tx_axis_tdata[57] relative to the rising and/or falling clock edge(s) of tx_axis_aclk.
Related violations: <none>

TIMING-18#276 Warning
Missing input or output delay  
An input delay is missing on udp_tx_axis_tdata[58] relative to the rising and/or falling clock edge(s) of tx_axis_aclk.
Related violations: <none>

TIMING-18#277 Warning
Missing input or output delay  
An input delay is missing on udp_tx_axis_tdata[59] relative to the rising and/or falling clock edge(s) of tx_axis_aclk.
Related violations: <none>

TIMING-18#278 Warning
Missing input or output delay  
An input delay is missing on udp_tx_axis_tdata[5] relative to the rising and/or falling clock edge(s) of tx_axis_aclk.
Related violations: <none>

TIMING-18#279 Warning
Missing input or output delay  
An input delay is missing on udp_tx_axis_tdata[60] relative to the rising and/or falling clock edge(s) of tx_axis_aclk.
Related violations: <none>

TIMING-18#280 Warning
Missing input or output delay  
An input delay is missing on udp_tx_axis_tdata[61] relative to the rising and/or falling clock edge(s) of tx_axis_aclk.
Related violations: <none>

TIMING-18#281 Warning
Missing input or output delay  
An input delay is missing on udp_tx_axis_tdata[62] relative to the rising and/or falling clock edge(s) of tx_axis_aclk.
Related violations: <none>

TIMING-18#282 Warning
Missing input or output delay  
An input delay is missing on udp_tx_axis_tdata[63] relative to the rising and/or falling clock edge(s) of tx_axis_aclk.
Related violations: <none>

TIMING-18#283 Warning
Missing input or output delay  
An input delay is missing on udp_tx_axis_tdata[6] relative to the rising and/or falling clock edge(s) of tx_axis_aclk.
Related violations: <none>

TIMING-18#284 Warning
Missing input or output delay  
An input delay is missing on udp_tx_axis_tdata[7] relative to the rising and/or falling clock edge(s) of tx_axis_aclk.
Related violations: <none>

TIMING-18#285 Warning
Missing input or output delay  
An input delay is missing on udp_tx_axis_tdata[8] relative to the rising and/or falling clock edge(s) of tx_axis_aclk.
Related violations: <none>

TIMING-18#286 Warning
Missing input or output delay  
An input delay is missing on udp_tx_axis_tdata[9] relative to the rising and/or falling clock edge(s) of tx_axis_aclk.
Related violations: <none>

TIMING-18#287 Warning
Missing input or output delay  
An input delay is missing on udp_tx_axis_tkeep[0] relative to the rising and/or falling clock edge(s) of tx_axis_aclk.
Related violations: <none>

TIMING-18#288 Warning
Missing input or output delay  
An input delay is missing on udp_tx_axis_tkeep[1] relative to the rising and/or falling clock edge(s) of tx_axis_aclk.
Related violations: <none>

TIMING-18#289 Warning
Missing input or output delay  
An input delay is missing on udp_tx_axis_tkeep[2] relative to the rising and/or falling clock edge(s) of tx_axis_aclk.
Related violations: <none>

TIMING-18#290 Warning
Missing input or output delay  
An input delay is missing on udp_tx_axis_tkeep[3] relative to the rising and/or falling clock edge(s) of tx_axis_aclk.
Related violations: <none>

TIMING-18#291 Warning
Missing input or output delay  
An input delay is missing on udp_tx_axis_tkeep[4] relative to the rising and/or falling clock edge(s) of tx_axis_aclk.
Related violations: <none>

TIMING-18#292 Warning
Missing input or output delay  
An input delay is missing on udp_tx_axis_tkeep[5] relative to the rising and/or falling clock edge(s) of tx_axis_aclk.
Related violations: <none>

TIMING-18#293 Warning
Missing input or output delay  
An input delay is missing on udp_tx_axis_tkeep[6] relative to the rising and/or falling clock edge(s) of tx_axis_aclk.
Related violations: <none>

TIMING-18#294 Warning
Missing input or output delay  
An input delay is missing on udp_tx_axis_tkeep[7] relative to the rising and/or falling clock edge(s) of tx_axis_aclk.
Related violations: <none>

TIMING-18#295 Warning
Missing input or output delay  
An input delay is missing on udp_tx_axis_tlast relative to the rising and/or falling clock edge(s) of tx_axis_aclk.
Related violations: <none>

TIMING-18#296 Warning
Missing input or output delay  
An input delay is missing on udp_tx_axis_tvalid relative to the rising and/or falling clock edge(s) of tx_axis_aclk.
Related violations: <none>

TIMING-18#297 Warning
Missing input or output delay  
An output delay is missing on mac_tx_axis_tdata[0] relative to the rising and/or falling clock edge(s) of tx_axis_aclk.
Related violations: <none>

TIMING-18#298 Warning
Missing input or output delay  
An output delay is missing on mac_tx_axis_tdata[10] relative to the rising and/or falling clock edge(s) of tx_axis_aclk.
Related violations: <none>

TIMING-18#299 Warning
Missing input or output delay  
An output delay is missing on mac_tx_axis_tdata[11] relative to the rising and/or falling clock edge(s) of tx_axis_aclk.
Related violations: <none>

TIMING-18#300 Warning
Missing input or output delay  
An output delay is missing on mac_tx_axis_tdata[12] relative to the rising and/or falling clock edge(s) of tx_axis_aclk.
Related violations: <none>

TIMING-18#301 Warning
Missing input or output delay  
An output delay is missing on mac_tx_axis_tdata[13] relative to the rising and/or falling clock edge(s) of tx_axis_aclk.
Related violations: <none>

TIMING-18#302 Warning
Missing input or output delay  
An output delay is missing on mac_tx_axis_tdata[14] relative to the rising and/or falling clock edge(s) of tx_axis_aclk.
Related violations: <none>

TIMING-18#303 Warning
Missing input or output delay  
An output delay is missing on mac_tx_axis_tdata[15] relative to the rising and/or falling clock edge(s) of tx_axis_aclk.
Related violations: <none>

TIMING-18#304 Warning
Missing input or output delay  
An output delay is missing on mac_tx_axis_tdata[16] relative to the rising and/or falling clock edge(s) of tx_axis_aclk.
Related violations: <none>

TIMING-18#305 Warning
Missing input or output delay  
An output delay is missing on mac_tx_axis_tdata[17] relative to the rising and/or falling clock edge(s) of tx_axis_aclk.
Related violations: <none>

TIMING-18#306 Warning
Missing input or output delay  
An output delay is missing on mac_tx_axis_tdata[18] relative to the rising and/or falling clock edge(s) of tx_axis_aclk.
Related violations: <none>

TIMING-18#307 Warning
Missing input or output delay  
An output delay is missing on mac_tx_axis_tdata[19] relative to the rising and/or falling clock edge(s) of tx_axis_aclk.
Related violations: <none>

TIMING-18#308 Warning
Missing input or output delay  
An output delay is missing on mac_tx_axis_tdata[1] relative to the rising and/or falling clock edge(s) of tx_axis_aclk.
Related violations: <none>

TIMING-18#309 Warning
Missing input or output delay  
An output delay is missing on mac_tx_axis_tdata[20] relative to the rising and/or falling clock edge(s) of tx_axis_aclk.
Related violations: <none>

TIMING-18#310 Warning
Missing input or output delay  
An output delay is missing on mac_tx_axis_tdata[21] relative to the rising and/or falling clock edge(s) of tx_axis_aclk.
Related violations: <none>

TIMING-18#311 Warning
Missing input or output delay  
An output delay is missing on mac_tx_axis_tdata[22] relative to the rising and/or falling clock edge(s) of tx_axis_aclk.
Related violations: <none>

TIMING-18#312 Warning
Missing input or output delay  
An output delay is missing on mac_tx_axis_tdata[23] relative to the rising and/or falling clock edge(s) of tx_axis_aclk.
Related violations: <none>

TIMING-18#313 Warning
Missing input or output delay  
An output delay is missing on mac_tx_axis_tdata[24] relative to the rising and/or falling clock edge(s) of tx_axis_aclk.
Related violations: <none>

TIMING-18#314 Warning
Missing input or output delay  
An output delay is missing on mac_tx_axis_tdata[25] relative to the rising and/or falling clock edge(s) of tx_axis_aclk.
Related violations: <none>

TIMING-18#315 Warning
Missing input or output delay  
An output delay is missing on mac_tx_axis_tdata[26] relative to the rising and/or falling clock edge(s) of tx_axis_aclk.
Related violations: <none>

TIMING-18#316 Warning
Missing input or output delay  
An output delay is missing on mac_tx_axis_tdata[27] relative to the rising and/or falling clock edge(s) of tx_axis_aclk.
Related violations: <none>

TIMING-18#317 Warning
Missing input or output delay  
An output delay is missing on mac_tx_axis_tdata[28] relative to the rising and/or falling clock edge(s) of tx_axis_aclk.
Related violations: <none>

TIMING-18#318 Warning
Missing input or output delay  
An output delay is missing on mac_tx_axis_tdata[29] relative to the rising and/or falling clock edge(s) of tx_axis_aclk.
Related violations: <none>

TIMING-18#319 Warning
Missing input or output delay  
An output delay is missing on mac_tx_axis_tdata[2] relative to the rising and/or falling clock edge(s) of tx_axis_aclk.
Related violations: <none>

TIMING-18#320 Warning
Missing input or output delay  
An output delay is missing on mac_tx_axis_tdata[30] relative to the rising and/or falling clock edge(s) of tx_axis_aclk.
Related violations: <none>

TIMING-18#321 Warning
Missing input or output delay  
An output delay is missing on mac_tx_axis_tdata[31] relative to the rising and/or falling clock edge(s) of tx_axis_aclk.
Related violations: <none>

TIMING-18#322 Warning
Missing input or output delay  
An output delay is missing on mac_tx_axis_tdata[32] relative to the rising and/or falling clock edge(s) of tx_axis_aclk.
Related violations: <none>

TIMING-18#323 Warning
Missing input or output delay  
An output delay is missing on mac_tx_axis_tdata[33] relative to the rising and/or falling clock edge(s) of tx_axis_aclk.
Related violations: <none>

TIMING-18#324 Warning
Missing input or output delay  
An output delay is missing on mac_tx_axis_tdata[34] relative to the rising and/or falling clock edge(s) of tx_axis_aclk.
Related violations: <none>

TIMING-18#325 Warning
Missing input or output delay  
An output delay is missing on mac_tx_axis_tdata[35] relative to the rising and/or falling clock edge(s) of tx_axis_aclk.
Related violations: <none>

TIMING-18#326 Warning
Missing input or output delay  
An output delay is missing on mac_tx_axis_tdata[36] relative to the rising and/or falling clock edge(s) of tx_axis_aclk.
Related violations: <none>

TIMING-18#327 Warning
Missing input or output delay  
An output delay is missing on mac_tx_axis_tdata[37] relative to the rising and/or falling clock edge(s) of tx_axis_aclk.
Related violations: <none>

TIMING-18#328 Warning
Missing input or output delay  
An output delay is missing on mac_tx_axis_tdata[38] relative to the rising and/or falling clock edge(s) of tx_axis_aclk.
Related violations: <none>

TIMING-18#329 Warning
Missing input or output delay  
An output delay is missing on mac_tx_axis_tdata[39] relative to the rising and/or falling clock edge(s) of tx_axis_aclk.
Related violations: <none>

TIMING-18#330 Warning
Missing input or output delay  
An output delay is missing on mac_tx_axis_tdata[3] relative to the rising and/or falling clock edge(s) of tx_axis_aclk.
Related violations: <none>

TIMING-18#331 Warning
Missing input or output delay  
An output delay is missing on mac_tx_axis_tdata[40] relative to the rising and/or falling clock edge(s) of tx_axis_aclk.
Related violations: <none>

TIMING-18#332 Warning
Missing input or output delay  
An output delay is missing on mac_tx_axis_tdata[41] relative to the rising and/or falling clock edge(s) of tx_axis_aclk.
Related violations: <none>

TIMING-18#333 Warning
Missing input or output delay  
An output delay is missing on mac_tx_axis_tdata[42] relative to the rising and/or falling clock edge(s) of tx_axis_aclk.
Related violations: <none>

TIMING-18#334 Warning
Missing input or output delay  
An output delay is missing on mac_tx_axis_tdata[43] relative to the rising and/or falling clock edge(s) of tx_axis_aclk.
Related violations: <none>

TIMING-18#335 Warning
Missing input or output delay  
An output delay is missing on mac_tx_axis_tdata[44] relative to the rising and/or falling clock edge(s) of tx_axis_aclk.
Related violations: <none>

TIMING-18#336 Warning
Missing input or output delay  
An output delay is missing on mac_tx_axis_tdata[45] relative to the rising and/or falling clock edge(s) of tx_axis_aclk.
Related violations: <none>

TIMING-18#337 Warning
Missing input or output delay  
An output delay is missing on mac_tx_axis_tdata[46] relative to the rising and/or falling clock edge(s) of tx_axis_aclk.
Related violations: <none>

TIMING-18#338 Warning
Missing input or output delay  
An output delay is missing on mac_tx_axis_tdata[47] relative to the rising and/or falling clock edge(s) of tx_axis_aclk.
Related violations: <none>

TIMING-18#339 Warning
Missing input or output delay  
An output delay is missing on mac_tx_axis_tdata[48] relative to the rising and/or falling clock edge(s) of tx_axis_aclk.
Related violations: <none>

TIMING-18#340 Warning
Missing input or output delay  
An output delay is missing on mac_tx_axis_tdata[49] relative to the rising and/or falling clock edge(s) of tx_axis_aclk.
Related violations: <none>

TIMING-18#341 Warning
Missing input or output delay  
An output delay is missing on mac_tx_axis_tdata[4] relative to the rising and/or falling clock edge(s) of tx_axis_aclk.
Related violations: <none>

TIMING-18#342 Warning
Missing input or output delay  
An output delay is missing on mac_tx_axis_tdata[50] relative to the rising and/or falling clock edge(s) of tx_axis_aclk.
Related violations: <none>

TIMING-18#343 Warning
Missing input or output delay  
An output delay is missing on mac_tx_axis_tdata[51] relative to the rising and/or falling clock edge(s) of tx_axis_aclk.
Related violations: <none>

TIMING-18#344 Warning
Missing input or output delay  
An output delay is missing on mac_tx_axis_tdata[52] relative to the rising and/or falling clock edge(s) of tx_axis_aclk.
Related violations: <none>

TIMING-18#345 Warning
Missing input or output delay  
An output delay is missing on mac_tx_axis_tdata[53] relative to the rising and/or falling clock edge(s) of tx_axis_aclk.
Related violations: <none>

TIMING-18#346 Warning
Missing input or output delay  
An output delay is missing on mac_tx_axis_tdata[54] relative to the rising and/or falling clock edge(s) of tx_axis_aclk.
Related violations: <none>

TIMING-18#347 Warning
Missing input or output delay  
An output delay is missing on mac_tx_axis_tdata[55] relative to the rising and/or falling clock edge(s) of tx_axis_aclk.
Related violations: <none>

TIMING-18#348 Warning
Missing input or output delay  
An output delay is missing on mac_tx_axis_tdata[56] relative to the rising and/or falling clock edge(s) of tx_axis_aclk.
Related violations: <none>

TIMING-18#349 Warning
Missing input or output delay  
An output delay is missing on mac_tx_axis_tdata[57] relative to the rising and/or falling clock edge(s) of tx_axis_aclk.
Related violations: <none>

TIMING-18#350 Warning
Missing input or output delay  
An output delay is missing on mac_tx_axis_tdata[58] relative to the rising and/or falling clock edge(s) of tx_axis_aclk.
Related violations: <none>

TIMING-18#351 Warning
Missing input or output delay  
An output delay is missing on mac_tx_axis_tdata[59] relative to the rising and/or falling clock edge(s) of tx_axis_aclk.
Related violations: <none>

TIMING-18#352 Warning
Missing input or output delay  
An output delay is missing on mac_tx_axis_tdata[5] relative to the rising and/or falling clock edge(s) of tx_axis_aclk.
Related violations: <none>

TIMING-18#353 Warning
Missing input or output delay  
An output delay is missing on mac_tx_axis_tdata[60] relative to the rising and/or falling clock edge(s) of tx_axis_aclk.
Related violations: <none>

TIMING-18#354 Warning
Missing input or output delay  
An output delay is missing on mac_tx_axis_tdata[61] relative to the rising and/or falling clock edge(s) of tx_axis_aclk.
Related violations: <none>

TIMING-18#355 Warning
Missing input or output delay  
An output delay is missing on mac_tx_axis_tdata[62] relative to the rising and/or falling clock edge(s) of tx_axis_aclk.
Related violations: <none>

TIMING-18#356 Warning
Missing input or output delay  
An output delay is missing on mac_tx_axis_tdata[63] relative to the rising and/or falling clock edge(s) of tx_axis_aclk.
Related violations: <none>

TIMING-18#357 Warning
Missing input or output delay  
An output delay is missing on mac_tx_axis_tdata[6] relative to the rising and/or falling clock edge(s) of tx_axis_aclk.
Related violations: <none>

TIMING-18#358 Warning
Missing input or output delay  
An output delay is missing on mac_tx_axis_tdata[7] relative to the rising and/or falling clock edge(s) of tx_axis_aclk.
Related violations: <none>

TIMING-18#359 Warning
Missing input or output delay  
An output delay is missing on mac_tx_axis_tdata[8] relative to the rising and/or falling clock edge(s) of tx_axis_aclk.
Related violations: <none>

TIMING-18#360 Warning
Missing input or output delay  
An output delay is missing on mac_tx_axis_tdata[9] relative to the rising and/or falling clock edge(s) of tx_axis_aclk.
Related violations: <none>

TIMING-18#361 Warning
Missing input or output delay  
An output delay is missing on mac_tx_axis_tkeep[0] relative to the rising and/or falling clock edge(s) of tx_axis_aclk.
Related violations: <none>

TIMING-18#362 Warning
Missing input or output delay  
An output delay is missing on mac_tx_axis_tkeep[1] relative to the rising and/or falling clock edge(s) of tx_axis_aclk.
Related violations: <none>

TIMING-18#363 Warning
Missing input or output delay  
An output delay is missing on mac_tx_axis_tkeep[2] relative to the rising and/or falling clock edge(s) of tx_axis_aclk.
Related violations: <none>

TIMING-18#364 Warning
Missing input or output delay  
An output delay is missing on mac_tx_axis_tkeep[3] relative to the rising and/or falling clock edge(s) of tx_axis_aclk.
Related violations: <none>

TIMING-18#365 Warning
Missing input or output delay  
An output delay is missing on mac_tx_axis_tkeep[4] relative to the rising and/or falling clock edge(s) of tx_axis_aclk.
Related violations: <none>

TIMING-18#366 Warning
Missing input or output delay  
An output delay is missing on mac_tx_axis_tkeep[5] relative to the rising and/or falling clock edge(s) of tx_axis_aclk.
Related violations: <none>

TIMING-18#367 Warning
Missing input or output delay  
An output delay is missing on mac_tx_axis_tkeep[6] relative to the rising and/or falling clock edge(s) of tx_axis_aclk.
Related violations: <none>

TIMING-18#368 Warning
Missing input or output delay  
An output delay is missing on mac_tx_axis_tkeep[7] relative to the rising and/or falling clock edge(s) of tx_axis_aclk.
Related violations: <none>

TIMING-18#369 Warning
Missing input or output delay  
An output delay is missing on mac_tx_axis_tlast relative to the rising and/or falling clock edge(s) of tx_axis_aclk.
Related violations: <none>

TIMING-18#370 Warning
Missing input or output delay  
An output delay is missing on mac_tx_axis_tvalid relative to the rising and/or falling clock edge(s) of tx_axis_aclk.
Related violations: <none>

TIMING-18#371 Warning
Missing input or output delay  
An output delay is missing on udp_enable relative to the rising and/or falling clock edge(s) of rx_axis_aclk.
Related violations: <none>

TIMING-18#372 Warning
Missing input or output delay  
An output delay is missing on udp_rx_axis_tdata[0] relative to the rising and/or falling clock edge(s) of rx_axis_aclk.
Related violations: <none>

TIMING-18#373 Warning
Missing input or output delay  
An output delay is missing on udp_rx_axis_tdata[10] relative to the rising and/or falling clock edge(s) of rx_axis_aclk.
Related violations: <none>

TIMING-18#374 Warning
Missing input or output delay  
An output delay is missing on udp_rx_axis_tdata[11] relative to the rising and/or falling clock edge(s) of rx_axis_aclk.
Related violations: <none>

TIMING-18#375 Warning
Missing input or output delay  
An output delay is missing on udp_rx_axis_tdata[12] relative to the rising and/or falling clock edge(s) of rx_axis_aclk.
Related violations: <none>

TIMING-18#376 Warning
Missing input or output delay  
An output delay is missing on udp_rx_axis_tdata[13] relative to the rising and/or falling clock edge(s) of rx_axis_aclk.
Related violations: <none>

TIMING-18#377 Warning
Missing input or output delay  
An output delay is missing on udp_rx_axis_tdata[14] relative to the rising and/or falling clock edge(s) of rx_axis_aclk.
Related violations: <none>

TIMING-18#378 Warning
Missing input or output delay  
An output delay is missing on udp_rx_axis_tdata[15] relative to the rising and/or falling clock edge(s) of rx_axis_aclk.
Related violations: <none>

TIMING-18#379 Warning
Missing input or output delay  
An output delay is missing on udp_rx_axis_tdata[16] relative to the rising and/or falling clock edge(s) of rx_axis_aclk.
Related violations: <none>

TIMING-18#380 Warning
Missing input or output delay  
An output delay is missing on udp_rx_axis_tdata[17] relative to the rising and/or falling clock edge(s) of rx_axis_aclk.
Related violations: <none>

TIMING-18#381 Warning
Missing input or output delay  
An output delay is missing on udp_rx_axis_tdata[18] relative to the rising and/or falling clock edge(s) of rx_axis_aclk.
Related violations: <none>

TIMING-18#382 Warning
Missing input or output delay  
An output delay is missing on udp_rx_axis_tdata[19] relative to the rising and/or falling clock edge(s) of rx_axis_aclk.
Related violations: <none>

TIMING-18#383 Warning
Missing input or output delay  
An output delay is missing on udp_rx_axis_tdata[1] relative to the rising and/or falling clock edge(s) of rx_axis_aclk.
Related violations: <none>

TIMING-18#384 Warning
Missing input or output delay  
An output delay is missing on udp_rx_axis_tdata[20] relative to the rising and/or falling clock edge(s) of rx_axis_aclk.
Related violations: <none>

TIMING-18#385 Warning
Missing input or output delay  
An output delay is missing on udp_rx_axis_tdata[21] relative to the rising and/or falling clock edge(s) of rx_axis_aclk.
Related violations: <none>

TIMING-18#386 Warning
Missing input or output delay  
An output delay is missing on udp_rx_axis_tdata[22] relative to the rising and/or falling clock edge(s) of rx_axis_aclk.
Related violations: <none>

TIMING-18#387 Warning
Missing input or output delay  
An output delay is missing on udp_rx_axis_tdata[23] relative to the rising and/or falling clock edge(s) of rx_axis_aclk.
Related violations: <none>

TIMING-18#388 Warning
Missing input or output delay  
An output delay is missing on udp_rx_axis_tdata[24] relative to the rising and/or falling clock edge(s) of rx_axis_aclk.
Related violations: <none>

TIMING-18#389 Warning
Missing input or output delay  
An output delay is missing on udp_rx_axis_tdata[25] relative to the rising and/or falling clock edge(s) of rx_axis_aclk.
Related violations: <none>

TIMING-18#390 Warning
Missing input or output delay  
An output delay is missing on udp_rx_axis_tdata[26] relative to the rising and/or falling clock edge(s) of rx_axis_aclk.
Related violations: <none>

TIMING-18#391 Warning
Missing input or output delay  
An output delay is missing on udp_rx_axis_tdata[27] relative to the rising and/or falling clock edge(s) of rx_axis_aclk.
Related violations: <none>

TIMING-18#392 Warning
Missing input or output delay  
An output delay is missing on udp_rx_axis_tdata[28] relative to the rising and/or falling clock edge(s) of rx_axis_aclk.
Related violations: <none>

TIMING-18#393 Warning
Missing input or output delay  
An output delay is missing on udp_rx_axis_tdata[29] relative to the rising and/or falling clock edge(s) of rx_axis_aclk.
Related violations: <none>

TIMING-18#394 Warning
Missing input or output delay  
An output delay is missing on udp_rx_axis_tdata[2] relative to the rising and/or falling clock edge(s) of rx_axis_aclk.
Related violations: <none>

TIMING-18#395 Warning
Missing input or output delay  
An output delay is missing on udp_rx_axis_tdata[30] relative to the rising and/or falling clock edge(s) of rx_axis_aclk.
Related violations: <none>

TIMING-18#396 Warning
Missing input or output delay  
An output delay is missing on udp_rx_axis_tdata[31] relative to the rising and/or falling clock edge(s) of rx_axis_aclk.
Related violations: <none>

TIMING-18#397 Warning
Missing input or output delay  
An output delay is missing on udp_rx_axis_tdata[32] relative to the rising and/or falling clock edge(s) of rx_axis_aclk.
Related violations: <none>

TIMING-18#398 Warning
Missing input or output delay  
An output delay is missing on udp_rx_axis_tdata[33] relative to the rising and/or falling clock edge(s) of rx_axis_aclk.
Related violations: <none>

TIMING-18#399 Warning
Missing input or output delay  
An output delay is missing on udp_rx_axis_tdata[34] relative to the rising and/or falling clock edge(s) of rx_axis_aclk.
Related violations: <none>

TIMING-18#400 Warning
Missing input or output delay  
An output delay is missing on udp_rx_axis_tdata[35] relative to the rising and/or falling clock edge(s) of rx_axis_aclk.
Related violations: <none>

TIMING-18#401 Warning
Missing input or output delay  
An output delay is missing on udp_rx_axis_tdata[36] relative to the rising and/or falling clock edge(s) of rx_axis_aclk.
Related violations: <none>

TIMING-18#402 Warning
Missing input or output delay  
An output delay is missing on udp_rx_axis_tdata[37] relative to the rising and/or falling clock edge(s) of rx_axis_aclk.
Related violations: <none>

TIMING-18#403 Warning
Missing input or output delay  
An output delay is missing on udp_rx_axis_tdata[38] relative to the rising and/or falling clock edge(s) of rx_axis_aclk.
Related violations: <none>

TIMING-18#404 Warning
Missing input or output delay  
An output delay is missing on udp_rx_axis_tdata[39] relative to the rising and/or falling clock edge(s) of rx_axis_aclk.
Related violations: <none>

TIMING-18#405 Warning
Missing input or output delay  
An output delay is missing on udp_rx_axis_tdata[3] relative to the rising and/or falling clock edge(s) of rx_axis_aclk.
Related violations: <none>

TIMING-18#406 Warning
Missing input or output delay  
An output delay is missing on udp_rx_axis_tdata[40] relative to the rising and/or falling clock edge(s) of rx_axis_aclk.
Related violations: <none>

TIMING-18#407 Warning
Missing input or output delay  
An output delay is missing on udp_rx_axis_tdata[41] relative to the rising and/or falling clock edge(s) of rx_axis_aclk.
Related violations: <none>

TIMING-18#408 Warning
Missing input or output delay  
An output delay is missing on udp_rx_axis_tdata[42] relative to the rising and/or falling clock edge(s) of rx_axis_aclk.
Related violations: <none>

TIMING-18#409 Warning
Missing input or output delay  
An output delay is missing on udp_rx_axis_tdata[43] relative to the rising and/or falling clock edge(s) of rx_axis_aclk.
Related violations: <none>

TIMING-18#410 Warning
Missing input or output delay  
An output delay is missing on udp_rx_axis_tdata[44] relative to the rising and/or falling clock edge(s) of rx_axis_aclk.
Related violations: <none>

TIMING-18#411 Warning
Missing input or output delay  
An output delay is missing on udp_rx_axis_tdata[45] relative to the rising and/or falling clock edge(s) of rx_axis_aclk.
Related violations: <none>

TIMING-18#412 Warning
Missing input or output delay  
An output delay is missing on udp_rx_axis_tdata[46] relative to the rising and/or falling clock edge(s) of rx_axis_aclk.
Related violations: <none>

TIMING-18#413 Warning
Missing input or output delay  
An output delay is missing on udp_rx_axis_tdata[47] relative to the rising and/or falling clock edge(s) of rx_axis_aclk.
Related violations: <none>

TIMING-18#414 Warning
Missing input or output delay  
An output delay is missing on udp_rx_axis_tdata[48] relative to the rising and/or falling clock edge(s) of rx_axis_aclk.
Related violations: <none>

TIMING-18#415 Warning
Missing input or output delay  
An output delay is missing on udp_rx_axis_tdata[49] relative to the rising and/or falling clock edge(s) of rx_axis_aclk.
Related violations: <none>

TIMING-18#416 Warning
Missing input or output delay  
An output delay is missing on udp_rx_axis_tdata[4] relative to the rising and/or falling clock edge(s) of rx_axis_aclk.
Related violations: <none>

TIMING-18#417 Warning
Missing input or output delay  
An output delay is missing on udp_rx_axis_tdata[50] relative to the rising and/or falling clock edge(s) of rx_axis_aclk.
Related violations: <none>

TIMING-18#418 Warning
Missing input or output delay  
An output delay is missing on udp_rx_axis_tdata[51] relative to the rising and/or falling clock edge(s) of rx_axis_aclk.
Related violations: <none>

TIMING-18#419 Warning
Missing input or output delay  
An output delay is missing on udp_rx_axis_tdata[52] relative to the rising and/or falling clock edge(s) of rx_axis_aclk.
Related violations: <none>

TIMING-18#420 Warning
Missing input or output delay  
An output delay is missing on udp_rx_axis_tdata[53] relative to the rising and/or falling clock edge(s) of rx_axis_aclk.
Related violations: <none>

TIMING-18#421 Warning
Missing input or output delay  
An output delay is missing on udp_rx_axis_tdata[54] relative to the rising and/or falling clock edge(s) of rx_axis_aclk.
Related violations: <none>

TIMING-18#422 Warning
Missing input or output delay  
An output delay is missing on udp_rx_axis_tdata[55] relative to the rising and/or falling clock edge(s) of rx_axis_aclk.
Related violations: <none>

TIMING-18#423 Warning
Missing input or output delay  
An output delay is missing on udp_rx_axis_tdata[56] relative to the rising and/or falling clock edge(s) of rx_axis_aclk.
Related violations: <none>

TIMING-18#424 Warning
Missing input or output delay  
An output delay is missing on udp_rx_axis_tdata[57] relative to the rising and/or falling clock edge(s) of rx_axis_aclk.
Related violations: <none>

TIMING-18#425 Warning
Missing input or output delay  
An output delay is missing on udp_rx_axis_tdata[58] relative to the rising and/or falling clock edge(s) of rx_axis_aclk.
Related violations: <none>

TIMING-18#426 Warning
Missing input or output delay  
An output delay is missing on udp_rx_axis_tdata[59] relative to the rising and/or falling clock edge(s) of rx_axis_aclk.
Related violations: <none>

TIMING-18#427 Warning
Missing input or output delay  
An output delay is missing on udp_rx_axis_tdata[5] relative to the rising and/or falling clock edge(s) of rx_axis_aclk.
Related violations: <none>

TIMING-18#428 Warning
Missing input or output delay  
An output delay is missing on udp_rx_axis_tdata[60] relative to the rising and/or falling clock edge(s) of rx_axis_aclk.
Related violations: <none>

TIMING-18#429 Warning
Missing input or output delay  
An output delay is missing on udp_rx_axis_tdata[61] relative to the rising and/or falling clock edge(s) of rx_axis_aclk.
Related violations: <none>

TIMING-18#430 Warning
Missing input or output delay  
An output delay is missing on udp_rx_axis_tdata[62] relative to the rising and/or falling clock edge(s) of rx_axis_aclk.
Related violations: <none>

TIMING-18#431 Warning
Missing input or output delay  
An output delay is missing on udp_rx_axis_tdata[63] relative to the rising and/or falling clock edge(s) of rx_axis_aclk.
Related violations: <none>

TIMING-18#432 Warning
Missing input or output delay  
An output delay is missing on udp_rx_axis_tdata[6] relative to the rising and/or falling clock edge(s) of rx_axis_aclk.
Related violations: <none>

TIMING-18#433 Warning
Missing input or output delay  
An output delay is missing on udp_rx_axis_tdata[7] relative to the rising and/or falling clock edge(s) of rx_axis_aclk.
Related violations: <none>

TIMING-18#434 Warning
Missing input or output delay  
An output delay is missing on udp_rx_axis_tdata[8] relative to the rising and/or falling clock edge(s) of rx_axis_aclk.
Related violations: <none>

TIMING-18#435 Warning
Missing input or output delay  
An output delay is missing on udp_rx_axis_tdata[9] relative to the rising and/or falling clock edge(s) of rx_axis_aclk.
Related violations: <none>

TIMING-18#436 Warning
Missing input or output delay  
An output delay is missing on udp_rx_axis_tkeep[0] relative to the rising and/or falling clock edge(s) of rx_axis_aclk.
Related violations: <none>

TIMING-18#437 Warning
Missing input or output delay  
An output delay is missing on udp_rx_axis_tkeep[1] relative to the rising and/or falling clock edge(s) of rx_axis_aclk.
Related violations: <none>

TIMING-18#438 Warning
Missing input or output delay  
An output delay is missing on udp_rx_axis_tkeep[2] relative to the rising and/or falling clock edge(s) of rx_axis_aclk.
Related violations: <none>

TIMING-18#439 Warning
Missing input or output delay  
An output delay is missing on udp_rx_axis_tkeep[3] relative to the rising and/or falling clock edge(s) of rx_axis_aclk.
Related violations: <none>

TIMING-18#440 Warning
Missing input or output delay  
An output delay is missing on udp_rx_axis_tkeep[4] relative to the rising and/or falling clock edge(s) of rx_axis_aclk.
Related violations: <none>

TIMING-18#441 Warning
Missing input or output delay  
An output delay is missing on udp_rx_axis_tkeep[5] relative to the rising and/or falling clock edge(s) of rx_axis_aclk.
Related violations: <none>

TIMING-18#442 Warning
Missing input or output delay  
An output delay is missing on udp_rx_axis_tkeep[6] relative to the rising and/or falling clock edge(s) of rx_axis_aclk.
Related violations: <none>

TIMING-18#443 Warning
Missing input or output delay  
An output delay is missing on udp_rx_axis_tkeep[7] relative to the rising and/or falling clock edge(s) of rx_axis_aclk.
Related violations: <none>

TIMING-18#444 Warning
Missing input or output delay  
An output delay is missing on udp_rx_axis_tlast relative to the rising and/or falling clock edge(s) of rx_axis_aclk.
Related violations: <none>

TIMING-18#445 Warning
Missing input or output delay  
An output delay is missing on udp_rx_axis_tvalid relative to the rising and/or falling clock edge(s) of rx_axis_aclk.
Related violations: <none>

TIMING-18#446 Warning
Missing input or output delay  
An output delay is missing on udp_tx_axis_tready relative to the rising and/or falling clock edge(s) of rx_axis_aclk.
Related violations: <none>


